****                   ADMIXTURE Version 1.3.0                  ****
****                    Copyright 2008-2015                     ****
****           David Alexander, Suyash Shringarpure,            ****
****                John  Novembre, Ken Lange                   ****
****                                                            ****
****                 Please cite our paper!                     ****
****   Information at www.genetics.ucla.edu/software/admixture  ****

Cross-validation will be performed.  Folds=5.
Random seed: 43
Point estimation method: Block relaxation algorithm
Convergence acceleration algorithm: QuasiNewton, 3 secant conditions
Point estimation will terminate when objective function delta < 0.0001
Estimation of standard errors disabled; will compute point estimates only.
Size of G: 218x141600
Performing five EM steps to prime main algorithm
1 (EM) 	Elapsed: 4.278	Loglikelihood: -6.92643e+06	(delta): 4.05034e+07
2 (EM) 	Elapsed: 4.24	Loglikelihood: -6.37792e+06	(delta): 548517
3 (EM) 	Elapsed: 4.233	Loglikelihood: -6.30168e+06	(delta): 76238.8
4 (EM) 	Elapsed: 4.193	Loglikelihood: -6.26168e+06	(delta): 39996.8
5 (EM) 	Elapsed: 4.216	Loglikelihood: -6.23581e+06	(delta): 25876.7
Initial loglikelihood: -6.23581e+06
Starting main algorithm
1 (QN/Block) 	Elapsed: 9.618	Loglikelihood: -6.14424e+06	(delta): 91565.8
2 (QN/Block) 	Elapsed: 9.308	Loglikelihood: -6.11987e+06	(delta): 24370.9
3 (QN/Block) 	Elapsed: 10.01	Loglikelihood: -6.10669e+06	(delta): 13178.4
4 (QN/Block) 	Elapsed: 10.167	Loglikelihood: -6.1015e+06	(delta): 5189.49
5 (QN/Block) 	Elapsed: 9.926	Loglikelihood: -6.09957e+06	(delta): 1932.02
6 (QN/Block) 	Elapsed: 9.891	Loglikelihood: -6.09871e+06	(delta): 863.11
7 (QN/Block) 	Elapsed: 9.561	Loglikelihood: -6.09847e+06	(delta): 231.431
8 (QN/Block) 	Elapsed: 9.576	Loglikelihood: -6.09838e+06	(delta): 92.1663
9 (QN/Block) 	Elapsed: 9.593	Loglikelihood: -6.09834e+06	(delta): 38.839
10 (QN/Block) 	Elapsed: 10.505	Loglikelihood: -6.0983e+06	(delta): 41.9224
11 (QN/Block) 	Elapsed: 10.466	Loglikelihood: -6.09824e+06	(delta): 63.3064
12 (QN/Block) 	Elapsed: 10.707	Loglikelihood: -6.09821e+06	(delta): 24.0469
13 (QN/Block) 	Elapsed: 10.588	Loglikelihood: -6.09821e+06	(delta): 0.636883
14 (QN/Block) 	Elapsed: 10.088	Loglikelihood: -6.09821e+06	(delta): 0.00041579
15 (QN/Block) 	Elapsed: 9.601	Loglikelihood: -6.09821e+06	(delta): 9.05618e-06
Summary: 
Converged in 15 iterations (178.28 sec)
Loglikelihood: -6098213.661833
Fst divergences between estimated populations: 
	Pop0	Pop1	Pop2	
Pop0	
Pop1	0.008	
Pop2	0.009	0.008	
Pop3	0.009	0.008	0.009	
CV error (K=4): 0.15805
Writing output files.
