****                   ADMIXTURE Version 1.3.0                  ****
****                    Copyright 2008-2015                     ****
****           David Alexander, Suyash Shringarpure,            ****
****                John  Novembre, Ken Lange                   ****
****                                                            ****
****                 Please cite our paper!                     ****
****   Information at www.genetics.ucla.edu/software/admixture  ****

Cross-validation will be performed.  Folds=5.
Random seed: 43
Point estimation method: Block relaxation algorithm
Convergence acceleration algorithm: QuasiNewton, 3 secant conditions
Point estimation will terminate when objective function delta < 0.0001
Estimation of standard errors disabled; will compute point estimates only.
Size of G: 218x141600
Performing five EM steps to prime main algorithm
1 (EM) 	Elapsed: 1.635	Loglikelihood: -6.3255e+06	(delta): 5.46669e+07
2 (EM) 	Elapsed: 1.594	Loglikelihood: -6.3255e+06	(delta): 0
3 (EM) 	Elapsed: 1.629	Loglikelihood: -6.3255e+06	(delta): 0
4 (EM) 	Elapsed: 1.614	Loglikelihood: -6.3255e+06	(delta): 0
5 (EM) 	Elapsed: 1.605	Loglikelihood: -6.3255e+06	(delta): 0
Initial loglikelihood: -6.3255e+06
Starting main algorithm
1 (QN/Block) 	Elapsed: 4.136	Loglikelihood: -6.3255e+06	(delta): 0
Summary: 
Converged in 1 iterations (14.22 sec)
Loglikelihood: -6325502.980597
CV error (K=1): 0.13138
Writing output files.
