****                   ADMIXTURE Version 1.3.0                  ****
****                    Copyright 2008-2015                     ****
****           David Alexander, Suyash Shringarpure,            ****
****                John  Novembre, Ken Lange                   ****
****                                                            ****
****                 Please cite our paper!                     ****
****   Information at www.genetics.ucla.edu/software/admixture  ****

Cross-validation will be performed.  Folds=5.
Random seed: 43
Point estimation method: Block relaxation algorithm
Convergence acceleration algorithm: QuasiNewton, 3 secant conditions
Point estimation will terminate when objective function delta < 0.0001
Estimation of standard errors disabled; will compute point estimates only.
Size of G: 218x141600
Performing five EM steps to prime main algorithm
1 (EM) 	Elapsed: 2.374	Loglikelihood: -6.62244e+06	(delta): 4.60132e+07
2 (EM) 	Elapsed: 2.395	Loglikelihood: -6.34572e+06	(delta): 276716
3 (EM) 	Elapsed: 2.39	Loglikelihood: -6.29867e+06	(delta): 47050.2
4 (EM) 	Elapsed: 2.331	Loglikelihood: -6.27748e+06	(delta): 21190.8
5 (EM) 	Elapsed: 2.397	Loglikelihood: -6.26765e+06	(delta): 9827.26
Initial loglikelihood: -6.26765e+06
Starting main algorithm
1 (QN/Block) 	Elapsed: 6.098	Loglikelihood: -6.24897e+06	(delta): 18680.9
2 (QN/Block) 	Elapsed: 6.171	Loglikelihood: -6.24382e+06	(delta): 5150.64
3 (QN/Block) 	Elapsed: 6.612	Loglikelihood: -6.24113e+06	(delta): 2690.27
4 (QN/Block) 	Elapsed: 6.695	Loglikelihood: -6.23961e+06	(delta): 1523.43
5 (QN/Block) 	Elapsed: 6.171	Loglikelihood: -6.23904e+06	(delta): 565.731
6 (QN/Block) 	Elapsed: 6.948	Loglikelihood: -6.23881e+06	(delta): 233.476
7 (QN/Block) 	Elapsed: 6.15	Loglikelihood: -6.23873e+06	(delta): 73.0868
8 (QN/Block) 	Elapsed: 6.909	Loglikelihood: -6.23872e+06	(delta): 12.4746
9 (QN/Block) 	Elapsed: 6.995	Loglikelihood: -6.23871e+06	(delta): 11.5879
10 (QN/Block) 	Elapsed: 6.823	Loglikelihood: -6.23868e+06	(delta): 27.6984
11 (QN/Block) 	Elapsed: 6.827	Loglikelihood: -6.23868e+06	(delta): 6.47349
12 (QN/Block) 	Elapsed: 6.872	Loglikelihood: -6.23867e+06	(delta): 4.96476
13 (QN/Block) 	Elapsed: 6.855	Loglikelihood: -6.23865e+06	(delta): 15.5531
14 (QN/Block) 	Elapsed: 6.804	Loglikelihood: -6.2386e+06	(delta): 51.3613
15 (QN/Block) 	Elapsed: 6.855	Loglikelihood: -6.23859e+06	(delta): 15.1688
16 (QN/Block) 	Elapsed: 6.768	Loglikelihood: -6.23858e+06	(delta): 7.82324
17 (QN/Block) 	Elapsed: 6.796	Loglikelihood: -6.23856e+06	(delta): 17.8538
18 (QN/Block) 	Elapsed: 6.803	Loglikelihood: -6.23856e+06	(delta): 1.51302
19 (QN/Block) 	Elapsed: 6.354	Loglikelihood: -6.23856e+06	(delta): 0.0105336
20 (QN/Block) 	Elapsed: 6.138	Loglikelihood: -6.23856e+06	(delta): 7.30157e-07
Summary: 
Converged in 20 iterations (151.568 sec)
Loglikelihood: -6238561.240540
Fst divergences between estimated populations: 
	Pop0	
Pop0	
Pop1	0.004	
CV error (K=2): 0.14154
Writing output files.
