****                   ADMIXTURE Version 1.3.0                  ****
****                    Copyright 2008-2015                     ****
****           David Alexander, Suyash Shringarpure,            ****
****                John  Novembre, Ken Lange                   ****
****                                                            ****
****                 Please cite our paper!                     ****
****   Information at www.genetics.ucla.edu/software/admixture  ****

Cross-validation will be performed.  Folds=5.
Random seed: 43
Point estimation method: Block relaxation algorithm
Convergence acceleration algorithm: QuasiNewton, 3 secant conditions
Point estimation will terminate when objective function delta < 0.0001
Estimation of standard errors disabled; will compute point estimates only.
Size of G: 218x141600
Performing five EM steps to prime main algorithm
1 (EM) 	Elapsed: 3.18	Loglikelihood: -6.812e+06	(delta): 4.24799e+07
2 (EM) 	Elapsed: 3.168	Loglikelihood: -6.36656e+06	(delta): 445437
3 (EM) 	Elapsed: 3.078	Loglikelihood: -6.29971e+06	(delta): 66848.1
4 (EM) 	Elapsed: 3.019	Loglikelihood: -6.26503e+06	(delta): 34686.9
5 (EM) 	Elapsed: 3.12	Loglikelihood: -6.24464e+06	(delta): 20388.4
Initial loglikelihood: -6.24464e+06
Starting main algorithm
1 (QN/Block) 	Elapsed: 7.776	Loglikelihood: -6.19118e+06	(delta): 53455
2 (QN/Block) 	Elapsed: 7.786	Loglikelihood: -6.17644e+06	(delta): 14745.5
3 (QN/Block) 	Elapsed: 8.385	Loglikelihood: -6.1685e+06	(delta): 7936.22
4 (QN/Block) 	Elapsed: 8.636	Loglikelihood: -6.16398e+06	(delta): 4518.6
5 (QN/Block) 	Elapsed: 8.602	Loglikelihood: -6.16146e+06	(delta): 2526.38
6 (QN/Block) 	Elapsed: 8.574	Loglikelihood: -6.15938e+06	(delta): 2076.87
7 (QN/Block) 	Elapsed: 8.589	Loglikelihood: -6.15798e+06	(delta): 1402.71
8 (QN/Block) 	Elapsed: 8.344	Loglikelihood: -6.15709e+06	(delta): 883.087
9 (QN/Block) 	Elapsed: 8.597	Loglikelihood: -6.15643e+06	(delta): 665.424
10 (QN/Block) 	Elapsed: 8.805	Loglikelihood: -6.15576e+06	(delta): 666.04
11 (QN/Block) 	Elapsed: 8.576	Loglikelihood: -6.15481e+06	(delta): 950.811
12 (QN/Block) 	Elapsed: 8.655	Loglikelihood: -6.15401e+06	(delta): 796.471
13 (QN/Block) 	Elapsed: 9.115	Loglikelihood: -6.15215e+06	(delta): 1862.67
14 (QN/Block) 	Elapsed: 8.403	Loglikelihood: -6.14947e+06	(delta): 2678.54
15 (QN/Block) 	Elapsed: 8.869	Loglikelihood: -6.14659e+06	(delta): 2879.62
16 (QN/Block) 	Elapsed: 8.571	Loglikelihood: -6.1441e+06	(delta): 2490.79
17 (QN/Block) 	Elapsed: 8.588	Loglikelihood: -6.14191e+06	(delta): 2193.36
18 (QN/Block) 	Elapsed: 8.833	Loglikelihood: -6.14051e+06	(delta): 1402.46
19 (QN/Block) 	Elapsed: 8.629	Loglikelihood: -6.1392e+06	(delta): 1303.31
20 (QN/Block) 	Elapsed: 8.609	Loglikelihood: -6.13842e+06	(delta): 784.271
21 (QN/Block) 	Elapsed: 8.858	Loglikelihood: -6.13788e+06	(delta): 539.685
22 (QN/Block) 	Elapsed: 8.553	Loglikelihood: -6.13748e+06	(delta): 402.889
23 (QN/Block) 	Elapsed: 9.112	Loglikelihood: -6.13735e+06	(delta): 123.405
24 (QN/Block) 	Elapsed: 8.888	Loglikelihood: -6.13733e+06	(delta): 22.4241
25 (QN/Block) 	Elapsed: 9.215	Loglikelihood: -6.13731e+06	(delta): 16.1705
26 (QN/Block) 	Elapsed: 9.26	Loglikelihood: -6.1373e+06	(delta): 14.2652
27 (QN/Block) 	Elapsed: 8.931	Loglikelihood: -6.1373e+06	(delta): 4.2441
28 (QN/Block) 	Elapsed: 9.178	Loglikelihood: -6.13729e+06	(delta): 2.32996
29 (QN/Block) 	Elapsed: 9.192	Loglikelihood: -6.13729e+06	(delta): 2.68688
30 (QN/Block) 	Elapsed: 9.234	Loglikelihood: -6.13728e+06	(delta): 6.90905
31 (QN/Block) 	Elapsed: 9.196	Loglikelihood: -6.13727e+06	(delta): 12.7569
32 (QN/Block) 	Elapsed: 8.578	Loglikelihood: -6.13727e+06	(delta): 0.506601
33 (QN/Block) 	Elapsed: 8.587	Loglikelihood: -6.13727e+06	(delta): 0.0656293
34 (QN/Block) 	Elapsed: 8.591	Loglikelihood: -6.13727e+06	(delta): 0.0204346
35 (QN/Block) 	Elapsed: 8.32	Loglikelihood: -6.13727e+06	(delta): 0.00183295
36 (QN/Block) 	Elapsed: 8.217	Loglikelihood: -6.13727e+06	(delta): 2.97688e-05
Summary: 
Converged in 36 iterations (340.726 sec)
Loglikelihood: -6137270.700419
Fst divergences between estimated populations: 
	Pop0	Pop1	
Pop0	
Pop1	0.013	
Pop2	0.013	0.006	
CV error (K=3): 0.14649
Writing output files.
