****                   ADMIXTURE Version 1.3.0                  ****
****                    Copyright 2008-2015                     ****
****           David Alexander, Suyash Shringarpure,            ****
****                John  Novembre, Ken Lange                   ****
****                                                            ****
****                 Please cite our paper!                     ****
****   Information at www.genetics.ucla.edu/software/admixture  ****

Cross-validation will be performed.  Folds=5.
Random seed: 43
Point estimation method: Block relaxation algorithm
Convergence acceleration algorithm: QuasiNewton, 3 secant conditions
Point estimation will terminate when objective function delta < 0.0001
Estimation of standard errors disabled; will compute point estimates only.
Size of G: 373x35774
Performing five EM steps to prime main algorithm
1 (EM) 	Elapsed: 0.783	Loglikelihood: -2.53514e+06	(delta): 1.99093e+07
2 (EM) 	Elapsed: 1.008	Loglikelihood: -2.44761e+06	(delta): 87522.7
3 (EM) 	Elapsed: 0.947	Loglikelihood: -2.42594e+06	(delta): 21675.1
4 (EM) 	Elapsed: 0.946	Loglikelihood: -2.41576e+06	(delta): 10172.8
5 (EM) 	Elapsed: 1.012	Loglikelihood: -2.41091e+06	(delta): 4859.44
Initial loglikelihood: -2.41091e+06
Starting main algorithm
1 (QN/Block) 	Elapsed: 2.401	Loglikelihood: -2.21282e+06	(delta): 198083
2 (QN/Block) 	Elapsed: 2.422	Loglikelihood: -2.16459e+06	(delta): 48232.3
3 (QN/Block) 	Elapsed: 2.806	Loglikelihood: -2.12297e+06	(delta): 41616.1
4 (QN/Block) 	Elapsed: 2.38	Loglikelihood: -2.10815e+06	(delta): 14819.1
5 (QN/Block) 	Elapsed: 3.002	Loglikelihood: -2.10491e+06	(delta): 3246.13
6 (QN/Block) 	Elapsed: 2.473	Loglikelihood: -2.10458e+06	(delta): 328.747
7 (QN/Block) 	Elapsed: 3.023	Loglikelihood: -2.10454e+06	(delta): 43.2313
8 (QN/Block) 	Elapsed: 2.782	Loglikelihood: -2.10453e+06	(delta): 4.21887
9 (QN/Block) 	Elapsed: 2.994	Loglikelihood: -2.10453e+06	(delta): 0.233768
10 (QN/Block) 	Elapsed: 2.674	Loglikelihood: -2.10453e+06	(delta): 0.0213321
11 (QN/Block) 	Elapsed: 2.152	Loglikelihood: -2.10453e+06	(delta): 0.00972191
12 (QN/Block) 	Elapsed: 2.46	Loglikelihood: -2.10453e+06	(delta): 0.00274527
13 (QN/Block) 	Elapsed: 2.445	Loglikelihood: -2.10453e+06	(delta): 0.000644657
14 (QN/Block) 	Elapsed: 2.243	Loglikelihood: -2.10453e+06	(delta): 0.000330848
15 (QN/Block) 	Elapsed: 2.327	Loglikelihood: -2.10453e+06	(delta): 9.80701e-05
Summary: 
Converged in 15 iterations (45.86 sec)
Loglikelihood: -2104531.953374
Fst divergences between estimated populations: 
	Pop0	
Pop0	
Pop1	0.220	
CV error (K=2): 0.08841
Writing output files.
