****                   ADMIXTURE Version 1.3.0                  ****
****                    Copyright 2008-2015                     ****
****           David Alexander, Suyash Shringarpure,            ****
****                John  Novembre, Ken Lange                   ****
****                                                            ****
****                 Please cite our paper!                     ****
****   Information at www.genetics.ucla.edu/software/admixture  ****

Cross-validation will be performed.  Folds=5.
Random seed: 43
Point estimation method: Block relaxation algorithm
Convergence acceleration algorithm: QuasiNewton, 3 secant conditions
Point estimation will terminate when objective function delta < 0.0001
Estimation of standard errors disabled; will compute point estimates only.
Size of G: 373x35774
Performing five EM steps to prime main algorithm
1 (EM) 	Elapsed: 3.088	Loglikelihood: -2.60797e+06	(delta): 1.68392e+07
2 (EM) 	Elapsed: 3.016	Loglikelihood: -2.45372e+06	(delta): 154250
3 (EM) 	Elapsed: 3.034	Loglikelihood: -2.43415e+06	(delta): 19571.5
4 (EM) 	Elapsed: 3.073	Loglikelihood: -2.42241e+06	(delta): 11733.4
5 (EM) 	Elapsed: 3.04	Loglikelihood: -2.41362e+06	(delta): 8796.39
Initial loglikelihood: -2.41362e+06
Starting main algorithm
1 (QN/Block) 	Elapsed: 6.78	Loglikelihood: -2.15925e+06	(delta): 254369
2 (QN/Block) 	Elapsed: 7.11	Loglikelihood: -2.1023e+06	(delta): 56952.9
3 (QN/Block) 	Elapsed: 7.834	Loglikelihood: -2.07077e+06	(delta): 31522.4
4 (QN/Block) 	Elapsed: 8.03	Loglikelihood: -2.05764e+06	(delta): 13132
5 (QN/Block) 	Elapsed: 7.762	Loglikelihood: -2.05031e+06	(delta): 7334.51
6 (QN/Block) 	Elapsed: 7.366	Loglikelihood: -2.04698e+06	(delta): 3326.36
7 (QN/Block) 	Elapsed: 7.664	Loglikelihood: -2.04595e+06	(delta): 1029.98
8 (QN/Block) 	Elapsed: 8.044	Loglikelihood: -2.04532e+06	(delta): 635.578
9 (QN/Block) 	Elapsed: 7.951	Loglikelihood: -2.04481e+06	(delta): 507.894
10 (QN/Block) 	Elapsed: 7.895	Loglikelihood: -2.04466e+06	(delta): 151.97
11 (QN/Block) 	Elapsed: 7.19	Loglikelihood: -2.0446e+06	(delta): 51.3341
12 (QN/Block) 	Elapsed: 7.23	Loglikelihood: -2.04457e+06	(delta): 33.5773
13 (QN/Block) 	Elapsed: 7.752	Loglikelihood: -2.04456e+06	(delta): 11.8895
14 (QN/Block) 	Elapsed: 7.957	Loglikelihood: -2.04456e+06	(delta): 1.05367
15 (QN/Block) 	Elapsed: 7.128	Loglikelihood: -2.04456e+06	(delta): 1.55468
16 (QN/Block) 	Elapsed: 7.997	Loglikelihood: -2.04456e+06	(delta): 0.065696
17 (QN/Block) 	Elapsed: 8.418	Loglikelihood: -2.04456e+06	(delta): 0.0086734
18 (QN/Block) 	Elapsed: 8.159	Loglikelihood: -2.04456e+06	(delta): 0.00948592
19 (QN/Block) 	Elapsed: 7.981	Loglikelihood: -2.04456e+06	(delta): 0.0115937
20 (QN/Block) 	Elapsed: 7.596	Loglikelihood: -2.04456e+06	(delta): 0.0136553
21 (QN/Block) 	Elapsed: 7.968	Loglikelihood: -2.04456e+06	(delta): 0.0108473
22 (QN/Block) 	Elapsed: 7.995	Loglikelihood: -2.04456e+06	(delta): 0.0079238
23 (QN/Block) 	Elapsed: 8.146	Loglikelihood: -2.04456e+06	(delta): 0.00597682
24 (QN/Block) 	Elapsed: 7.903	Loglikelihood: -2.04456e+06	(delta): 0.00458358
25 (QN/Block) 	Elapsed: 7.784	Loglikelihood: -2.04456e+06	(delta): 0.00357612
26 (QN/Block) 	Elapsed: 7.663	Loglikelihood: -2.04456e+06	(delta): 0.00283589
27 (QN/Block) 	Elapsed: 8.253	Loglikelihood: -2.04456e+06	(delta): 0.00228196
28 (QN/Block) 	Elapsed: 8.221	Loglikelihood: -2.04456e+06	(delta): 0.00136008
29 (QN/Block) 	Elapsed: 7.883	Loglikelihood: -2.04456e+06	(delta): 0.000480813
30 (QN/Block) 	Elapsed: 7.667	Loglikelihood: -2.04456e+06	(delta): 0.00181568
31 (QN/Block) 	Elapsed: 7.559	Loglikelihood: -2.04456e+06	(delta): 0.000438104
32 (QN/Block) 	Elapsed: 7.795	Loglikelihood: -2.04456e+06	(delta): 0.00014225
33 (QN/Block) 	Elapsed: 7.304	Loglikelihood: -2.04456e+06	(delta): 0.000815652
34 (QN/Block) 	Elapsed: 8.384	Loglikelihood: -2.04456e+06	(delta): 0.000227038
35 (QN/Block) 	Elapsed: 7.719	Loglikelihood: -2.04456e+06	(delta): 0.000206068
36 (QN/Block) 	Elapsed: 7.875	Loglikelihood: -2.04456e+06	(delta): 0.00020742
37 (QN/Block) 	Elapsed: 7.925	Loglikelihood: -2.04456e+06	(delta): 0.000114696
38 (QN/Block) 	Elapsed: 7.699	Loglikelihood: -2.04456e+06	(delta): 6.37642e-05
Summary: 
Converged in 38 iterations (319.418 sec)
Loglikelihood: -2044555.860735
Fst divergences between estimated populations: 
	Pop0	Pop1	Pop2	Pop3	Pop4	Pop5	
Pop0	
Pop1	0.216	
Pop2	0.009	0.222	
Pop3	0.219	0.010	0.225	
Pop4	0.009	0.217	0.010	0.221	
Pop5	0.009	0.224	0.008	0.227	0.009	
Pop6	0.008	0.224	0.008	0.228	0.008	0.007	
CV error (K=7): 0.09724
Writing output files.
