****                   ADMIXTURE Version 1.3.0                  ****
****                    Copyright 2008-2015                     ****
****           David Alexander, Suyash Shringarpure,            ****
****                John  Novembre, Ken Lange                   ****
****                                                            ****
****                 Please cite our paper!                     ****
****   Information at www.genetics.ucla.edu/software/admixture  ****

Cross-validation will be performed.  Folds=5.
Random seed: 43
Point estimation method: Block relaxation algorithm
Convergence acceleration algorithm: QuasiNewton, 3 secant conditions
Point estimation will terminate when objective function delta < 0.0001
Estimation of standard errors disabled; will compute point estimates only.
Size of G: 373x35774
Performing five EM steps to prime main algorithm
1 (EM) 	Elapsed: 0.423	Loglikelihood: -2.42451e+06	(delta): 2.37851e+07
2 (EM) 	Elapsed: 0.442	Loglikelihood: -2.42451e+06	(delta): 0
3 (EM) 	Elapsed: 0.496	Loglikelihood: -2.42451e+06	(delta): 0
4 (EM) 	Elapsed: 0.516	Loglikelihood: -2.42451e+06	(delta): 0
5 (EM) 	Elapsed: 0.496	Loglikelihood: -2.42451e+06	(delta): 0
Initial loglikelihood: -2.42451e+06
Starting main algorithm
1 (QN/Block) 	Elapsed: 1.549	Loglikelihood: -2.42451e+06	(delta): 0
Summary: 
Converged in 1 iterations (4.804 sec)
Loglikelihood: -2424506.347691
CV error (K=1): 0.11072
Writing output files.
