---- Running command
---- ./polyDFE -d output/tetraploid/polydfe/pendula_pubescens/spectra/sfs.txt -m A -i resources/polydfe/init_model_A.txt 2 -v 100 
---- Performing inference using model A

---- Performing inference on output/tetraploid/polydfe/pendula_pubescens/spectra/sfs.txt
----      with -i resources/polydfe/init_model_A.txt 2
---- Data output/tetraploid/polydfe/pendula_pubescens/spectra/sfs.txt does not contain divergence counts. Using option -w.
---- No mutation variability. Using Poisson likelihood.


---- Using provided initial values

-- Starting local optimization
-- Optimizing all parameters
  it     theta_bar         S_bar             b           r 2           r 3           r 4           r 5           r 6           r 7           r 8           r 9          r 10          r 11          r 12          r 13          r 14          r 15          r 16          r 17          r 18          r 19           ln lk          grad status 
   0          0.01           -40           0.5             1             1             1             1             1             1             1             1             1             1             1             1             1             1             1             1             1             1 -2127.058052736 28.1147516084   -2 
 100 0.02185837864 -64691.525641 0.13524874425 0.67790852108 0.56446105885 0.47395277287 0.40550878515 0.36380915613 0.32806990710 0.32118566829 0.31399479756 0.32034303407 0.33524355720 0.35430544274 0.38218631680 0.41801822960 0.45979651196 0.48687630044 0.46351557707 0.37537630704 0.26024338768 -159.5996500772 0.63604784826   -2 
 200 0.02190569082 -89085.661464 0.13121993587 0.68016805362 0.56023434745 0.47751702136 0.40696829765 0.36150694668 0.33281193238 0.31719884801 0.31624667702 0.32113218882 0.32842608284 0.34629577682 0.37506407496 0.41155253167 0.45347358898 0.48325279824 0.46486644204 0.38399216179 0.24784927770 -156.9285938664 0.12344474871   -2 
 300 0.02192114492 -94564.760726 0.13043350841 0.67994582964 0.56005552001 0.47467365152 0.40695343647 0.35886904218 0.33105676054 0.31757429317 0.31562742430 0.31944124760 0.32994172999 0.34633937361 0.37410681747 0.41006674379 0.45143187189 0.48001766051 0.46559732105 0.38715028213 0.24717422921 -156.5254234804 0.01508505176   -2 
 400 0.02192920440 -99181.325353 0.12980008083 0.67954697114 0.56008948256 0.47428668559 0.40670496894 0.35855937473 0.33097072558 0.31741500375 0.31533891558 0.31910195544 0.32942846170 0.34625052216 0.37384569419 0.40967446789 0.45099745502 0.47923195931 0.46515171872 0.38666326368 0.24652226499 -156.2569118227 0.00889398733   -2 
 500 0.02193030873 -99407.324802 0.12978238400 0.67966264215 0.56032198877 0.47444755700 0.40670076984 0.35843204939 0.33100049856 0.31734219310 0.31525309131 0.31896596822 0.32967065011 0.34655160317 0.37384138204 0.41006167030 0.45103999965 0.48019109267 0.46389707737 0.38673531708 0.24775618573 -156.2482632200 0.02402097292   -2 
 580 0.02193105563 -99993.513157 0.12969483964 0.67950354248 0.56002350586 0.47419150547 0.40660875211 0.35870899487 0.33099429265 0.31747023803 0.31531618474 0.31911119762 0.32938524791 0.34625452879 0.37385634274 0.40965991627 0.45098918234 0.47917048597 0.46519225127 0.38653475978 0.24655834214 -156.2115205384 0.00007770933    0 
-- Found new optimum with likelihood -156.211520538411349 and gradient 0.00008

---- Best joint likelihood found -156.211520538411349 with gradient 0.00008

---- Results for output/tetraploid/polydfe/pendula_pubescens/spectra/sfs.txt 
--  Model: A
--        eps_an     theta_bar             a 
--             0 0.02193105563            -1 
--         S_bar             b         S_max 
-- -99993.513157 0.12969483964             0 
--           r 2           r 3           r 4           r 5           r 6           r 7           r 8           r 9          r 10          r 11          r 12          r 13          r 14          r 15          r 16          r 17          r 18          r 19 
-- 0.67950354248 0.56002350586 0.47419150547 0.40660875211 0.35870899487 0.33099429265 0.31747023803 0.31531618474 0.31911119762 0.32938524791 0.34625452879 0.37385634274 0.40965991627 0.45098918234 0.47917048597 0.46519225127 0.38653475978 0.24655834214 

---- Expected P_neut(i), 0 < i < n (neutral SFS per site) 
E[P_neut(1)] = 0.0219310556
E[P_neut(2)] = 0.0074511150
E[P_neut(3)] = 0.0040939689
E[P_neut(4)] = 0.0025998801
E[P_neut(5)] = 0.0017834718
E[P_neut(6)] = 0.0013111445
E[P_neut(7)] = 0.0010370077
E[P_neut(8)] = 0.0008703072
E[P_neut(9)] = 0.0007683574
E[P_neut(10)] = 0.0006998445
E[P_neut(11)] = 0.0006567060
E[P_neut(12)] = 0.0006328106
E[P_neut(13)] = 0.0006306973
E[P_neut(14)] = 0.0006417339
E[P_neut(15)] = 0.0006593779
E[P_neut(16)] = 0.0006567947
E[P_neut(17)] = 0.0006001269
E[P_neut(18)] = 0.0004709509
E[P_neut(19)] = 0.0002845939

---- Expected P_sel(i), 0 < i < n (selected SFS per site) 
E[P_sel(1)] = 0.0061811376
E[P_sel(2)] = 0.0018446847
E[P_sel(3)] = 0.0009543689
E[P_sel(4)] = 0.0005831571
E[P_sel(5)] = 0.0003889260
E[P_sel(6)] = 0.0002796699
E[P_sel(7)] = 0.0002172108
E[P_sel(8)] = 0.0001795038
E[P_sel(9)] = 0.0001563685
E[P_sel(10)] = 0.0001407489
E[P_sel(11)] = 0.0001306806
E[P_sel(12)] = 0.0001247222
E[P_sel(13)] = 0.0001232192
E[P_sel(14)] = 0.0001243654
E[P_sel(15)] = 0.0001268300
E[P_sel(16)] = 0.0001254526
E[P_sel(17)] = 0.0001138799
E[P_sel(18)] = 0.0000888181
E[P_sel(19)] = 0.0000533608

---- alpha_dfe = 0.000000

