---- Running command
---- ./polyDFE -d output/tetraploid/polydfe/pendula_pubescens/spectra/sfs.txt -m A -i resources/polydfe/init_model_A.txt 4 -v 100 
---- Performing inference using model A

---- Performing inference on output/tetraploid/polydfe/pendula_pubescens/spectra/sfs.txt
----      with -i resources/polydfe/init_model_A.txt 4
---- Data output/tetraploid/polydfe/pendula_pubescens/spectra/sfs.txt does not contain divergence counts. Using option -w.
---- No mutation variability. Using Poisson likelihood.


---- Using provided initial values

-- Starting local optimization
-- Optimizing all parameters
  it        eps_an     theta_bar         S_bar             b           r 2           r 3           r 4           r 5           r 6           r 7           r 8           r 9          r 10          r 11          r 12          r 13          r 14          r 15          r 16          r 17          r 18          r 19           ln lk          grad status 
   0          0.05          0.01           -40           0.5             1             1             1             1             1             1             1             1             1             1             1             1             1             1             1             1             1             1 -2617.098359068 29.1552038230   -2 
 100 0.00258922118 0.02189387568 -60612.496566 0.13682731841 0.68526089085 0.56365375031 0.47730056445 0.40226165321 0.35799888438 0.33407310669 0.31599781051 0.32211644767 0.32358431957 0.33007073518 0.34546850445 0.37345454819 0.40968904778 0.45077802460 0.47753082038 0.45869209619 0.38120145619 0.18516209276 -158.5800795684 0.31538277835   -2 
 200 0.00441215282 0.02200598255 -88145.518160 0.13155676696 0.67881384951 0.56046627049 0.47714487597 0.40954323229 0.36060174604 0.33082698710 0.31900621384 0.31426694073 0.31873176148 0.32722971475 0.34524270985 0.37252824133 0.40730011403 0.44695561087 0.47179981415 0.45004841068 0.36014553672 0.14686997671 -155.4816539829 0.13206375656   -2 
 300 0.00808015548 0.02212519258 -96837.148186 0.13040690020 0.68008743448 0.56028129672 0.47410514305 0.40561774977 0.35731093891 0.33006778824 0.31555206129 0.31305756391 0.31708757113 0.32647838429 0.34283800625 0.36913764133 0.40293732962 0.44085075503 0.46292624186 0.43776825921 0.33092886831 0.06089557022 -154.3530736396 0.02981526773   -2 
 378 0.00955082883 0.02216959062 -98606.147447 0.13020130895 0.67947813982 0.55957929153 0.47336288877 0.40545580401 0.35728539762 0.32929742216 0.31547059598 0.31291936112 0.31621011269 0.32582096150 0.34176056712 0.36793782499 0.40144497126 0.43875333523 0.45969141305 0.43160477586 0.31919346232 0.02750870680 -154.2109719408 0.00119599944   -8 
-- Local optimization: reached maximum number of likelihood evaluations allowed.
-- Found new optimum with likelihood -154.210971940863118 and gradient 0.00120

---- Best joint likelihood found -154.210971940863118 with gradient 0.00120

---- Results for output/tetraploid/polydfe/pendula_pubescens/spectra/sfs.txt 
--  Model: A
--        eps_an     theta_bar             a 
-- 0.00955082883 0.02216959062            -1 
--         S_bar             b         S_max 
-- -98606.147447 0.13020130895             0 
--           r 2           r 3           r 4           r 5           r 6           r 7           r 8           r 9          r 10          r 11          r 12          r 13          r 14          r 15          r 16          r 17          r 18          r 19 
-- 0.67947813982 0.55957929153 0.47336288877 0.40545580401 0.35728539762 0.32929742216 0.31547059598 0.31291936112 0.31621011269 0.32582096150 0.34176056712 0.36793782499 0.40144497126 0.43875333523 0.45969141305 0.43160477586 0.31919346232 0.02750870680 

---- Expected P_neut(i), 0 < i < n (neutral SFS per site) 
E[P_neut(1)] = 0.0219581592
E[P_neut(2)] = 0.0074636952
E[P_neut(3)] = 0.0041010956
E[P_neut(4)] = 0.0026045915
E[P_neut(5)] = 0.0017867811
E[P_neut(6)] = 0.0013136082
E[P_neut(7)] = 0.0010389448
E[P_neut(8)] = 0.0008719124
E[P_neut(9)] = 0.0007697203
E[P_neut(10)] = 0.0007010249
E[P_neut(11)] = 0.0006577554
E[P_neut(12)] = 0.0006337103
E[P_neut(13)] = 0.0006314318
E[P_neut(14)] = 0.0006422420
E[P_neut(15)] = 0.0006594421
E[P_neut(16)] = 0.0006559220
E[P_neut(17)] = 0.0005969720
E[P_neut(18)] = 0.0004613136
E[P_neut(19)] = 0.0002435291

---- Expected P_sel(i), 0 < i < n (selected SFS per site) 
E[P_sel(1)] = 0.0061728532
E[P_sel(2)] = 0.0018418272
E[P_sel(3)] = 0.0009525891
E[P_sel(4)] = 0.0005819610
E[P_sel(5)] = 0.0003880773
E[P_sel(6)] = 0.0002790379
E[P_sel(7)] = 0.0002167096
E[P_sel(8)] = 0.0001790891
E[P_sel(9)] = 0.0001560080
E[P_sel(10)] = 0.0001404311
E[P_sel(11)] = 0.0001304019
E[P_sel(12)] = 0.0001244744
E[P_sel(13)] = 0.0001230034
E[P_sel(14)] = 0.0001242019
E[P_sel(15)] = 0.0001267627
E[P_sel(16)] = 0.0001256020
E[P_sel(17)] = 0.0001145224
E[P_sel(18)] = 0.0000908804
E[P_sel(19)] = 0.0000654595

---- alpha_dfe = 0.000000

