---- Running command
---- ./polyDFE -d output/tetraploid/polydfe/pendula_pubescens/spectra/sfs.txt -m A -i resources/polydfe/init_model_A.txt 3 -v 100 
---- Performing inference using model A

---- Performing inference on output/tetraploid/polydfe/pendula_pubescens/spectra/sfs.txt
----      with -i resources/polydfe/init_model_A.txt 3
---- Data output/tetraploid/polydfe/pendula_pubescens/spectra/sfs.txt does not contain divergence counts. Using option -w.
---- No mutation variability. Using Poisson likelihood.


---- Using provided initial values

-- Starting local optimization
-- Optimizing all parameters
  it        eps_an     theta_bar         S_bar             b         S_max           r 2           r 3           r 4           r 5           r 6           r 7           r 8           r 9          r 10          r 11          r 12          r 13          r 14          r 15          r 16          r 17          r 18          r 19           ln lk          grad status 
   0          0.05          0.01           -40           0.5             1             1             1             1             1             1             1             1             1             1             1             1             1             1             1             1             1             1             1 -2903.525292568 26.5646048698   -2 
  27 0.00666564805 0.02002987902 -359.58375170 0.37896056030 1.73893039387 0.75963311691 0.65792657154 0.55978768089 0.47083117483 0.40376589736 0.37859607010 0.37341834674 0.37869719458 0.38769815781 0.40185542313 0.42184832449 0.45256767732 0.49105546117 0.53368609095 0.55788115966 0.53119971743 0.42869529709 0.24980863389 -269.8276219632 6.88709339251   -3 
-- Local optimization: stuck in the same solution
-- Found new optimum with likelihood -269.827621963210163 and gradient 6.88709

---- Best joint likelihood found -269.827621963210163 with gradient 6.88709

---- Results for output/tetraploid/polydfe/pendula_pubescens/spectra/sfs.txt 
--  Model: A
--        eps_an     theta_bar             a 
-- 0.00666564805 0.02002987902            -1 
--         S_bar             b         S_max 
-- -359.58375170 0.37896056030 1.73893039387 
--           r 2           r 3           r 4           r 5           r 6           r 7           r 8           r 9          r 10          r 11          r 12          r 13          r 14          r 15          r 16          r 17          r 18          r 19 
-- 0.75963311691 0.65792657154 0.55978768089 0.47083117483 0.40376589736 0.37859607010 0.37341834674 0.37869719458 0.38769815781 0.40185542313 0.42184832449 0.45256767732 0.49105546117 0.53368609095 0.55788115966 0.53119971743 0.42869529709 0.24980863389 

---- Expected P_neut(i), 0 < i < n (neutral SFS per site) 
E[P_neut(1)] = 0.0198981223
E[P_neut(2)] = 0.0075601494
E[P_neut(3)] = 0.0043676213
E[P_neut(4)] = 0.0027890905
E[P_neut(5)] = 0.0018783162
E[P_neut(6)] = 0.0013435954
E[P_neut(7)] = 0.0010807460
E[P_neut(8)] = 0.0009334020
E[P_neut(9)] = 0.0008420662
E[P_neut(10)] = 0.0007765547
E[P_neut(11)] = 0.0007324781
E[P_neut(12)] = 0.0007056694
E[P_neut(13)] = 0.0006998712
E[P_neut(14)] = 0.0007068574
E[P_neut(15)] = 0.0007204666
E[P_neut(16)] = 0.0007124226
E[P_neut(17)] = 0.0006509830
E[P_neut(18)] = 0.0005245701
E[P_neut(19)] = 0.0003951060

---- Expected P_sel(i), 0 < i < n (selected SFS per site) 
E[P_sel(1)] = 0.0065218941
E[P_sel(2)] = 0.0017835396
E[P_sel(3)] = 0.0008984612
E[P_sel(4)] = 0.0005336163
E[P_sel(5)] = 0.0003444904
E[P_sel(6)] = 0.0002403128
E[P_sel(7)] = 0.0001905871
E[P_sel(8)] = 0.0001635289
E[P_sel(9)] = 0.0001473827
E[P_sel(10)] = 0.0001363651
E[P_sel(11)] = 0.0001294895
E[P_sel(12)] = 0.0001259401
E[P_sel(13)] = 0.0001263948
E[P_sel(14)] = 0.0001294436
E[P_sel(15)] = 0.0001340330
E[P_sel(16)] = 0.0001349187
E[P_sel(17)] = 0.0001259497
E[P_sel(18)] = 0.0001052148
E[P_sel(19)] = 0.0000963407

---- alpha_dfe = 0.871365

