---- Running command
---- ./polyDFE -d output/tetraploid/polydfe/pendula_pubescens/spectra/sfs.txt -m B -i resources/polydfe/init_model_B.txt 2 -v 100 
---- Performing inference using model B

---- Performing inference on output/tetraploid/polydfe/pendula_pubescens/spectra/sfs.txt
----      with -i resources/polydfe/init_model_B.txt 2
---- Data output/tetraploid/polydfe/pendula_pubescens/spectra/sfs.txt does not contain divergence counts. Using option -w.
---- No mutation variability. Using Poisson likelihood.


---- Using provided initial values

-- Starting local optimization
-- Optimizing all parameters
  it     theta_bar           S_d             b           r 2           r 3           r 4           r 5           r 6           r 7           r 8           r 9          r 10          r 11          r 12          r 13          r 14          r 15          r 16          r 17          r 18          r 19           ln lk          grad status 
   0         0.001          -400           0.4             1             1             1             1             1             1             1             1             1             1             1             1             1             1             1             1             1             1 -45447.26958810 260.299612372   -2 
 100 0.02183067861 -53132.554249 0.13930888457 0.68487564613 0.56545220995 0.47978541122 0.41245978122 0.36413999118 0.33189479926 0.32409998888 0.31697843811 0.32108598860 0.33362979857 0.35189148344 0.38008952025 0.41639912667 0.45836909929 0.48674107286 0.47005768892 0.38814002732 0.25823208417 -160.5431547575 0.53689548071   -2 
 200 0.02190833756 -86044.625844 0.13172166427 0.68183158982 0.56073568174 0.47535902303 0.40790724724 0.35846252560 0.33275067096 0.31838083381 0.31607113993 0.31949030247 0.32957556868 0.34700140108 0.37472129577 0.41059828928 0.45207349598 0.48022596095 0.46509535010 0.38795176570 0.24720175544 -157.0904627346 0.13665911023   -2 
 300 0.02192908148 -97207.824585 0.13005958353 0.67948907014 0.55992201695 0.47424937297 0.40689545345 0.35891002098 0.33104020717 0.31757251192 0.31541157758 0.31925858910 0.32962759928 0.34642620762 0.37406759913  0.4099025142 0.45124938684 0.47948944644 0.46525921230 0.38685641474 0.24672056545 -156.3694396572 0.03079679999   -2 
 400 0.02193028584 -99650.543316 0.12973952265 0.67952803008 0.56004408064 0.47421208937 0.40662524450 0.35871335277 0.33100061392 0.31749614346 0.31533359979 0.31912723905 0.32940105202 0.34627484190 0.37387903517 0.40968699373 0.45102035141 0.47920606195 0.46522845083 0.38661995780 0.24659178650 -156.2305525796 0.00081947159   -2 
 500 0.02193357646 -99903.830857 0.12971262277 0.67941855202 0.55994718202 0.47414120946 0.40653436563 0.35852778353 0.33081475790 0.31758501542 0.31521568682 0.31918721164 0.32957480510 0.34619966101 0.37370472740 0.40948199703 0.45073295227 0.47891129356 0.46500903164 0.38636581119 0.24672457948 -156.2169587354 0.00675548300   -2 
 600 0.02193124146 -99988.671486 0.12969537614 0.67945614458 0.56005167415 0.47422728342 0.40668969351 0.35860143204 0.33105953412 0.31756647149 0.31525245719 0.31903633418 0.32925925248 0.34631773127 0.37391631377 0.40972939367 0.45109000765 0.47925094173 0.46521275428 0.38657308232 0.24643759420 -156.2119570719 0.00571015999   -2 
 642 0.02193106700 -99989.725063 0.12969536011 0.67950270812 0.56002111882 0.47419062133 0.40660609597 0.35871090952 0.33099350541 0.31747019197 0.31531645987 0.31911011972 0.32938787354 0.34625501867 0.37385589240 0.40966061579 0.45098857752 0.47917309528 0.46519331611 0.38653766949 0.24656226904 -156.2117301891 0.00007883260    0 
-- Found new optimum with likelihood -156.211730189163575 and gradient 0.00008

---- Best joint likelihood found -156.211730189163575 with gradient 0.00008

---- Results for output/tetraploid/polydfe/pendula_pubescens/spectra/sfs.txt 
--  Model: B
--        eps_an     theta_bar             a 
--             0 0.02193106700            -1 
--           S_d             b           p_b           S_b 
-- -99989.725063 0.12969536011             0             0 
--           r 2           r 3           r 4           r 5           r 6           r 7           r 8           r 9          r 10          r 11          r 12          r 13          r 14          r 15          r 16          r 17          r 18          r 19 
-- 0.67950270812 0.56002111882 0.47419062133 0.40660609597 0.35871090952 0.33099350541 0.31747019197 0.31531645987 0.31911011972 0.32938787354 0.34625501867 0.37385589240 0.40966061579 0.45098857752 0.47917309528 0.46519331611 0.38653766949 0.24656226904 

---- Expected P_neut(i), 0 < i < n (neutral SFS per site) 
E[P_neut(1)] = 0.0219310670
E[P_neut(2)] = 0.0074511097
E[P_neut(3)] = 0.0040939536
E[P_neut(4)] = 0.0025998766
E[P_neut(5)] = 0.0017834611
E[P_neut(6)] = 0.0013111522
E[P_neut(7)] = 0.0010370058
E[P_neut(8)] = 0.0008703075
E[P_neut(9)] = 0.0007683585
E[P_neut(10)] = 0.0006998425
E[P_neut(11)] = 0.0006567116
E[P_neut(12)] = 0.0006328118
E[P_neut(13)] = 0.0006306968
E[P_neut(14)] = 0.0006417353
E[P_neut(15)] = 0.0006593774
E[P_neut(16)] = 0.0006567986
E[P_neut(17)] = 0.0006001286
E[P_neut(18)] = 0.0004709546
E[P_neut(19)] = 0.0002845986

---- Expected P_sel(i), 0 < i < n (selected SFS per site) 
E[P_sel(1)] = 0.0061811433
E[P_sel(2)] = 0.0018446831
E[P_sel(3)] = 0.0009543649
E[P_sel(4)] = 0.0005831560
E[P_sel(5)] = 0.0003889234
E[P_sel(6)] = 0.0002796713
E[P_sel(7)] = 0.0002172102
E[P_sel(8)] = 0.0001795037
E[P_sel(9)] = 0.0001563686
E[P_sel(10)] = 0.0001407483
E[P_sel(11)] = 0.0001306816
E[P_sel(12)] = 0.0001247223
E[P_sel(13)] = 0.0001232189
E[P_sel(14)] = 0.0001243656
E[P_sel(15)] = 0.0001268297
E[P_sel(16)] = 0.0001254532
E[P_sel(17)] = 0.0001138801
E[P_sel(18)] = 0.0000888187
E[P_sel(19)] = 0.0000533616

---- alpha_dfe = 0.000000

