---- Running command
---- ./polyDFE -d output/tetraploid/polydfe/pendula_pubescens/spectra/sfs.txt -m B -i resources/polydfe/init_model_B.txt 4 -v 100 
---- Performing inference using model B

---- Performing inference on output/tetraploid/polydfe/pendula_pubescens/spectra/sfs.txt
----      with -i resources/polydfe/init_model_B.txt 4
---- Data output/tetraploid/polydfe/pendula_pubescens/spectra/sfs.txt does not contain divergence counts. Using option -w.
---- No mutation variability. Using Poisson likelihood.


---- Using provided initial values

-- Starting local optimization
-- Optimizing all parameters
  it        eps_an     theta_bar           S_d             b           r 2           r 3           r 4           r 5           r 6           r 7           r 8           r 9          r 10          r 11          r 12          r 13          r 14          r 15          r 16          r 17          r 18          r 19           ln lk          grad status 
   0          0.05         0.001          -400           0.4             1             1             1             1             1             1             1             1             1             1             1             1             1             1             1             1             1             1 -45955.77147244 259.820828524   -2 
 100 0.00483001240 0.02193548790 -60979.598185 0.13682272927 0.68587171699 0.56291413337 0.47772841305 0.40783656878 0.35810613541 0.33635785394 0.31777627961 0.31978988102 0.32054163767 0.32893703432 0.34567788738 0.37370107974 0.40915949428 0.44914610497 0.47439007653 0.45268342906 0.34990984094 0.13784779201 -157.6846881002 0.25966198459   -2 
 200 0.00737216702 0.02208905611 -89866.038767 0.13140513983 0.67977161296 0.56038553631 0.47432928001 0.40684194961 0.35791164486 0.33158858499 0.31653473324 0.31412324920 0.31619194413 0.32740257421 0.34362989400 0.37016913413 0.40425279512 0.44258017144 0.46535202776 0.44018980337 0.33483815153 0.08287805194 -154.8493802464 0.10055713960   -2 
 300 0.00950065196 0.02216638008 -98772.333915 0.13016136814 0.67927122769 0.55984707183 0.47308366245 0.40543623349 0.35720806625 0.32930405916 0.31565485664 0.31304002788 0.31628216868 0.32575242610 0.34180066280 0.36796850219 0.40150198967 0.43885489838 0.45992122601 0.43228993848 0.32050668946 0.02733800991 -154.2058941804 0.02037714750   -2 
 400 0.00958513497 0.02216843462 -98883.525459 0.13016089727 0.67945159444 0.55968140174 0.47328586650 0.40536005456 0.35729046333 0.32929186595 0.31547870630 0.31270568160 0.31613872103 0.32579741726 0.34172539931 0.36789009240 0.40139819135 0.43869083782 0.45965414096 0.43147777052 0.31899317111 0.02722111119 -154.1970098427 0.02188547054   -2 
 500 0.00949764409 0.02216954997 -99488.964728 0.13007918348 0.67944387495 0.55951611322 0.47329975770 0.40539867722 0.35726338048 0.32922115074 0.31544728088 0.31295053182 0.31620671639 0.32578038281 0.34171059793 0.36788997233 0.40140067017 0.43872183166 0.45972012477 0.43161116658 0.31950786317 0.02896002929 -154.1651240681 0.00251514606   -2 
 600 0.00948413567 0.02216974504 -99954.975312 0.13001769624 0.67945197322 0.55955056096 0.47338004954 0.40540200455 0.35725386339 0.32923968218 0.31544332285 0.31287255672 0.31606325836 0.32575365877 0.34170493624 0.36788072577 0.40139306229 0.43872074987 0.45978506697 0.43163719474 0.31944397223 0.02914733733 -154.1412002991 0.00436699727   -2 
 667 0.00948201329 0.02217014784 -99955.543010 0.13001925719 0.67940970088 0.55952067284 0.47329330820 0.40538536782 0.35721956436 0.32922936821 0.31540573058 0.31286273176 0.31615781033 0.32576250535 0.34171203118 0.36790053608 0.40141362840 0.43874294132 0.45971904425 0.43174221949 0.31962459965 0.02914734938 -154.1410920614 0.00009234798    0 
-- Found new optimum with likelihood -154.141092061405971 and gradient 0.00009

---- Best joint likelihood found -154.141092061405971 with gradient 0.00009

---- Results for output/tetraploid/polydfe/pendula_pubescens/spectra/sfs.txt 
--  Model: B
--        eps_an     theta_bar             a 
-- 0.00948201329 0.02217014784            -1 
--           S_d             b           p_b           S_b 
-- -99955.543010 0.13001925719             0             0 
--           r 2           r 3           r 4           r 5           r 6           r 7           r 8           r 9          r 10          r 11          r 12          r 13          r 14          r 15          r 16          r 17          r 18          r 19 
-- 0.67940970088 0.55952067284 0.47329330820 0.40538536782 0.35721956436 0.32922936821 0.31540573058 0.31286273176 0.31615781033 0.32576250535 0.34171203118 0.36790053608 0.40141362840 0.43874294132 0.45971904425 0.43174221949 0.31962459965 0.02914734938 

---- Expected P_neut(i), 0 < i < n (neutral SFS per site) 
E[P_neut(1)] = 0.0219602527
E[P_neut(2)] = 0.0074636276
E[P_neut(3)] = 0.0041010171
E[P_neut(4)] = 0.0026044121
E[P_neut(5)] = 0.0017865956
E[P_neut(6)] = 0.0013134469
E[P_neut(7)] = 0.0010387854
E[P_neut(8)] = 0.0008717721
E[P_neut(9)] = 0.0007696082
E[P_neut(10)] = 0.0007009265
E[P_neut(11)] = 0.0006576460
E[P_neut(12)] = 0.0006336190
E[P_neut(13)] = 0.0006313540
E[P_neut(14)] = 0.0006421596
E[P_neut(15)] = 0.0006593615
E[P_neut(16)] = 0.0006558360
E[P_neut(17)] = 0.0005969146
E[P_neut(18)] = 0.0004613527
E[P_neut(19)] = 0.0002439057

---- Expected P_sel(i), 0 < i < n (selected SFS per site) 
E[P_sel(1)] = 0.0061722584
E[P_sel(2)] = 0.0018418200
E[P_sel(3)] = 0.0009526605
E[P_sel(4)] = 0.0005820086
E[P_sel(5)] = 0.0003881114
E[P_sel(6)] = 0.0002790659
E[P_sel(7)] = 0.0002167302
E[P_sel(8)] = 0.0001791086
E[P_sel(9)] = 0.0001560300
E[P_sel(10)] = 0.0001404538
E[P_sel(11)] = 0.0001304213
E[P_sel(12)] = 0.0001244969
E[P_sel(13)] = 0.0001230292
E[P_sel(14)] = 0.0001242278
E[P_sel(15)] = 0.0001267895
E[P_sel(16)] = 0.0001256252
E[P_sel(17)] = 0.0001145403
E[P_sel(18)] = 0.0000908856
E[P_sel(19)] = 0.0000653775

---- alpha_dfe = 0.000000

