---- Running command
---- ./polyDFE -d output/tetraploid/polydfe/pendula_pubescens/spectra/sfs.txt -m B -i resources/polydfe/init_model_B.txt 1 -v 100 
---- Performing inference using model B

---- Performing inference on output/tetraploid/polydfe/pendula_pubescens/spectra/sfs.txt
----      with -i resources/polydfe/init_model_B.txt 1
---- Data output/tetraploid/polydfe/pendula_pubescens/spectra/sfs.txt does not contain divergence counts. Using option -w.
---- No mutation variability. Using Poisson likelihood.


---- Using provided initial values

-- Starting local optimization
-- Optimizing all parameters
  it     theta_bar           S_d             b           p_b           S_b           r 2           r 3           r 4           r 5           r 6           r 7           r 8           r 9          r 10          r 11          r 12          r 13          r 14          r 15          r 16          r 17          r 18          r 19           ln lk          grad status 
   0         0.001          -400           0.4          0.02             4             1             1             1             1             1             1             1             1             1             1             1             1             1             1             1             1             1             1 -44156.75215195 250.588986374   -2 
 100 0.02223325316 -18301.046660 0.19824637473 0.06314568905 2.15267782334 0.68524002205 0.56228084812 0.47405310198 0.40580231597 0.35543154225 0.32108109950 0.31116742898 0.30301347783 0.30340269910 0.31160448149 0.32545230005 0.34820957064 0.37752925374 0.41079033523 0.43148842010 0.41451187808 0.33795596938 0.21580407763 -146.0742769818 0.24244524311   -2 
 200 0.02246846305 -44702.858564 0.21042481350 0.11602388680 0.74483297140 0.67239065755 0.54903197996 0.46134070569 0.39239083154 0.34405743699 0.31478820719 0.30003803273 0.29659515300 0.29818356830 0.30611551696 0.31957586116 0.34284237557 0.37344671616 0.40875126522 0.43162830818 0.41615131906 0.34336759935 0.21751343486 -143.1325962774 0.06663512330   -2 
 300 0.02254983003 -50596.666038 0.23666509614 0.14871425588 0.36019025221 0.66833153393 0.54445505763 0.45698433516 0.38891536946 0.34084232576 0.31259942589 0.29820001423 0.29460329913 0.29660494478 0.30473530222 0.31886956189 0.34270541022 0.37385360411 0.40976686746 0.43349685428 0.41906123391 0.34676932099 0.22030057357 -142.8536756595 0.00265273630   -2 
 400 0.02255390824 -50475.455828 0.24001960608 0.15181248144 0.32921120880 0.66800501899 0.54414526299 0.45661621139 0.38863987420 0.34061839046 0.31245224466 0.29803876715 0.29450277839 0.29659556960 0.30471428146 0.31887024775 0.34277884386 0.37399982738 0.41000508049 0.43383466719 0.41946837938 0.34713970852 0.22056850900 -142.8508069995 0.00142051207   -2 
 438 0.02255342812 -50472.876745 0.23993409036 0.15174178431 0.32898541304 0.66803339960 0.54416979866 0.45665696286 0.38866079924 0.34064217468 0.31246717071 0.29806748691 0.29452790423 0.29661767614 0.30473809798 0.31889994160 0.34281024117 0.37403500665 0.41004450282 0.43387732155 0.41951073246 0.34718075878 0.22059069147 -142.8507825619 0.00018703304   -3 
-- Local optimization: stuck in the same solution
-- Found new optimum with likelihood -142.850782561983550 and gradient 0.00019

---- Best joint likelihood found -142.850782561983550 with gradient 0.00019

---- Results for output/tetraploid/polydfe/pendula_pubescens/spectra/sfs.txt 
--  Model: B
--        eps_an     theta_bar             a 
--             0 0.02255342812            -1 
--           S_d             b           p_b           S_b 
-- -50472.876745 0.23993409036 0.15174178431 0.32898541304 
--           r 2           r 3           r 4           r 5           r 6           r 7           r 8           r 9          r 10          r 11          r 12          r 13          r 14          r 15          r 16          r 17          r 18          r 19 
-- 0.66803339960 0.54416979866 0.45665696286 0.38866079924 0.34064217468 0.31246717071 0.29806748691 0.29452790423 0.29661767614 0.30473809798 0.31889994160 0.34281024117 0.37403500665 0.41004450282 0.43387732155 0.41951073246 0.34718075878 0.22059069147 

---- Expected P_neut(i), 0 < i < n (neutral SFS per site) 
E[P_neut(1)] = 0.0225534281
E[P_neut(2)] = 0.0075332216
E[P_neut(3)] = 0.0040909648
E[P_neut(4)] = 0.0025747950
E[P_neut(5)] = 0.0017531267
E[P_neut(6)] = 0.0012804415
E[P_neut(7)] = 0.0010067437
E[P_neut(8)] = 0.0008403055
E[P_neut(9)] = 0.0007380682
E[P_neut(10)] = 0.0006689745
E[P_neut(11)] = 0.0006248081
E[P_neut(12)] = 0.0005993572
E[P_neut(13)] = 0.0005947343
E[P_neut(14)] = 0.0006025551
E[P_neut(15)] = 0.0006165273
E[P_neut(16)] = 0.0006115888
E[P_neut(17)] = 0.0005565532
E[P_neut(18)] = 0.0004350065
E[P_neut(19)] = 0.0002618461

---- Expected P_sel(i), 0 < i < n (selected SFS per site) 
E[P_sel(1)] = 0.0060111183
E[P_sel(2)] = 0.0018222509
E[P_sel(3)] = 0.0009551850
E[P_sel(4)] = 0.0005900072
E[P_sel(5)] = 0.0003972144
E[P_sel(6)] = 0.0002880595
E[P_sel(7)] = 0.0002254760
E[P_sel(8)] = 0.0001877006
E[P_sel(9)] = 0.0001646436
E[P_sel(10)] = 0.0001491806
E[P_sel(11)] = 0.0001393944
E[P_sel(12)] = 0.0001338614
E[P_sel(13)] = 0.0001330425
E[P_sel(14)] = 0.0001350680
E[P_sel(15)] = 0.0001385346
E[P_sel(16)] = 0.0001378023
E[P_sel(17)] = 0.0001257817
E[P_sel(18)] = 0.0000986344
E[P_sel(19)] = 0.0000595797

---- alpha_dfe = 0.776682

