---- Running command
---- ./polyDFE -d output/tetraploid/polydfe/pendula_pubescens/spectra/sfs.txt -m B -i resources/polydfe/init_model_B.txt 3 -v 100 
---- Performing inference using model B

---- Performing inference on output/tetraploid/polydfe/pendula_pubescens/spectra/sfs.txt
----      with -i resources/polydfe/init_model_B.txt 3
---- Data output/tetraploid/polydfe/pendula_pubescens/spectra/sfs.txt does not contain divergence counts. Using option -w.
---- No mutation variability. Using Poisson likelihood.


---- Using provided initial values

-- Starting local optimization
-- Optimizing all parameters
  it        eps_an     theta_bar           S_d             b           p_b           S_b           r 2           r 3           r 4           r 5           r 6           r 7           r 8           r 9          r 10          r 11          r 12          r 13          r 14          r 15          r 16          r 17          r 18          r 19           ln lk          grad status 
   0          0.05         0.001          -400           0.4          0.02             4             1             1             1             1             1             1             1             1             1             1             1             1             1             1             1             1             1             1 -44735.61089330 250.721761722   -2 
 100 0.00309569401 0.02236698915 -26481.238830 0.18957515031 0.06595723983 1.88485212669 0.67815218859 0.55711039860 0.46913978900 0.40145034186 0.35269156113 0.32155244195 0.30419780711 0.30132403835 0.30335847484 0.30983623324 0.32222084517 0.34448837405 0.37366466387 0.40676869528 0.42615452334 0.40506336722 0.32294931686 0.15259295887 -144.9857967887 0.15731053181   -2 
 200 0.00316572889 0.02258463807 -53682.910088 0.21403930788 0.12637595618 0.58125770132 0.67064386844 0.54737793201 0.45869055093 0.39028830673 0.34255159444 0.31414620417 0.29974150832 0.29424444077 0.29663878755 0.30401339046 0.31797884086 0.34117457075 0.37127423929 0.40547356729 0.42664142336 0.40754928766 0.32466073768 0.15541839994 -142.8899940153 0.03502685084   -2 
 300 0.00349626703 0.02262857043 -57442.264726 0.23275535466 0.14903497348 0.31641006782 0.66778174277 0.54396655842 0.45644951354 0.38834109063 0.34035394507 0.31207098881 0.29758785915 0.29401687822 0.29598401612 0.30396165369 0.31788772604 0.34140455541 0.37200916854 0.40687677320 0.42848874005 0.40957105330 0.32637272182 0.14937842138 -142.7247366355 0.00581040005   -2 
 400 0.00728364400 0.02273190059 -56194.824726 0.25005228660 0.16416748118 0.16091470034 0.66617891657 0.54200350686 0.45456894194 0.38676152073 0.33896205530 0.31087302355 0.29636685927 0.29301982993 0.29494293734 0.30305352452 0.31671009617 0.34026342713 0.37038924939 0.40419850571 0.42368843586 0.40043029864 0.30502472424 0.07090569900 -142.6709853775 0.00724685841   -2 
 500 0.00707964061 0.02273210262 -53786.142612 0.24937974199 0.16203244098 0.20392881695 0.66648223912 0.54241424549 0.45477432915 0.38682328360 0.33884713918 0.31077683479 0.29643555116 0.29283261651 0.29454579328 0.30249378582 0.31626802284 0.33939781261 0.36949645193 0.40335375422 0.42287808917 0.39929330226 0.30479111692 0.07531848556 -142.6624959147 0.00567300972   -2 
 600 0.00707198908 0.02272282102 -53170.038938 0.24749128787 0.16030163477 0.21060791941 0.66682962030 0.54275021912 0.45516039006 0.38716599448 0.33918148048 0.31102640474 0.29656913505 0.29298938207 0.29493580424 0.30283692689 0.31661616152 0.33990220052 0.36998484475 0.40379586420 0.42330296704 0.39990723541 0.30518705144 0.07546995638 -142.6596015979 0.00283532127   -2 
 700 0.00717313860 0.02272467061 -51490.764200 0.24887257438 0.16054159499 0.21418299326 0.66689357024 0.54277542475 0.45514349855 0.38712552977 0.33914740440 0.31103239624 0.29658466692 0.29294652090 0.29487753187 0.30273730287 0.31653321662 0.33977815374 0.36982204170 0.40357759666 0.42298005802 0.39949482450 0.30430251043 0.07333645755 -142.6580434682 0.00276441241   -2 
 800 0.00717760343 0.02272365567 -51393.279377 0.24882942199 0.16045983729 0.21407321233 0.66693295691 0.54281038771 0.45522050876 0.38722751022 0.33922849459 0.31104866096 0.29661025323 0.29297859091 0.29491400154 0.30278894168 0.31656828367 0.33982400102 0.36987094729 0.40362621870 0.42303983817 0.39952176188 0.30459211871 0.07324449679 -142.6578500757 0.00054198563   -2 
 828 0.00717984287 0.02272376135 -51336.528340 0.24889892195 0.16048641571 0.21405039445 0.66693167774 0.54280779829 0.45521973771 0.38722551762 0.33922391474 0.31104520010 0.29660680354 0.29297755353 0.29491232151 0.30278696267 0.31656556041 0.33982068505 0.36986692740 0.40362100931 0.42303206291 0.39951179906 0.30457681780 0.07320176004 -142.6578017968 0.00028253653   -3 
-- Local optimization: stuck in the same solution
-- Found new optimum with likelihood -142.657801796875617 and gradient 0.00028

---- Best joint likelihood found -142.657801796875617 with gradient 0.00028

---- Results for output/tetraploid/polydfe/pendula_pubescens/spectra/sfs.txt 
--  Model: B
--        eps_an     theta_bar             a 
-- 0.00717984287 0.02272376135            -1 
--           S_d             b           p_b           S_b 
-- -51336.528340 0.24889892195 0.16048641571 0.21405039445 
--           r 2           r 3           r 4           r 5           r 6           r 7           r 8           r 9          r 10          r 11          r 12          r 13          r 14          r 15          r 16          r 17          r 18          r 19 
-- 0.66693167774 0.54280779829 0.45521973771 0.38722551762 0.33922391474 0.31104520010 0.29660680354 0.29297755353 0.29491232151 0.30278696267 0.31656556041 0.33982068505 0.36986692740 0.40362100931 0.42303206291 0.39951179906 0.30457681780 0.07320176004 

---- Expected P_neut(i), 0 < i < n (neutral SFS per site) 
E[P_neut(1)] = 0.0225612369
E[P_neut(2)] = 0.0075259529
E[P_neut(3)] = 0.0040858589
E[P_neut(4)] = 0.0025718222
E[P_neut(5)] = 0.0017515988
E[P_neut(6)] = 0.0012798267
E[P_neut(7)] = 0.0010067461
E[P_neut(8)] = 0.0008407578
E[P_neut(9)] = 0.0007389078
E[P_neut(10)] = 0.0006701517
E[P_neut(11)] = 0.0006263164
E[P_neut(12)] = 0.0006012083
E[P_neut(13)] = 0.0005969852
E[P_neut(14)] = 0.0006052544
E[P_neut(15)] = 0.0006196978
E[P_neut(16)] = 0.0006150589
E[P_neut(17)] = 0.0005597102
E[P_neut(18)] = 0.0004361525
E[P_neut(19)] = 0.0002500728

---- Expected P_sel(i), 0 < i < n (selected SFS per site) 
E[P_sel(1)] = 0.0060089155
E[P_sel(2)] = 0.0018242760
E[P_sel(3)] = 0.0009565879
E[P_sel(4)] = 0.0005908205
E[P_sel(5)] = 0.0003976311
E[P_sel(6)] = 0.0002882216
E[P_sel(7)] = 0.0002254725
E[P_sel(8)] = 0.0001875736
E[P_sel(9)] = 0.0001644165
E[P_sel(10)] = 0.0001488609
E[P_sel(11)] = 0.0001389844
E[P_sel(12)] = 0.0001333569
E[P_sel(13)] = 0.0001324296
E[P_sel(14)] = 0.0001343326
E[P_sel(15)] = 0.0001376702
E[P_sel(16)] = 0.0001368544
E[P_sel(17)] = 0.0001249113
E[P_sel(18)] = 0.0000982756
E[P_sel(19)] = 0.0000628599

---- alpha_dfe = 0.795457

