---- Running command
---- ./polyDFE -d output/tetraploid/polydfe/pendula_pubescens/spectra/sfs.txt -m C -i resources/polydfe/init_model_C.txt 1 -v 100 
---- Performing inference using model C

---- Performing inference on output/tetraploid/polydfe/pendula_pubescens/spectra/sfs.txt
----      with -i resources/polydfe/init_model_C.txt 1
---- Data output/tetraploid/polydfe/pendula_pubescens/spectra/sfs.txt does not contain divergence counts. Using option -w.
---- No mutation variability. Using Poisson likelihood.


---- Using provided initial values

-- Starting local optimization
-- Optimizing all parameters
  it     theta_bar           S_d             b           p_b           S_b           r 2           r 3           r 4           r 5           r 6           r 7           r 8           r 9          r 10          r 11          r 12          r 13          r 14          r 15          r 16          r 17          r 18          r 19           ln lk          grad status 
   0         0.001          -400           0.4          0.02             4             1             1             1             1             1             1             1             1             1             1             1             1             1             1             1             1             1             1 -44228.49044279 251.023787378   -2 
 100 0.02225793140 -26042.976064 0.19073599831 0.06745129660 2.05115879914 0.68389482988 0.56000709736 0.47229397874 0.40378871850 0.35406298169 0.32090522324 0.31116432791 0.30325145267 0.30405168259 0.31226833325 0.32593847790 0.34856224155 0.37776416232 0.41080626066 0.43081050256 0.41207860349 0.33431196791 0.21405017970 -145.4950689199 0.18458435336   -2 
 200 0.02250929036 -53016.080077 0.20630341166 0.11653626723 0.69901179545 0.67221120019 0.54785273294 0.46046567478 0.39080188361 0.34212805644 0.31601317251 0.30016828534 0.29589687508 0.29821287362 0.30568646982 0.31914339402 0.34254260484 0.37292190767 0.40780539776 0.43038466096 0.41625513770 0.34275922018 0.21558271254 -143.0869118584 0.09829307642   -2 
 300 0.02256146453 -59657.312267 0.23513098548 0.15232163375 0.29548928602 0.66734751458 0.54351747702 0.45620940942 0.38834824408 0.34037183559 0.31225698216 0.29800440735 0.29448057238 0.29660819143 0.30477423285 0.31897759146 0.34293387826 0.37421054572 0.41027485289 0.43414825452 0.41979710408 0.34756504540 0.22061982452 -142.8439588214 0.00376770992   -2 
 400 0.02254938295 -58234.826614 0.22997177136 0.14665501212 0.35232200632 0.66801829396 0.54437571473 0.45691033667 0.38897519450 0.34089150549 0.31273103669 0.29838588981 0.29478271040 0.29691389481 0.30489916306 0.31902541313 0.34287988497 0.37401266801 0.40991071135 0.43359073675 0.41899089890 0.34654955964 0.22004316990 -142.8380381233 0.00602347746   -2 
 464 0.02255200551 -58159.559688 0.23102803334 0.14761887691 0.34443710769 0.66800763534 0.54425942619 0.45680974660 0.38884199549 0.34082943687 0.31265329033 0.29824730531 0.29469733155 0.29677045617 0.30486377413 0.31898739932 0.34284591687 0.37399539837 0.40989909003 0.43359836422 0.41910397875 0.34671476237 0.22019331968 -142.8376532967 0.00009769774    0 
-- Found new optimum with likelihood -142.837653296782406 and gradient 0.00010

---- Best joint likelihood found -142.837653296782406 with gradient 0.00010

---- Results for output/tetraploid/polydfe/pendula_pubescens/spectra/sfs.txt 
--  Model: C
--        eps_an     theta_bar             a 
--             0 0.02255200551            -1 
--           S_d             b           p_b           S_b 
-- -58159.559688 0.23102803334 0.14761887691 0.34443710769 
--           r 2           r 3           r 4           r 5           r 6           r 7           r 8           r 9          r 10          r 11          r 12          r 13          r 14          r 15          r 16          r 17          r 18          r 19 
-- 0.66800763534 0.54425942619 0.45680974660 0.38884199549 0.34082943687 0.31265329033 0.29824730531 0.29469733155 0.29677045617 0.30486377413 0.31898739932 0.34284591687 0.37399539837 0.40989909003 0.43359836422 0.41910397875 0.34671476237 0.22019331968 

---- Expected P_neut(i), 0 < i < n (neutral SFS per site) 
E[P_neut(1)] = 0.0225520055
E[P_neut(2)] = 0.0075324559
E[P_neut(3)] = 0.0040913805
E[P_neut(4)] = 0.0025754940
E[P_neut(5)] = 0.0017538334
E[P_neut(6)] = 0.0012810646
E[P_neut(7)] = 0.0010072798
E[P_neut(8)] = 0.0008407594
E[P_neut(9)] = 0.0007384462
E[P_neut(10)] = 0.0006692769
E[P_neut(11)] = 0.0006250263
E[P_neut(12)] = 0.0005994838
E[P_neut(13)] = 0.0005947587
E[P_neut(14)] = 0.0006024533
E[P_neut(15)] = 0.0006162698
E[P_neut(16)] = 0.0006111570
E[P_neut(17)] = 0.0005559785
E[P_neut(18)] = 0.0004343952
E[P_neut(19)] = 0.0002613579

---- Expected P_sel(i), 0 < i < n (selected SFS per site) 
E[P_sel(1)] = 0.0060115013
E[P_sel(2)] = 0.0018224621
E[P_sel(3)] = 0.0009550678
E[P_sel(4)] = 0.0005898122
E[P_sel(5)] = 0.0003970235
E[P_sel(6)] = 0.0002878906
E[P_sel(7)] = 0.0002253311
E[P_sel(8)] = 0.0001875778
E[P_sel(9)] = 0.0001645415
E[P_sel(10)] = 0.0001491002
E[P_sel(11)] = 0.0001393359
E[P_sel(12)] = 0.0001338273
E[P_sel(13)] = 0.0001330370
E[P_sel(14)] = 0.0001350972
E[P_sel(15)] = 0.0001386066
E[P_sel(16)] = 0.0001379222
E[P_sel(17)] = 0.0001259416
E[P_sel(18)] = 0.0000988040
E[P_sel(19)] = 0.0000597092

---- alpha_dfe = 0.762496

