---- Running command
---- ./polyDFE -d output/tetraploid/polydfe/pendula_pubescens/spectra/sfs.txt -m C -i resources/polydfe/init_model_C.txt 3 -v 100 
---- Performing inference using model C

---- Performing inference on output/tetraploid/polydfe/pendula_pubescens/spectra/sfs.txt
----      with -i resources/polydfe/init_model_C.txt 3
---- Data output/tetraploid/polydfe/pendula_pubescens/spectra/sfs.txt does not contain divergence counts. Using option -w.
---- No mutation variability. Using Poisson likelihood.


---- Using provided initial values

-- Starting local optimization
-- Optimizing all parameters
  it        eps_an     theta_bar           S_d             b           p_b           S_b           r 2           r 3           r 4           r 5           r 6           r 7           r 8           r 9          r 10          r 11          r 12          r 13          r 14          r 15          r 16          r 17          r 18          r 19           ln lk          grad status 
   0          0.05         0.001          -400           0.4          0.02             4             1             1             1             1             1             1             1             1             1             1             1             1             1             1             1             1             1             1 -44802.96781407 251.138300068   -2 
 100 0.00310710027 0.02244609588 -30948.584613 0.19058741763 0.07371430873 1.79298963486 0.67723376440 0.55556824484 0.46651189364 0.40245728338 0.35271671984 0.32421777264 0.30429185463 0.30266241643 0.30163086409 0.30925485096 0.32290333111 0.34513526300 0.37343542344 0.40517897425 0.42312479149 0.40110924432 0.31280338779 0.15224279022 -144.9737971567 0.25743968838   -2 
 200 0.00321942021 0.02262800044 -67548.818071 0.23177897502 0.15312023944 0.24667848634 0.66693503319 0.54320278151 0.45585868770 0.38821719624 0.33991974787 0.31238233574 0.29814859573 0.29363125582 0.29600752373 0.30438247549 0.31871287930 0.34193146096 0.37248581393 0.40757256637 0.42928949454 0.40937518805 0.32805800333 0.15647416488 -142.7405131303 0.02795748315   -2 
 300 0.00521470939 0.02265908224 -66400.934578 0.22403502919 0.14490957180 0.31652209458 0.66784418712 0.54421785213 0.45659359930 0.38851124389 0.34038152277 0.31214218467 0.29764471686 0.29390836273 0.29587093826 0.30377993537 0.31756877559 0.34093764193 0.37119155987 0.40539948079 0.42583497425 0.40458297121 0.31571213991 0.11395873046 -142.6876153729 0.00788831152   -2 
 400 0.00618082024 0.02270256121 -66515.892750 0.23475055176 0.15542068887 0.22165803754 0.66660412344 0.54262896437 0.45520223379 0.38733887637 0.33937377465 0.31125262126 0.29687674308 0.29330031753 0.29528833702 0.30321638987 0.31708449519 0.34048252539 0.37073887268 0.40485235322 0.42492285105 0.40261227445 0.31078987933 0.09408635910 -142.6699969721 0.00421858536   -2 
 500 0.00735187009 0.02272325445 -63478.371030 0.23238549367 0.15179667600 0.26164653227 0.66712482437 0.54315020008 0.45559345310 0.38757852604 0.33954033164 0.31131147721 0.29682581495 0.29313843286 0.29503126704 0.30281611069 0.31650389630 0.33964649081 0.36953353677 0.40306491395 0.42218126187 0.39831795021 0.30286277533 0.06939719433 -142.6631166584 0.00189831504   -2 
 600 0.00737232377 0.02273006041 -62392.392370 0.23642334844 0.15507348142 0.23636011337 0.66675220681 0.54278311546 0.45519829708 0.38722723234 0.33930347169 0.31108250646 0.29662226281 0.29297457196 0.29492585704 0.30268321144 0.31646840384 0.33955546939 0.36947044082 0.40307445315 0.42225367157 0.39849012932 0.30294221801 0.06903861589 -142.6607269722 0.00323601352   -2 
 700 0.00736855045 0.02272799311 -62125.952936 0.23660740928 0.15515539473 0.23408809335 0.66684487921 0.54283013243 0.45529300234 0.38731662484 0.33931763894 0.31112970178 0.29668058000 0.29302715378 0.29493677614 0.30277671730 0.31650840970 0.33969685567 0.36964566021 0.40325302187 0.42244760483 0.39860591683 0.30308601301 0.06914542217 -142.6604198949 0.00068466542   -2 
 800 0.00736699945 0.02272822837 -61970.862031 0.23679107121 0.15524556363 0.23360646591 0.66684899057 0.54283274755 0.45527685943 0.38730788234 0.33931735461 0.31113941183 0.29667617029 0.29302499427 0.29493575243 0.30277429474 0.31650291022 0.33969606380 0.36964619946 0.40325430168 0.42244811565 0.39862824695 0.30308709114 0.06917963796 -142.6603301938 0.00105080973   -2 
 900 0.00730581448 0.02272770571 -55259.202300 0.24454519658 0.15889575029 0.21658511387 0.66687734166 0.54274402145 0.45524943413 0.38730802781 0.33924545070 0.31107236304 0.29663551068 0.29299309150 0.29491715616 0.30278212000 0.31654792249 0.33975470874 0.36974405830 0.40341489700 0.42269673156 0.39896081885 0.30362709190 0.07050247916 -142.6562396340 0.00358930470   -2 
1000 0.00732016867 0.02272673533 -54159.255838 0.24541373277 0.15909180854 0.21785574275 0.66691122724 0.54283311328 0.45527482779 0.38727841997 0.33928200248 0.31109073008 0.29664548296 0.29300025719 0.29491975923 0.30277379725 0.31652064613 0.33973470844 0.36971669526 0.40337074165 0.42262979233 0.39887887160 0.30353156051 0.07020114934 -142.6554605105 0.00135724871   -2 
1100 0.00732182331 0.02272701375 -53886.797130 0.24571519407 0.15919242062 0.21766422162 0.66695299350 0.54282194463 0.45526159156 0.38727340334 0.33926186261 0.31109364783 0.29664469169 0.29299923086 0.29491837290 0.30277145240 0.31652273909 0.33972989813 0.36970925254 0.40336373022 0.42262244451 0.39886959249 0.30348449497 0.07016155543 -142.6552855020 0.00302941302   -2 
1167 0.00732498472 0.02272666314 -53396.308615 0.24624221291 0.15939719093 0.21721925903 0.66693673313 0.54284802794 0.45526926666 0.38727683804 0.33927676142 0.31108857689 0.29664134979 0.29299544798 0.29491387935 0.30276587434 0.31651407140 0.33972316333 0.36970232303 0.40335405290 0.42261019147 0.39885310437 0.30346222123 0.07009404282 -142.6549415671 0.00028368168   -3 
-- Local optimization: stuck in the same solution
-- Found new optimum with likelihood -142.654941567131061 and gradient 0.00028

---- Best joint likelihood found -142.654941567131061 with gradient 0.00028

---- Results for output/tetraploid/polydfe/pendula_pubescens/spectra/sfs.txt 
--  Model: C
--        eps_an     theta_bar             a 
-- 0.00732498472 0.02272666314            -1 
--           S_d             b           p_b           S_b 
-- -53396.308615 0.24624221291 0.15939719093 0.21721925903 
--           r 2           r 3           r 4           r 5           r 6           r 7           r 8           r 9          r 10          r 11          r 12          r 13          r 14          r 15          r 16          r 17          r 18          r 19 
-- 0.66693673313 0.54284802794 0.45526926666 0.38727683804 0.33927676142 0.31108857689 0.29664134979 0.29299544798 0.29491387935 0.30276587434 0.31651407140 0.33972316333 0.36970232303 0.40335405290 0.42261019147 0.39885310437 0.30346222123 0.07009404282 

---- Expected P_neut(i), 0 < i < n (neutral SFS per site) 
E[P_neut(1)] = 0.0225608048
E[P_neut(2)] = 0.0075259165
E[P_neut(3)] = 0.0040861574
E[P_neut(4)] = 0.0025721374
E[P_neut(5)] = 0.0017518844
E[P_neut(6)] = 0.0012800875
E[P_neut(7)] = 0.0010069529
E[P_neut(8)] = 0.0008409266
E[P_neut(9)] = 0.0007390301
E[P_neut(10)] = 0.0006702408
E[P_neut(11)] = 0.0006263701
E[P_neut(12)] = 0.0006012243
E[P_neut(13)] = 0.0005969536
E[P_neut(14)] = 0.0006051673
E[P_neut(15)] = 0.0006195438
E[P_neut(16)] = 0.0006148329
E[P_neut(17)] = 0.0005594291
E[P_neut(18)] = 0.0004358558
E[P_neut(19)] = 0.0002497006

---- Expected P_sel(i), 0 < i < n (selected SFS per site) 
E[P_sel(1)] = 0.0060090462
E[P_sel(2)] = 0.0018242806
E[P_sel(3)] = 0.0009565126
E[P_sel(4)] = 0.0005907285
E[P_sel(5)] = 0.0003975501
E[P_sel(6)] = 0.0002881595
E[P_sel(7)] = 0.0002254200
E[P_sel(8)] = 0.0001875317
E[P_sel(9)] = 0.0001643814
E[P_sel(10)] = 0.0001488356
E[P_sel(11)] = 0.0001389692
E[P_sel(12)] = 0.0001333529
E[P_sel(13)] = 0.0001324376
E[P_sel(14)] = 0.0001343556
E[P_sel(15)] = 0.0001377116
E[P_sel(16)] = 0.0001369157
E[P_sel(17)] = 0.0001249882
E[P_sel(18)] = 0.0000983560
E[P_sel(19)] = 0.0000629559

---- alpha_dfe = 0.791875

