---- Running command
---- ./polyDFE -d output/tetraploid/polydfe/pubescens_south/spectra/sfs.txt -m B -i resources/polydfe/init_model_B.txt 2 -v 100 
---- Performing inference using model B

---- Performing inference on output/tetraploid/polydfe/pubescens_south/spectra/sfs.txt
----      with -i resources/polydfe/init_model_B.txt 2
---- Data output/tetraploid/polydfe/pubescens_south/spectra/sfs.txt does not contain divergence counts. Using option -w.
---- No mutation variability. Using Poisson likelihood.


---- Using provided initial values

-- Starting local optimization
-- Optimizing all parameters
  it     theta_bar           S_d             b           r 2           r 3           r 4           r 5           r 6           r 7           r 8           r 9          r 10          r 11          r 12          r 13          r 14          r 15          r 16          r 17          r 18          r 19           ln lk          grad status 
   0         0.001          -400           0.4             1             1             1             1             1             1             1             1             1             1             1             1             1             1             1             1             1             1 -48606.08876941 274.635579078   -2 
 100 0.02234957455 -54677.315726 0.13650298402 0.67576850456 0.57237356708 0.51011401791 0.45975732469 0.41962731419 0.39456722544 0.36246918137 0.36434532937 0.36262933550 0.37027523683 0.38750136956 0.40545626998 0.42332436876 0.43166058485 0.41762781429 0.36594311836 0.28814204214 0.18833402438 -160.8702780438 0.30579633808   -2 
 200 0.02240438098 -92311.355779 0.12914382779 0.67827411204 0.57296576479 0.50991439252 0.46045858258 0.41834019682 0.38699011247 0.36480475799 0.35516215291 0.35771910024 0.36931242146 0.38757659175 0.40349919406 0.41737167668 0.42150844677 0.40772069729 0.36348511638 0.28619856957 0.17947769455 -157.1075171285 0.05884828469   -2 
 300 0.02241783514 -97745.695191 0.12830230719 0.67801584091 0.57243327686 0.50966412141 0.46020664800 0.41789835881 0.38517756046 0.36318942671 0.35439187496 0.35772895589 0.36852035832 0.38672409583 0.40228557596 0.41697519407 0.42119991437 0.40479481355 0.36260774483 0.28273394910 0.18011735197 -156.8075026080 0.07585240337   -2 
 400 0.02241770506 -99807.380936 0.12806081788 0.67735157876 0.57228610782 0.50977529481 0.45956466152 0.41823170636 0.38557190029 0.36362389749 0.35488624742 0.35746038115 0.36920237472 0.38675185485 0.40262590393 0.41709976345 0.42156717995 0.40650987248 0.36372222033 0.28555578988 0.17861028130 -156.6741133579 0.00068139144   -2 
 500 0.02241860449 -99947.335930 0.12804421149 0.67738356252 0.57228330986 0.50979345136 0.45956103579 0.41821202492 0.38558329848 0.36368886022 0.35488155085 0.35744976907 0.36923592415 0.38670755686 0.40263510335 0.41709340294 0.42147145791 0.40642804774 0.36369416676 0.28550870479 0.17823333521 -156.6668568975 0.00847172163   -2 
 528 0.02241788993 -99948.045879 0.12804214540 0.67734667409 0.57227571521 0.50976397628 0.45956041255 0.41821506962 0.38554895376 0.36361874206 0.35487904279 0.35744548977 0.36919472231 0.38675171392 0.40262464234 0.41710028447 0.42156162690 0.40649906005 0.36371092743 0.28552341177 0.17859820781 -156.6665764601 0.00008529486    0 
-- Found new optimum with likelihood -156.666576460150168 and gradient 0.00009

---- Best joint likelihood found -156.666576460150168 with gradient 0.00009

---- Results for output/tetraploid/polydfe/pubescens_south/spectra/sfs.txt 
--  Model: B
--        eps_an     theta_bar             a 
--             0 0.02241788993            -1 
--           S_d             b           p_b           S_b 
-- -99948.045879 0.12804214540             0             0 
--           r 2           r 3           r 4           r 5           r 6           r 7           r 8           r 9          r 10          r 11          r 12          r 13          r 14          r 15          r 16          r 17          r 18          r 19 
-- 0.67734667409 0.57227571521 0.50976397628 0.45956041255 0.41821506962 0.38554895376 0.36361874206 0.35487904279 0.35744548977 0.36919472231 0.38675171392 0.40262464234 0.41710028447 0.42156162690 0.40649906005 0.36371092743 0.28552341177 0.17859820781 

---- Expected P_neut(i), 0 < i < n (neutral SFS per site) 
E[P_neut(1)] = 0.0224178899
E[P_neut(2)] = 0.0075923416
E[P_neut(3)] = 0.0042764047
E[P_neut(4)] = 0.0028569582
E[P_neut(5)] = 0.0020604749
E[P_neut(6)] = 0.0015625832
E[P_neut(7)] = 0.0012347420
E[P_neut(8)] = 0.0010189456
E[P_neut(9)] = 0.0008839599
E[P_neut(10)] = 0.0008013174
E[P_neut(11)] = 0.0007524152
E[P_neut(12)] = 0.0007225131
E[P_neut(13)] = 0.0006943073
E[P_neut(14)] = 0.0006678934
E[P_neut(15)] = 0.0006300348
E[P_neut(16)] = 0.0005695532
E[P_neut(17)] = 0.0004796254
E[P_neut(18)] = 0.0003556018
E[P_neut(19)] = 0.0002107261

---- Expected P_sel(i), 0 < i < n (selected SFS per site) 
E[P_sel(1)] = 0.0064100017
E[P_sel(2)] = 0.0019103090
E[P_sel(3)] = 0.0010139665
E[P_sel(4)] = 0.0006521206
E[P_sel(5)] = 0.0004574233
E[P_sel(6)] = 0.0003394004
E[P_sel(7)] = 0.0002634213
E[P_sel(8)] = 0.0002140983
E[P_sel(9)] = 0.0001832964
E[P_sel(10)] = 0.0001642285
E[P_sel(11)] = 0.0001526008
E[P_sel(12)] = 0.0001451536
E[P_sel(13)] = 0.0001382832
E[P_sel(14)] = 0.0001319643
E[P_sel(15)] = 0.0001235656
E[P_sel(16)] = 0.0001109349
E[P_sel(17)] = 0.0000928167
E[P_sel(18)] = 0.0000683980
E[P_sel(19)] = 0.0000402995

---- alpha_dfe = 0.000000

