---- Running command
---- ./polyDFE -d output/tetraploid/polydfe/pubescens_south/spectra/sfs.txt -m B -i resources/polydfe/init_model_B.txt 3 -v 100 
---- Performing inference using model B

---- Performing inference on output/tetraploid/polydfe/pubescens_south/spectra/sfs.txt
----      with -i resources/polydfe/init_model_B.txt 3
---- Data output/tetraploid/polydfe/pubescens_south/spectra/sfs.txt does not contain divergence counts. Using option -w.
---- No mutation variability. Using Poisson likelihood.


---- Using provided initial values

-- Starting local optimization
-- Optimizing all parameters
  it        eps_an     theta_bar           S_d             b           p_b           S_b           r 2           r 3           r 4           r 5           r 6           r 7           r 8           r 9          r 10          r 11          r 12          r 13          r 14          r 15          r 16          r 17          r 18          r 19           ln lk          grad status 
   0          0.05         0.001          -400           0.4          0.02             4             1             1             1             1             1             1             1             1             1             1             1             1             1             1             1             1             1             1 -47934.29029701 264.487866024   -2 
 100 0.00222486503 0.02285185601 -33099.162416 0.18992480255 0.08129290859 1.42758307975 0.67446818300 0.56638712302 0.50118708723 0.44931720516 0.41018037342 0.37176458578 0.34703707076 0.33600418962 0.33828747768 0.34622856213 0.35899255499 0.37006496972 0.37982536925 0.37989032179 0.36117531112 0.31358696176 0.23669360713 0.11600350596 -144.7320853331 0.29654070773   -2 
 200 0.00218640166 0.02305199760 -47897.279405 0.21347931786 0.12671403353 0.62113235705 0.66879360203 0.55905231855 0.49450158050 0.44214151048 0.39913527483 0.36672659173 0.34346263405 0.33212956982 0.33305256731 0.34120155739 0.35553453918 0.36794360916 0.37852203928 0.37956335332 0.36185886009 0.31914997266 0.24157869348 0.11274374028 -143.5997947796 0.03516866617   -2 
 300 0.00216054075 0.02307735233 -48937.034960 0.22735169439 0.14313860575 0.43533384540 0.66728071810 0.55764170854 0.49236102743 0.44044391452 0.39805154025 0.36468155715 0.34181828413 0.33169966910 0.33218923769 0.34124419934 0.35546689595 0.36796964515 0.37886292339 0.38019606982 0.36338358836 0.32053962109 0.24244335642 0.11515066634 -143.5187024549 0.00495180377   -2 
 400 0.00212372623 0.02308151775 -43756.159672 0.23814717318 0.15045004918 0.37626838000 0.66705214368 0.55727153052 0.49195670669 0.44012180403 0.39780760284 0.36442775856 0.34165753944 0.33155396290 0.33215676916 0.34125669943 0.35557993776 0.36814197953 0.37916842074 0.38061462945 0.36394097564 0.32117932366 0.24319129253 0.11619161791 -143.4998681480 0.00187514004   -2 
 500 0.00207523232 0.02304307442 -24069.290006 0.27480004201 0.16303618745 0.32488536068 0.66867243086 0.55877485777 0.49328454736 0.44097104610 0.39903776888 0.36571644115 0.34243361034 0.33324006764 0.33300185547 0.34197688559 0.35628380864 0.36878778952 0.37988958116 0.38159261564 0.36486169048 0.32056301670 0.24437514250 0.11777898979 -143.4212367443 0.07370691155   -2 
 600 0.00205691949 0.02306724464 -16086.292333 0.31354791126 0.17557766518 0.28708194329 0.66870030471 0.55830405529 0.49249662880 0.44036526891 0.39793060226 0.36433668395 0.34157009364 0.33134864019 0.33202068428 0.34105003049 0.35535724294 0.36790166485 0.37893171020 0.38054487927 0.36387310073 0.32133650532 0.24355031281 0.11753551779 -143.3308045449 0.00416440889   -2 
 700 0.00204713799 0.02307552806 -9923.7722172 0.37032102202 0.18881217355 0.23173001644 0.66870336778 0.55849829190 0.49215740656 0.44007051135 0.39711937411 0.36366435839 0.34091329625 0.33076176398 0.33146355155 0.34040419970 0.35465271290 0.36733439300 0.37853721662 0.37991599275 0.36359949364 0.32092246849 0.24259635838 0.11698732600 -143.2334471277 0.04386661567   -2 
 800 0.00203981761 0.02305477351 -2755.4362554 0.61675135375 0.21399865441 0.13021946691 0.67312410426 0.56076262682 0.49296544278 0.43959330906 0.39700199487 0.36233281247 0.33984515890 0.33036051045 0.33000788366 0.33997883229 0.35424794823 0.36678729887 0.37792759183 0.38030770167 0.36384495309 0.31814154006 0.24289699780 0.11698869929 -142.9325291850 0.07791216095   -2 
 900 0.00203209899 0.02301984309 -1854.5875697 0.76002903451 0.22039149932 0.08132596263 0.67545861464 0.56176238028 0.49386028487 0.44060679533 0.39747772567 0.36362389890 0.34055359479 0.33057104269 0.33107971767 0.34024265666 0.35470687875 0.36745638730 0.37870165464 0.38061079564 0.36417065171 0.32197783337 0.24447892978 0.11848592114 -142.7851073319 0.00573433390   -2 
1000 0.00200726273 0.02300723820 -1136.9704263 1.06215747952 0.22690079039 0.03920786287 0.67809930692 0.56267455240 0.49409183177 0.44042013216 0.39694333760 0.36325541258 0.34019936310 0.32984677391 0.33072407918 0.33986812016 0.35441931059 0.36717280842 0.37844942796 0.38032287151 0.36412023416 0.32193731427 0.24450017624 0.11889438694 -142.6643737707 0.01122212117   -2 
1030 0.00200770106 0.02300624108 -1135.2375560 1.06452771999 0.22698104709 0.03887152243 0.67798567103 0.56267701680 0.49405490664 0.44036507146 0.39703697800 0.36319639552 0.34019477388 0.33001867211 0.33059564298 0.33975213181 0.35422011309 0.36702497790 0.37837759394 0.38034713603 0.36416336913 0.32195769747 0.24459021360 0.11904546917 -142.6631784389 0.00239368459   -8 
-- Local optimization: reached maximum number of likelihood evaluations allowed.
-- Found new optimum with likelihood -142.663178438924916 and gradient 0.00239

---- Best joint likelihood found -142.663178438924916 with gradient 0.00239

---- Results for output/tetraploid/polydfe/pubescens_south/spectra/sfs.txt 
--  Model: B
--        eps_an     theta_bar             a 
-- 0.00200770106 0.02300624108            -1 
--           S_d             b           p_b           S_b 
-- -1135.2375560 1.06452771999 0.22698104709 0.03887152243 
--           r 2           r 3           r 4           r 5           r 6           r 7           r 8           r 9          r 10          r 11          r 12          r 13          r 14          r 15          r 16          r 17          r 18          r 19 
-- 0.67798567103 0.56267701680 0.49405490664 0.44036507146 0.39703697800 0.36319639552 0.34019477388 0.33001867211 0.33059564298 0.33975213181 0.35422011309 0.36702497790 0.37837759394 0.38034713603 0.36416336913 0.32195769747 0.24459021360 0.11904546917 

---- Expected P_neut(i), 0 < i < n (neutral SFS per site) 
E[P_neut(1)] = 0.0229603408
E[P_neut(2)] = 0.0077839206
E[P_neut(3)] = 0.0043072392
E[P_neut(4)] = 0.0028369328
E[P_neut(5)] = 0.0020233321
E[P_neut(6)] = 0.0015205799
E[P_neut(7)] = 0.0011925909
E[P_neut(8)] = 0.0009777246
E[P_neut(9)] = 0.0008433428
E[P_neut(10)] = 0.0007605763
E[P_neut(11)] = 0.0007108507
E[P_neut(12)] = 0.0006797069
E[P_neut(13)] = 0.0006506206
E[P_neut(14)] = 0.0006235971
E[P_neut(15)] = 0.0005862540
E[P_neut(16)] = 0.0005282807
E[P_neut(17)] = 0.0004434965
E[P_neut(18)] = 0.0003276471
E[P_neut(19)] = 0.0001900470

---- Expected P_sel(i), 0 < i < n (selected SFS per site) 
E[P_sel(1)] = 0.0062617715
E[P_sel(2)] = 0.0018579946
E[P_sel(3)] = 0.0010055482
E[P_sel(4)] = 0.0006575422
E[P_sel(5)] = 0.0004674984
E[P_sel(6)] = 0.0003508077
E[P_sel(7)] = 0.0002749478
E[P_sel(8)] = 0.0002253586
E[P_sel(9)] = 0.0001943949
E[P_sel(10)] = 0.0001753595
E[P_sel(11)] = 0.0001639564
E[P_sel(12)] = 0.0001568472
E[P_sel(13)] = 0.0001502172
E[P_sel(14)] = 0.0001440645
E[P_sel(15)] = 0.0001355255
E[P_sel(16)] = 0.0001222101
E[P_sel(17)] = 0.0001026843
E[P_sel(18)] = 0.0000760146
E[P_sel(19)] = 0.0000459488

---- alpha_dfe = 0.996639

