---- Running command
---- ./polyDFE -d output/tetraploid/polydfe/pubescens_south/spectra/sfs.txt -m B -i resources/polydfe/init_model_B.txt 1 -v 100 
---- Performing inference using model B

---- Performing inference on output/tetraploid/polydfe/pubescens_south/spectra/sfs.txt
----      with -i resources/polydfe/init_model_B.txt 1
---- Data output/tetraploid/polydfe/pubescens_south/spectra/sfs.txt does not contain divergence counts. Using option -w.
---- No mutation variability. Using Poisson likelihood.


---- Using provided initial values

-- Starting local optimization
-- Optimizing all parameters
  it     theta_bar           S_d             b           p_b           S_b           r 2           r 3           r 4           r 5           r 6           r 7           r 8           r 9          r 10          r 11          r 12          r 13          r 14          r 15          r 16          r 17          r 18          r 19           ln lk          grad status 
   0         0.001          -400           0.4          0.02             4             1             1             1             1             1             1             1             1             1             1             1             1             1             1             1             1             1             1 -47248.89192238 264.347696041   -2 
 100 0.02273480987 -21473.057672 0.19654608053 0.07294421269 1.91301467634 0.68131167914 0.57312371420 0.50559211373 0.45171163705 0.40638672304 0.37535971368 0.34946256577 0.34143606345 0.33861410655 0.34557549497 0.35893735167 0.37091133539 0.38132326136 0.38221678850 0.36435899889 0.31951748111 0.25013959258 0.15445057712 -145.7143693802 0.27793077560   -2 
 200 0.02301802216 -40822.509435 0.22905158377 0.13848686636 0.56423849712 0.66907820408 0.55834604195 0.49360472903 0.44215855155 0.39995415050 0.36440176162 0.34203525709 0.33130983187 0.33201220221 0.34085117146 0.35523076945 0.36715821286 0.37758046065 0.38004605872 0.36596861286 0.32453622891 0.25182502059 0.15639629595 -143.5875715490 0.06082193160   -2 
 300 0.02299094926 -27385.093833 0.25729437190 0.15329260353 0.40170526298 0.66902689595 0.55947068126 0.49394955165 0.44213070521 0.39956149486 0.36606369221 0.34324541733 0.33303428444 0.33384050916 0.34302875231 0.35753548669 0.37042186543 0.38193128919 0.38399362622 0.36884681035 0.32823411071 0.25627384921 0.15866607966 -143.4731793353 0.01683786717   -2 
 400 0.02302241154 -8551.4669846 0.41117588176 0.20064717975 0.10116789005 0.66874663211 0.55718157545 0.49158376889 0.43994144902 0.39725281479 0.36410058430 0.34103423234 0.33182595968 0.33269664560 0.34224760903 0.35725170268 0.37037395651 0.38260086225 0.38572047758 0.37071126170 0.33108857006 0.25892192942 0.16158418489 -143.2687711632 0.03806533604   -2 
 500 0.02295242097 -2767.7992609 0.59247389349 0.21068603623 0.14569011523 0.67495953416 0.56260093912 0.49491872275 0.44188389434 0.39859437412 0.36655230998 0.34233941870 0.33188509322 0.33314536394 0.34179814364 0.35663467930 0.37011453163 0.38227206291 0.38373262508 0.36914918878 0.32878440899 0.25805594645 0.15975180583 -142.9690332743 0.03625970947   -2 
 600 0.02296109847 -1414.0998762 0.87784909359 0.22215702058 0.09891465911 0.67759856262 0.56304896899 0.49474505563 0.44140198172 0.39783857624 0.36401047170 0.34084306220 0.33073874630 0.33125971450 0.34043616284 0.35495033833 0.36789095749 0.37936212478 0.38215576269 0.36680326893 0.32728418498 0.25602897806 0.15924441864 -142.8138647890 0.01494142233   -2 
 700 0.02298252282 -1283.9483617 0.97990910112 0.22595327486 0.05292926288 0.67646903161 0.56192214249 0.49345448254 0.43990534375 0.39689138363 0.36288916023 0.34038605512 0.33027816165 0.33077573403 0.33999573625 0.35451545229 0.36780549652 0.37938805786 0.38236456783 0.36725197763 0.32669591730 0.25616209831 0.15976283248 -142.7211377740 0.01762908317   -2 
 766 0.02296384255 -1253.4489734 0.98549078858 0.22576531045 0.05095916057 0.67747517566 0.56253789064 0.49414093003 0.44070573064 0.39742112504 0.36360973034 0.34068364166 0.33059020924 0.33124279734 0.34052096821 0.35518656544 0.36825844263 0.38011711435 0.38279428481 0.36794580475 0.32818855098 0.25685056819 0.16021664800 -142.7103670427 0.00274710522   -8 
-- Local optimization: reached maximum number of likelihood evaluations allowed.
-- Found new optimum with likelihood -142.710367042770173 and gradient 0.00275

---- Best joint likelihood found -142.710367042770173 with gradient 0.00275

---- Results for output/tetraploid/polydfe/pubescens_south/spectra/sfs.txt 
--  Model: B
--        eps_an     theta_bar             a 
--             0 0.02296384255            -1 
--           S_d             b           p_b           S_b 
-- -1253.4489734 0.98549078858 0.22576531045 0.05095916057 
--           r 2           r 3           r 4           r 5           r 6           r 7           r 8           r 9          r 10          r 11          r 12          r 13          r 14          r 15          r 16          r 17          r 18          r 19 
-- 0.67747517566 0.56253789064 0.49414093003 0.44070573064 0.39742112504 0.36360973034 0.34068364166 0.33059020924 0.33124279734 0.34052096821 0.35518656544 0.36825844263 0.38011711435 0.38279428481 0.36794580475 0.32818855098 0.25685056819 0.16021664800 

---- Expected P_neut(i), 0 < i < n (neutral SFS per site) 
E[P_neut(1)] = 0.0229638426
E[P_neut(2)] = 0.0077787166
E[P_neut(3)] = 0.0043060105
E[P_neut(4)] = 0.0028368436
E[P_neut(5)] = 0.0020240594
E[P_neut(6)] = 0.0015210527
E[P_neut(7)] = 0.0011928395
E[P_neut(8)] = 0.0009779257
E[P_neut(9)] = 0.0008435135
E[P_neut(10)] = 0.0007606607
E[P_neut(11)] = 0.0007108791
E[P_neut(12)] = 0.0006797040
E[P_neut(13)] = 0.0006505099
E[P_neut(14)] = 0.0006234964
E[P_neut(15)] = 0.0005860285
E[P_neut(16)] = 0.0005280906
E[P_neut(17)] = 0.0004433218
E[P_neut(18)] = 0.0003276820
E[P_neut(19)] = 0.0001936416

---- Expected P_sel(i), 0 < i < n (selected SFS per site) 
E[P_sel(1)] = 0.0062608410
E[P_sel(2)] = 0.0018595522
E[P_sel(3)] = 0.0010058589
E[P_sel(4)] = 0.0006575133
E[P_sel(5)] = 0.0004675112
E[P_sel(6)] = 0.0003507495
E[P_sel(7)] = 0.0002748642
E[P_sel(8)] = 0.0002252975
E[P_sel(9)] = 0.0001943583
E[P_sel(10)] = 0.0001753317
E[P_sel(11)] = 0.0001639431
E[P_sel(12)] = 0.0001568541
E[P_sel(13)] = 0.0001502267
E[P_sel(14)] = 0.0001441033
E[P_sel(15)] = 0.0001355593
E[P_sel(16)] = 0.0001222669
E[P_sel(17)] = 0.0001027365
E[P_sel(18)] = 0.0000760110
E[P_sel(19)] = 0.0000449627

---- alpha_dfe = 0.995261

