---- Running command
---- ./polyDFE -d output/tetraploid/polydfe/pubescens_south/spectra/sfs.txt -m C -i resources/polydfe/init_model_C.txt 4 -v 100 
---- Performing inference using model C

---- Performing inference on output/tetraploid/polydfe/pubescens_south/spectra/sfs.txt
----      with -i resources/polydfe/init_model_C.txt 4
---- Data output/tetraploid/polydfe/pubescens_south/spectra/sfs.txt does not contain divergence counts. Using option -w.
---- No mutation variability. Using Poisson likelihood.


---- Using provided initial values

-- Starting local optimization
-- Optimizing all parameters
  it        eps_an     theta_bar           S_d             b           r 2           r 3           r 4           r 5           r 6           r 7           r 8           r 9          r 10          r 11          r 12          r 13          r 14          r 15          r 16          r 17          r 18          r 19           ln lk          grad status 
   0          0.05         0.001          -400           0.4             1             1             1             1             1             1             1             1             1             1             1             1             1             1             1             1             1             1 -49237.82921385 274.296468048   -2 
 100 0.00274747892 0.02238035496 -57201.137177 0.13599607487 0.68143749450 0.57858367799 0.51316519424 0.46110639745 0.42280681529 0.38918705795 0.36439094034 0.35817215090 0.36076245663 0.37137247599 0.38833727680 0.40407866147 0.41845963268 0.42233152066 0.40515684778 0.35668614189 0.27142396060 0.11512585365 -159.2373382837 0.16955634280   -2 
 200 0.00369779940 0.02248319015 -87066.303765 0.13002781421 0.67775559329 0.57255814495 0.50948548593 0.45960179552 0.41921344601 0.38614342077 0.36359497127 0.35527532813 0.35639686950 0.36899116796 0.38543424360 0.40023892294 0.41437752487 0.41776183433 0.40000399422 0.35070435338 0.26061818933 0.09468192114 -156.4641043469 0.16819485873   -2 
 300 0.00678571236 0.02258835318 -99500.225931 0.12833174481 0.67710860901 0.57204383522 0.50939420273 0.45950870997 0.41740081403 0.38488513882 0.36173741924 0.35260496031 0.35505179850 0.36653469244 0.38319926957 0.39809264136 0.41022947052 0.41154229241 0.39133866907 0.33918510476 0.24006831999 0.02549439298 -155.6322622199 0.03140291305   -2 
 400 0.00561577975 0.02256300845 -99727.228878 0.12825920541 0.67731468300 0.57201271964 0.50925008242 0.45890721643 0.41721962715 0.38438455192 0.36210518762 0.35325859245 0.35540345069 0.36674380739 0.38351789949 0.39834431103 0.41117251779 0.41348735376 0.39422599317 0.34342728669 0.24695976542 0.04989076007 -155.5876385219 0.00677139150   -2 
 500 0.00583385090 0.02256406634 -99753.759147 0.12824729519 0.67733540060 0.57214633107 0.50923727996 0.45887379286 0.41732767950 0.38438160562 0.36227546820 0.35309872390 0.35536129826 0.36669057273 0.38355830443 0.39843022167 0.41129294210 0.41286000242 0.39379194425 0.34292775563 0.24524598324 0.04510944999 -155.5841476935 0.01713008332   -2 
 600 0.00582866200 0.02256712338 -99792.120521 0.12825259863 0.67724892075 0.57202821762 0.50936287571 0.45877691944 0.41736441456 0.38428839350 0.36215487627 0.35310145561 0.35543084335 0.36676318686 0.38372867048 0.39847565853 0.41142018126 0.41318043895 0.39376243723 0.34271874255 0.24481533439 0.04500629571 -155.5821086244 0.00670595753   -2 
 700 0.00597176529 0.02257055504 -99936.291380 0.12825439671 0.67731348669 0.57217160448 0.50935137145 0.45882579397 0.41735040816 0.38422848128 0.36219239876 0.35317449609 0.35548057319 0.36668515650 0.38348848774 0.39834111962 0.41112799884 0.41280888897 0.39313030438 0.34248728292 0.24364588602 0.04308599623 -155.5759174388 0.01994292028   -2 
 800 0.00589254529 0.02256880163 -99951.938635 0.12823395940 0.67732437951 0.57204825348 0.50930126762 0.45885999623 0.41727485424 0.38437046809 0.36218417453 0.35317220022 0.35538896479 0.36666194231 0.38351587708 0.39830933965 0.41112349866 0.41297288065 0.39353269236 0.34254121312 0.24428121347 0.04399736996 -155.5734413562 0.00028864098   -2 
 900 0.00586459949 0.02256820823 -99952.447959 0.12823397969 0.67732825736 0.57204617875 0.50929772743 0.45884567610 0.41727791767 0.38437489000 0.36219157269 0.35317626520 0.35539835536 0.36667497672 0.38353177443 0.39833145880 0.41115657223 0.41300082690 0.39359438033 0.34263939719 0.24448837334 0.04460375406 -155.5733889099 0.00115164583   -2 
 916 0.00586543345 0.02256815054 -99952.467530 0.12823342131 0.67732587020 0.57204794511 0.50930543177 0.45886290713 0.41728012246 0.38437642124 0.36219094698 0.35317961893 0.35539807237 0.36667275254 0.38353309143 0.39833174980 0.41115332618 0.41301407950 0.39359331315 0.34264215504 0.24447003366 0.04462857506 -155.5733839211 0.00009029024    0 
-- Found new optimum with likelihood -155.573383921196182 and gradient 0.00009

---- Best joint likelihood found -155.573383921196182 with gradient 0.00009

---- Results for output/tetraploid/polydfe/pubescens_south/spectra/sfs.txt 
--  Model: C
--        eps_an     theta_bar             a 
-- 0.00586543345 0.02256815054            -1 
--           S_d             b           p_b           S_b 
-- -99952.467530 0.12823342131             0             0 
--           r 2           r 3           r 4           r 5           r 6           r 7           r 8           r 9          r 10          r 11          r 12          r 13          r 14          r 15          r 16          r 17          r 18          r 19 
-- 0.67732587020 0.57204794511 0.50930543177 0.45886290713 0.41728012246 0.38437642124 0.36219094698 0.35317961893 0.35539807237 0.36667275254 0.38353309143 0.39833174980 0.41115332618 0.41301407950 0.39359331315 0.34264215504 0.24447003366 0.04462857506 

---- Expected P_neut(i), 0 < i < n (neutral SFS per site) 
E[P_neut(1)] = 0.0224360895
E[P_neut(2)] = 0.0075999645
E[P_neut(3)] = 0.0042807817
E[P_neut(4)] = 0.0028599223
E[P_neut(5)] = 0.0020626341
E[P_neut(6)] = 0.0015642216
E[P_neut(7)] = 0.0012360252
E[P_neut(8)] = 0.0010199852
E[P_neut(9)] = 0.0008848413
E[P_neut(10)] = 0.0008020677
E[P_neut(11)] = 0.0007530663
E[P_neut(12)] = 0.0007230650
E[P_neut(13)] = 0.0006947212
E[P_neut(14)] = 0.0006681021
E[P_neut(15)] = 0.0006299009
E[P_neut(16)] = 0.0005687652
E[P_neut(17)] = 0.0004774436
E[P_neut(18)] = 0.0003495448
E[P_neut(19)] = 0.0001850708

---- Expected P_sel(i), 0 < i < n (selected SFS per site) 
E[P_sel(1)] = 0.0064044919
E[P_sel(2)] = 0.0019085424
E[P_sel(3)] = 0.0010128955
E[P_sel(4)] = 0.0006513687
E[P_sel(5)] = 0.0004568637
E[P_sel(6)] = 0.0003389679
E[P_sel(7)] = 0.0002630778
E[P_sel(8)] = 0.0002138179
E[P_sel(9)] = 0.0001830618
E[P_sel(10)] = 0.0001640234
E[P_sel(11)] = 0.0001524206
E[P_sel(12)] = 0.0001449982
E[P_sel(13)] = 0.0001381607
E[P_sel(14)] = 0.0001318908
E[P_sel(15)] = 0.0001235758
E[P_sel(16)] = 0.0001110952
E[P_sel(17)] = 0.0000932844
E[P_sel(18)] = 0.0000697352
E[P_sel(19)] = 0.0000478416

---- alpha_dfe = 0.000000

