---- Running command
---- ./polyDFE -d output/tetraploid/polydfe/pubescens_south/spectra/sfs.txt -m C -i resources/polydfe/init_model_C.txt 3 -v 100 
---- Performing inference using model C

---- Performing inference on output/tetraploid/polydfe/pubescens_south/spectra/sfs.txt
----      with -i resources/polydfe/init_model_C.txt 3
---- Data output/tetraploid/polydfe/pubescens_south/spectra/sfs.txt does not contain divergence counts. Using option -w.
---- No mutation variability. Using Poisson likelihood.


---- Using provided initial values

-- Starting local optimization
-- Optimizing all parameters
  it        eps_an     theta_bar           S_d             b           p_b           S_b           r 2           r 3           r 4           r 5           r 6           r 7           r 8           r 9          r 10          r 11          r 12          r 13          r 14          r 15          r 16          r 17          r 18          r 19           ln lk          grad status 
   0          0.05         0.001          -400           0.4          0.02             4             1             1             1             1             1             1             1             1             1             1             1             1             1             1             1             1             1             1 -48007.52166118 264.941883200   -2 
 100 0.00226393042 0.02290026105 -25402.721485 0.19773447326 0.08252196852 1.63053111323 0.67462041980 0.56442792162 0.50393351692 0.44902483648 0.40523591013 0.37438915254 0.35074544740 0.33728917095 0.33824743859 0.34552099960 0.35802356495 0.36914190156 0.37902172396  0.3797468945 0.36117796367 0.30600990723 0.23632265829 0.11567023985 -145.7277122769 0.19585485092   -2 
 200 0.00223158962 0.02307471696 -45912.410267 0.22989209526 0.14395103070 0.43281882904 0.66763171992 0.55784476902 0.49267042212 0.44093521581 0.39853619801 0.36504977950 0.34206647358 0.33195378190 0.33245932177 0.34141604269 0.35559461858 0.36790238001 0.37869120912 0.38015356666 0.36286078557 0.32004526450 0.24181235069 0.11309660837 -143.5326897198 0.01283296628   -2 
 300 0.00216001926 0.02308319622 -37144.111557 0.25256062185 0.15860086944 0.31623467189 0.66689664622 0.55702175402 0.49178045497 0.43996807830 0.39768454926 0.36427917228 0.34168440997 0.33157869536 0.33229533371 0.34129124449 0.35565230443 0.36831976429 0.37946979735 0.38086542730 0.36415668949 0.32132763630 0.24309428420 0.11551370396 -143.4857824773 0.00368469697   -2 
 400 0.00212610416 0.02303619992 -18833.653699 0.28965187173 0.16615894800 0.32600448611 0.66929084707 0.55919468815 0.49313359022 0.44191426230 0.39920666811 0.36606956078 0.34263624133 0.33277758142 0.33364000285 0.34180339162 0.35672853621 0.36942326990 0.37840354315 0.38101566790 0.36462202344 0.32077257714 0.24296824983 0.11695480411 -143.4079582249 0.05667846241   -2 
 500 0.00208103413 0.02299869668 -6740.8044123 0.40508791837 0.19219522380 0.19919267719 0.67148215688 0.56050759462 0.49611254523 0.44336843582 0.39976360657 0.36501866578 0.34221952954 0.33245028182 0.33334779296 0.34324561449 0.35742977632 0.37049010413 0.38083095351 0.38321305464 0.36595894475 0.32394162558 0.24200901265 0.11849188089 -143.2341417299 0.09623186926   -2 
 600 0.00202313760 0.02301146966 -1902.0880232 0.75316061819 0.22068243127 0.07188715412 0.67496227907 0.56181250529 0.49357411063 0.44068222970 0.39726507543 0.36330339068 0.34105120830 0.33048247788 0.33128271345 0.34061089906 0.35496528120 0.36832189045 0.37940573956 0.38029601357 0.36463485966 0.32234736304 0.24368480627 0.11804514750 -142.7833372613 0.06007159838   -2 
 700 0.00202153070 0.02300197970 -1020.4423691 1.15521733135 0.22768747605 0.03948264478 0.67879142172 0.56315067634 0.49433146607 0.44040690722 0.39704997683 0.36312639701 0.34010685822 0.32990823430 0.33042423605 0.33942845151 0.35401419031 0.36676993313 0.37825957616 0.38011753965 0.36393033690 0.32175809497 0.24431221379 0.11873188587 -142.6640282875 0.00475988733   -2 
 800 0.00191860008 0.02300969796 -1203.0135308 1.04088611974 0.22782405204 0.01130299771 0.67707670886 0.56191052849 0.49360636764 0.44017387167 0.39683448538 0.36311014494 0.34044823696 0.33025026088 0.33095855984 0.34026583146 0.35483277080 0.36776613522 0.37943303654 0.38140266286 0.36531485125 0.32364776801 0.24578013525 0.12137088161 -142.6196539382 0.01296232148   -2 
 900 0.00194165401 0.02300591189 -1005.0293824 1.20074580208 0.22916186237 0.01083251695 0.67826181462 0.56247091106 0.49374063122 0.44003756885 0.39677237076 0.36294990101 0.34002130465 0.32991307918 0.33055882266 0.33979316364 0.35435307664 0.36726408145 0.37872930492 0.38083012125 0.36477356519 0.32269029066 0.24543918572 0.12062756601 -142.5979942265 0.00231775424   -2 
1000 0.00195184171 0.02300365732 -927.79961732 1.28835160088 0.22966277679 0.01028417174 0.67885212773 0.56272522798 0.49383116146 0.44009023999 0.39669880953 0.36286803512 0.33991833363 0.32980947871 0.33048931967 0.33966341972 0.35416816462 0.36708010690 0.37850669712 0.38062203083 0.36457593711 0.32248411951 0.24522000052 0.12030587871 -142.5925732747 0.00232100274   -2 
1100 0.00195501199 0.02300308420 -903.04011912 1.32177917405 0.22985019614 0.00987748796 0.67900690312 0.56283077406 0.49381047889 0.44000144836 0.39666207119 0.36282496023 0.33984598419 0.32968920739 0.33029055867 0.33964496883 0.35411826899 0.36700552545 0.37844629994 0.38049970598 0.36449599714 0.32242537601 0.24516039244 0.12027795360 -142.5907882124 0.00294418180   -2 
1200 0.00195684801 0.02300239794 -887.40412603 1.34394665381 0.22996008517 0.00952337096 0.67912798195 0.56287615950 0.49385263462 0.44001317486 0.39666413505 0.36282108590 0.33985534392 0.32973725776 0.33035492491 0.33957869328 0.35410842836 0.36699779153 0.37845087627 0.38052372056 0.36446995606 0.32239411806 0.24528819840 0.12026571508 -142.5895284201 0.00291723177   -2 
1300 0.00196397093 0.02299970546 -806.65823920 1.48320780568 0.23055934235 0.00733928533 0.67981475189 0.56311029845 0.49388136167 0.43994938792 0.39657295683 0.36265355753 0.33972475733 0.32959391534 0.33019636478 0.33941922257 0.35395060709 0.36683933245 0.37826652749 0.38035832420 0.36425842999 0.32220053159 0.24499187512 0.12010478289 -142.5836400777 0.00163460368   -2 
1400 0.00189647358 0.02300151683 -894.33050392 1.34248784443 0.23022370970 0.00255394950 0.67895012168 0.56270451459 0.49372891249 0.43993035468 0.39663897475 0.36280897687 0.33989951261 0.32977923473 0.33044807339 0.33970982758 0.35428188333 0.36720699390 0.37867824439 0.38082568790 0.36480831584 0.32281293402 0.24586243860 0.12158001902 -142.5739221109 0.00110114278   -2 
1500 0.00190337927 0.02300041228 -873.40387440 1.37310680514 0.23034690682 0.00253657236 0.67915742239 0.56279144458 0.49376950877 0.43997057569 0.39664144814 0.36281384165 0.33988093688 0.32976087517 0.33041000085 0.33965762929 0.35422388364 0.36715122613 0.37865054679 0.38078175269 0.36477525058 0.32276829802 0.24567119560 0.12149606335 -142.5728911069 0.00109394910   -2 
1593 0.00192699360 0.02299975183 -809.79267692 1.48437469802 0.23075075852 0.00246369618 0.67965463945 0.56298042627 0.49378613125 0.43989748874 0.39653204861 0.36267925201 0.33973514926 0.32962197170 0.33026409591 0.33948962529 0.35404495723 0.36695494644 0.37843342953 0.38055052410 0.36453045325 0.32250228619 0.24541634115 0.12088409095 -142.5710395416 0.00017477387   -3 
-- Local optimization: stuck in the same solution
-- Found new optimum with likelihood -142.571039541605330 and gradient 0.00017

---- Best joint likelihood found -142.571039541605330 with gradient 0.00017

---- Results for output/tetraploid/polydfe/pubescens_south/spectra/sfs.txt 
--  Model: C
--        eps_an     theta_bar             a 
-- 0.00192699360 0.02299975183            -1 
--           S_d             b           p_b           S_b 
-- -809.79267692 1.48437469802 0.23075075852 0.00246369618 
--           r 2           r 3           r 4           r 5           r 6           r 7           r 8           r 9          r 10          r 11          r 12          r 13          r 14          r 15          r 16          r 17          r 18          r 19 
-- 0.67965463945 0.56298042627 0.49378613125 0.43989748874 0.39653204861 0.36267925201 0.33973514926 0.32962197170 0.33026409591 0.33948962529 0.35404495723 0.36695494644 0.37843342953 0.38055052410 0.36453045325 0.32250228619 0.24541634115 0.12088409095 

---- Expected P_neut(i), 0 < i < n (neutral SFS per site) 
E[P_neut(1)] = 0.0229557134
E[P_neut(2)] = 0.0078014870
E[P_neut(3)] = 0.0043086603
E[P_neut(4)] = 0.0028347782
E[P_neut(5)] = 0.0020207317
E[P_neut(6)] = 0.0015182921
E[P_neut(7)] = 0.0011906023
E[P_neut(8)] = 0.0009761535
E[P_neut(9)] = 0.0008421028
E[P_neut(10)] = 0.0007595992
E[P_neut(11)] = 0.0007100897
E[P_neut(12)] = 0.0006791534
E[P_neut(13)] = 0.0006502662
E[P_neut(14)] = 0.0006234364
E[P_neut(15)] = 0.0005862794
E[P_neut(16)] = 0.0005284683
E[P_neut(17)] = 0.0004437983
E[P_neut(18)] = 0.0003280412
E[P_neut(19)] = 0.0001903702

---- Expected P_sel(i), 0 < i < n (selected SFS per site) 
E[P_sel(1)] = 0.0062630783
E[P_sel(2)] = 0.0018531760
E[P_sel(3)] = 0.0010051552
E[P_sel(4)] = 0.0006581844
E[P_sel(5)] = 0.0004682775
E[P_sel(6)] = 0.0003515008
E[P_sel(7)] = 0.0002754817
E[P_sel(8)] = 0.0002257829
E[P_sel(9)] = 0.0001947323
E[P_sel(10)] = 0.0001756265
E[P_sel(11)] = 0.0001641622
E[P_sel(12)] = 0.0001569992
E[P_sel(13)] = 0.0001503147
E[P_sel(14)] = 0.0001441094
E[P_sel(15)] = 0.0001355199
E[P_sel(16)] = 0.0001221600
E[P_sel(17)] = 0.0001026014
E[P_sel(18)] = 0.0000759237
E[P_sel(19)] = 0.0000458524

---- alpha_dfe = 0.999426

