---- Running command
---- ./polyDFE -d output/tetraploid/polydfe/pubescens_south/spectra/sfs.txt -m C -i resources/polydfe/init_model_C.txt 1 -v 100 
---- Performing inference using model C

---- Performing inference on output/tetraploid/polydfe/pubescens_south/spectra/sfs.txt
----      with -i resources/polydfe/init_model_C.txt 1
---- Data output/tetraploid/polydfe/pubescens_south/spectra/sfs.txt does not contain divergence counts. Using option -w.
---- No mutation variability. Using Poisson likelihood.


---- Using provided initial values

-- Starting local optimization
-- Optimizing all parameters
  it     theta_bar           S_d             b           p_b           S_b           r 2           r 3           r 4           r 5           r 6           r 7           r 8           r 9          r 10          r 11          r 12          r 13          r 14          r 15          r 16          r 17          r 18          r 19           ln lk          grad status 
   0         0.001          -400           0.4          0.02             4             1             1             1             1             1             1             1             1             1             1             1             1             1             1             1             1             1             1 -47325.54361581 264.815905702   -2 
 100 0.02282832865 -40895.011235 0.18536263546 0.08318431985 1.27070184479 0.67477101934 0.56548035762 0.50149811061 0.45008852163 0.40744175733 0.37242817101 0.35015399546 0.33850218241 0.33986093076 0.34838024406 0.36166307580 0.37310257737 0.38322615018 0.38438203417 0.36855643910 0.32719417959 0.25413822360 0.15750132842 -144.6226192679 0.07935445429   -2 
 200 0.02297483742 -47334.687045 0.21058833038 0.12350531609 0.64499059688 0.66913303871 0.56116256865 0.49518657364 0.44343126755 0.39895271975 0.36778967476 0.34445798442 0.33455559027 0.33471010091 0.34438675605 0.35796712999 0.36989174638 0.38123307211 0.38300390802 0.36626032402 0.32605674860 0.25527923243 0.15393368128 -143.7209186654 0.06563924292   -2 
 300 0.02303076058 -49340.868911 0.23013151746 0.14643423538 0.40178918901 0.66709465494 0.55748164193 0.49231771737 0.44058093888 0.39835297838 0.36499596686 0.34236688630 0.33221690020 0.33289643994 0.34212771520 0.35655297313 0.36931836241 0.38073513219 0.38293800373 0.36746282292 0.32717773859 0.25559375249 0.15895222930 -143.5430903369 0.00217551336   -2 
 400 0.02303206424 -48883.764603 0.23080447576 0.14679847970 0.40085738319 0.66708099050 0.55744779472 0.49228377050 0.44054699230 0.39828943681 0.36496349706 0.34224847629 0.33221365545 0.33286012772 0.34204302593 0.35651136727 0.36930659152 0.38070513859 0.38289709434 0.36741621634 0.32713285257 0.25554006754 0.15905849145 -143.5416664263 0.00197424665   -2 
 500 0.02302977034 -46129.902939 0.23419943490 0.14841126070 0.39413694574 0.66729072541 0.55749123039 0.49235609609 0.44041822835 0.39842406739 0.36475836761 0.34224576265 0.33219765111 0.33284239042 0.34204504515 0.35645080901 0.36929873846 0.38068225351 0.38282124050 0.36735486513 0.32718954742 0.25551505817 0.15911607550 -143.5336386614 0.01348316357   -2 
 600 0.02300359414 -16899.127537 0.30380242773 0.17144065560 0.31548407120 0.66951243954 0.55903641950 0.49370603835 0.44140509398 0.39895276074 0.36567058490 0.34244618063 0.33236393790 0.33295253745 0.34201343869 0.35644850626 0.36962460816 0.38096663815 0.38330202022 0.36766777051 0.32745388738 0.25642246614 0.16015835015 -143.3756954798 0.01922217776   -2 
 700 0.02301325708 -8310.8560940 0.39040063298 0.19174552186 0.22493435046 0.66991234674 0.55914130887 0.49298873683 0.44063518901 0.39821522133 0.36445796378 0.34172992005 0.33164607637 0.33226996264 0.34144675347 0.35603418769 0.36883556756 0.38039862382 0.38297171660 0.36770121533 0.32762678739 0.25591958693 0.15939135128 -143.2127884262 0.01660036133   -2 
 800 0.02299819495 -4727.6996894 0.48332100158 0.20382320092 0.17139263055 0.67168163158 0.55991704874 0.49317322832 0.44093645992 0.39808051276 0.36428730267 0.34152521792 0.33143479372 0.33207433845 0.34128806662 0.35581543869 0.36879628028 0.38039851370 0.38307848604 0.36774571492 0.32768406531 0.25685968170 0.15962046461 -143.0704635267 0.01058006569   -2 
 834 0.02300678224 -4594.8335026 0.49120847226 0.20480433276 0.16863183376 0.67152449657 0.55968311418 0.49308785744 0.44048046289 0.39773331500 0.36412156141 0.34129613164 0.33116834280 0.33180014669 0.34100012013 0.35552383904 0.36846529677 0.38006260019 0.38256812427 0.36737547341 0.32739836175 0.25600607633 0.15939199293 -143.0636484615 0.00509033349   -8 
-- Local optimization: reached maximum number of likelihood evaluations allowed.
-- Found new optimum with likelihood -143.063648461535422 and gradient 0.00509

---- Best joint likelihood found -143.063648461535422 with gradient 0.00509

---- Results for output/tetraploid/polydfe/pubescens_south/spectra/sfs.txt 
--  Model: C
--        eps_an     theta_bar             a 
--             0 0.02300678224            -1 
--           S_d             b           p_b           S_b 
-- -4594.8335026 0.49120847226 0.20480433276 0.16863183376 
--           r 2           r 3           r 4           r 5           r 6           r 7           r 8           r 9          r 10          r 11          r 12          r 13          r 14          r 15          r 16          r 17          r 18          r 19 
-- 0.67152449657 0.55968311418 0.49308785744 0.44048046289 0.39773331500 0.36412156141 0.34129613164 0.33116834280 0.33180014669 0.34100012013 0.35552383904 0.36846529677 0.38006260019 0.38256812427 0.36737547341 0.32739836175 0.25600607633 0.15939199293 

---- Expected P_neut(i), 0 < i < n (neutral SFS per site) 
E[P_neut(1)] = 0.0230067822
E[P_neut(2)] = 0.0077248089
E[P_neut(3)] = 0.0042921692
E[P_neut(4)] = 0.0028360912
E[P_neut(5)] = 0.0020268076
E[P_neut(6)] = 0.0015250940
E[P_neut(7)] = 0.0011967522
E[P_neut(8)] = 0.0009815157
E[P_neut(9)] = 0.0008465687
E[P_neut(10)] = 0.0007633654
E[P_neut(11)] = 0.0007132105
E[P_neut(12)] = 0.0006816216
E[P_neut(13)] = 0.0006520924
E[P_neut(14)] = 0.0006245727
E[P_neut(15)] = 0.0005867774
E[P_neut(16)] = 0.0005282580
E[P_neut(17)] = 0.0004430813
E[P_neut(18)] = 0.0003272153
E[P_neut(19)] = 0.0001930051

---- Expected P_sel(i), 0 < i < n (selected SFS per site) 
E[P_sel(1)] = 0.0062500923
E[P_sel(2)] = 0.0018741373
E[P_sel(3)] = 0.0010095933
E[P_sel(4)] = 0.0006577840
E[P_sel(5)] = 0.0004665651
E[P_sel(6)] = 0.0003496058
E[P_sel(7)] = 0.0002737302
E[P_sel(8)] = 0.0002242889
E[P_sel(9)] = 0.0001934426
E[P_sel(10)] = 0.0001745361
E[P_sel(11)] = 0.0001632486
E[P_sel(12)] = 0.0001562517
E[P_sel(13)] = 0.0001497537
E[P_sel(14)] = 0.0001437317
E[P_sel(15)] = 0.0001353443
E[P_sel(16)] = 0.0001221497
E[P_sel(17)] = 0.0001027261
E[P_sel(18)] = 0.0000760757
E[P_sel(19)] = 0.0000450041

---- alpha_dfe = 0.950616

