---- Running command
---- ./polyDFE -d output/tetraploid/polydfe/pendula_south/spectra/sfs.txt -m C -i resources/polydfe/init_model_C.txt 2 -v 100 
---- Performing inference using model C

---- Performing inference on output/tetraploid/polydfe/pendula_south/spectra/sfs.txt
----      with -i resources/polydfe/init_model_C.txt 2
---- Data output/tetraploid/polydfe/pendula_south/spectra/sfs.txt does not contain divergence counts. Using option -w.
---- No mutation variability. Using Poisson likelihood.


---- Using provided initial values

-- Starting local optimization
-- Optimizing all parameters
  it     theta_bar           S_d             b           r 2           r 3           r 4           r 5           r 6           r 7           r 8           r 9          r 10          r 11          r 12          r 13          r 14          r 15          r 16          r 17          r 18          r 19           ln lk          grad status 
   0         0.001          -400           0.4             1             1             1             1             1             1             1             1             1             1             1             1             1             1             1             1             1             1 -10112.73316998 94.8440727749   -2 
 100 0.00750818974 -50049.758816 0.14738035248 0.82430923443 0.72491220541 0.66358596630 0.61312485218 0.56782794153 0.53516962042 0.50754017106 0.49123660229 0.49203596103 0.49250610702 0.50285295139 0.51938201824 0.54851305453 0.58027698996 0.62555197995 0.70836266725 0.87586371232 1.27629174464 -132.9568942991 0.07954578331   -2 
 200 0.00755645030 -91235.197863 0.13817803417 0.81803126913 0.71896710690 0.65701959444 0.60640726975 0.56449429084 0.52735378881 0.49865524863 0.48344735645 0.48368271522 0.48353293376 0.49478755564 0.51022145923 0.53830918573 0.56928851765 0.61393589272 0.69623896501 0.86136148678 1.25907284489 -132.1461316037 0.02446562173   -2 
 300 0.00755498065 -99356.173015 0.13692276548 0.81839246266 0.71848792362 0.65586906195 0.60722511731 0.56373799499 0.52874161035 0.49904670515 0.48401062651 0.48345413697 0.48443744592 0.49426464130 0.50978316489 0.53804109298 0.56908991115 0.61369765197 0.69565523849 0.86060261785 1.25715418123 -132.0560283102 0.00047921208   -2 
 332 0.00755505642 -99394.164470 0.13691906458 0.81837910024 0.71849447954 0.65587542292 0.60717462026 0.56374732147 0.52873095995 0.49902546822 0.48399479446 0.48346058053 0.48443887741 0.49427705038 0.50978398017 0.53804209889 0.56909589262 0.61370607568 0.69567567424 0.86061704101 1.25724574942 -132.0556614588 0.00026823081   -8 
-- Local optimization: reached maximum number of likelihood evaluations allowed.
-- Found new optimum with likelihood -132.055661458882696 and gradient 0.00027

---- Best joint likelihood found -132.055661458882696 with gradient 0.00027

---- Results for output/tetraploid/polydfe/pendula_south/spectra/sfs.txt 
--  Model: C
--        eps_an     theta_bar             a 
--             0 0.00755505642            -1 
--           S_d             b           p_b           S_b 
-- -99394.164470 0.13691906458             0             0 
--           r 2           r 3           r 4           r 5           r 6           r 7           r 8           r 9          r 10          r 11          r 12          r 13          r 14          r 15          r 16          r 17          r 18          r 19 
-- 0.81837910024 0.71849447954 0.65587542292 0.60717462026 0.56374732147 0.52873095995 0.49902546822 0.48399479446 0.48346058053 0.48443887741 0.49427705038 0.50978398017 0.53804209889 0.56909589262 0.61370607568 0.69567567424 0.86061704101 1.25724574942 

---- Expected P_neut(i), 0 < i < n (neutral SFS per site) 
E[P_neut(1)] = 0.0075550564
E[P_neut(2)] = 0.0030914501
E[P_neut(3)] = 0.0018094221
E[P_neut(4)] = 0.0012387940
E[P_neut(5)] = 0.0009174477
E[P_neut(6)] = 0.0007098571
E[P_neut(7)] = 0.0005706560
E[P_neut(8)] = 0.0004712707
E[P_neut(9)] = 0.0004062898
E[P_neut(10)] = 0.0003652572
E[P_neut(11)] = 0.0003327239
E[P_neut(12)] = 0.0003111909
E[P_neut(13)] = 0.0002962651
E[P_neut(14)] = 0.0002903527
E[P_neut(15)] = 0.0002866368
E[P_neut(16)] = 0.0002897865
E[P_neut(17)] = 0.0003091688
E[P_neut(18)] = 0.0003612228
E[P_neut(19)] = 0.0004999243

---- Expected P_sel(i), 0 < i < n (selected SFS per site) 
E[P_sel(1)] = 0.0020021809
E[P_sel(2)] = 0.0007140443
E[P_sel(3)] = 0.0003921541
E[P_sel(4)] = 0.0002577619
E[P_sel(5)] = 0.0001853001
E[P_sel(6)] = 0.0001400612
E[P_sel(7)] = 0.0001104542
E[P_sel(8)] = 0.0000897440
E[P_sel(9)] = 0.0000762837
E[P_sel(10)] = 0.0000677277
E[P_sel(11)] = 0.0000610088
E[P_sel(12)] = 0.0000564852
E[P_sel(13)] = 0.0000532801
E[P_sel(14)] = 0.0000517730
E[P_sel(15)] = 0.0000507075
E[P_sel(16)] = 0.0000508879
E[P_sel(17)] = 0.0000539174
E[P_sel(18)] = 0.0000625868
E[P_sel(19)] = 0.0000860882

---- alpha_dfe = 0.000000

