---- Running command
---- ./polyDFE -d output/tetraploid/polydfe/pendula_south/spectra/sfs.txt -m C -i resources/polydfe/init_model_C.txt 4 -v 100 
---- Performing inference using model C

---- Performing inference on output/tetraploid/polydfe/pendula_south/spectra/sfs.txt
----      with -i resources/polydfe/init_model_C.txt 4
---- Data output/tetraploid/polydfe/pendula_south/spectra/sfs.txt does not contain divergence counts. Using option -w.
---- No mutation variability. Using Poisson likelihood.


---- Using provided initial values

-- Starting local optimization
-- Optimizing all parameters
  it        eps_an     theta_bar           S_d             b           r 2           r 3           r 4           r 5           r 6           r 7           r 8           r 9          r 10          r 11          r 12          r 13          r 14          r 15          r 16          r 17          r 18          r 19           ln lk          grad status 
   0          0.05         0.001          -400           0.4             1             1             1             1             1             1             1             1             1             1             1             1             1             1             1             1             1             1 -10085.74165338 94.2734150240   -2 
 100 0.02901438606 0.00775165783 -49728.742575 0.14822992174 0.82187582951 0.72202262052 0.65922607234 0.60877220721 0.56442010615 0.52727416644 0.49628539953 0.47900418701 0.47577513297 0.47398153572 0.47895480748 0.48672473986 0.50439813088 0.51924277847 0.53729244798 0.56934268309 0.61834391592 0.58799904016 -131.1562652392 0.02162771632   -2 
 200 0.02757352618 0.00778060550 -87389.581404 0.13957893100 0.81846678589 0.71798117528 0.65432466616 0.60450135849 0.55975699189 0.52324878415 0.49182547729 0.47476590918 0.47165600429 0.46952856937 0.47476892948 0.48322492638 0.50131875565 0.51664852953 0.53588569733 0.57101519838 0.62652405928 0.61302507871 -130.7004899660 0.00422254686   -2 
 300 0.02791883025 0.00779310622 -91926.432413 0.13893011532 0.81731655393 0.71682548767 0.65216102446 0.60465970220 0.55851046055 0.52126178358 0.49098604519 0.47411055398 0.47101444418 0.46856476940 0.47354225460 0.48145291789 0.49893295790 0.51564141123 0.53584578791 0.56933701589 0.62836879911 0.59691622241 -130.6832517228 0.02783617704   -2 
 382 0.02796276761 0.00779289051 -98899.321769 0.13784392851 0.81772359966 0.71687984477 0.65327579139 0.60336336188 0.55861486166 0.52219180461 0.49078970455 0.47370459559 0.47056000625 0.46826388415 0.47333360743 0.48166587098 0.49952229514 0.51457232225 0.53336350103 0.56774515729 0.62113860519 0.60227437170 -130.6332423924 0.00099184716   -3 
-- Local optimization: stuck in the same solution
-- Found new optimum with likelihood -130.633242392412342 and gradient 0.00099

---- Best joint likelihood found -130.633242392412342 with gradient 0.00099

---- Results for output/tetraploid/polydfe/pendula_south/spectra/sfs.txt 
--  Model: C
--        eps_an     theta_bar             a 
-- 0.02796276761 0.00779289051            -1 
--           S_d             b           p_b           S_b 
-- -98899.321769 0.13784392851             0             0 
--           r 2           r 3           r 4           r 5           r 6           r 7           r 8           r 9          r 10          r 11          r 12          r 13          r 14          r 15          r 16          r 17          r 18          r 19 
-- 0.81772359966 0.71687984477 0.65327579139 0.60336336188 0.55861486166 0.52219180461 0.49078970455 0.47370459559 0.47056000625 0.46826388415 0.47333360743 0.48166587098 0.49952229514 0.51457232225 0.53336350103 0.56774515729 0.62113860519 0.60227437170 

---- Expected P_neut(i), 0 < i < n (neutral SFS per site) 
E[P_neut(1)] = 0.0075818872
E[P_neut(2)] = 0.0031046394
E[P_neut(3)] = 0.0018173943
E[P_neut(4)] = 0.0012444018
E[P_neut(5)] = 0.0009215684
E[P_neut(6)] = 0.0007130245
E[P_neut(7)] = 0.0005731585
E[P_neut(8)] = 0.0004733106
E[P_neut(9)] = 0.0004079766
E[P_neut(10)] = 0.0003667023
E[P_neut(11)] = 0.0003339322
E[P_neut(12)] = 0.0003121596
E[P_neut(13)] = 0.0002969181
E[P_neut(14)] = 0.0002905646
E[P_neut(15)] = 0.0002861542
E[P_neut(16)] = 0.0002881026
E[P_neut(17)] = 0.0003050518
E[P_neut(18)] = 0.0003504905
E[P_neut(19)] = 0.0004580274

---- Expected P_sel(i), 0 < i < n (selected SFS per site) 
E[P_sel(1)] = 0.0019941136
E[P_sel(2)] = 0.0007107540
E[P_sel(3)] = 0.0003901568
E[P_sel(4)] = 0.0002563742
E[P_sel(5)] = 0.0001842404
E[P_sel(6)] = 0.0001392278
E[P_sel(7)] = 0.0001097800
E[P_sel(8)] = 0.0000891946
E[P_sel(9)] = 0.0000758203
E[P_sel(10)] = 0.0000673336
E[P_sel(11)] = 0.0000606799
E[P_sel(12)] = 0.0000562201
E[P_sel(13)] = 0.0000530891
E[P_sel(14)] = 0.0000516772
E[P_sel(15)] = 0.0000507708
E[P_sel(16)] = 0.0000512337
E[P_sel(17)] = 0.0000548584
E[P_sel(18)] = 0.0000652383
E[P_sel(19)] = 0.0000982570

---- alpha_dfe = 0.000000

