---- Running command
---- ./polyDFE -d output/tetraploid/polydfe/pendula_south/spectra/sfs.txt -m C -i resources/polydfe/init_model_C.txt 3 -v 100 
---- Performing inference using model C

---- Performing inference on output/tetraploid/polydfe/pendula_south/spectra/sfs.txt
----      with -i resources/polydfe/init_model_C.txt 3
---- Data output/tetraploid/polydfe/pendula_south/spectra/sfs.txt does not contain divergence counts. Using option -w.
---- No mutation variability. Using Poisson likelihood.


---- Using provided initial values

-- Starting local optimization
-- Optimizing all parameters
  it        eps_an     theta_bar           S_d             b           p_b           S_b           r 2           r 3           r 4           r 5           r 6           r 7           r 8           r 9          r 10          r 11          r 12          r 13          r 14          r 15          r 16          r 17          r 18          r 19           ln lk          grad status 
   0          0.05         0.001          -400           0.4          0.02             4             1             1             1             1             1             1             1             1             1             1             1             1             1             1             1             1             1             1 -9644.249732597 90.1933300896   -2 
 100 0.01060133323 0.00767934073 -13134.455394 0.20946025768 0.05094016827 1.85376794399 0.82726437916 0.72711683001 0.66322738599 0.61226835086 0.56415960773 0.52456032714 0.49266708258 0.47547107047 0.47102739148 0.46871988100 0.47437951540 0.48261802691 0.50105903774 0.51966043266 0.54764875638 0.60273060674 0.71154324332 0.92093525218 -129.2528080065 0.06646201287   -2 
 200 0.00868949121 0.00765500959 -14884.114798 0.20391041707 0.04889092885 1.72008538624 0.82688350745 0.72669586062 0.66137515771 0.61102084909 0.56499204629 0.52747658933 0.49558640456 0.47714122058 0.47365062809 0.47153955335 0.47714903293 0.48735626476 0.50802501870 0.52900219011 0.55968540490 0.61856030794 0.73533393513 0.97563319360 -129.1518948279 0.00942942366   -2 
 300 0.00675146837 0.00764762726 -16074.525082 0.20060337181 0.04701316394 1.83658126286 0.82635730199 0.72594028136 0.66145524500 0.61043675579 0.56463591288 0.52728878126 0.49517836082 0.47758606980 0.47410019380 0.47177033138 0.47753872702 0.48790529262 0.50940121200 0.53163239691 0.56375123519 0.62506509735 0.74773279217 1.00961267243 -129.1253750246 0.01515012389   -2 
 400 0.00395995670 0.00762164156 -18028.201352 0.19258186252 0.03940576040 2.19955511354 0.82655700537 0.72636341131 0.66203029698 0.61151949131 0.56604621179 0.52874569908 0.49705367806 0.47967031722 0.47646490750 0.47445797075 0.48077304293 0.49190773107 0.51441684000 0.53808816541 0.57245928272 0.63791765203 0.77026321966 1.07175895865 -129.0766000212 0.00171818898   -2 
 500 0.00279254237 0.00761592910 -20196.395641 0.18776614471 0.03629007342 2.38256138644 0.82596319960 0.72574956911 0.66176952269 0.61112172148 0.56572318519 0.52876726630 0.49717686332 0.47981307477 0.47686807790 0.47510194346 0.48165763839 0.49302730936 0.51588071339 0.54013884976 0.57542544967 0.64241691001 0.77849316357 1.09482253093 -129.0608141812 0.00290549745   -2 
 600 0.00199399576 0.00760705491 -20529.813068 0.18561301985 0.03333321178 2.64784907885 0.82637066218 0.72619561299 0.66207471324 0.61182837022 0.56654939754 0.52952566303 0.49791919888 0.48086449785 0.47791788957 0.47612977530 0.48322585386 0.49464761225 0.51770122741 0.54230600305 0.57809907249 0.64600138183 0.78425562486 1.11032628724 -129.0524826914 0.00849544965   -2 
 700 0.00190059037 0.00761005909 -21176.972441 0.18525293601 0.03395687214 2.59225480221 0.82583236668 0.72574280607 0.66176282989 0.61129152889 0.56589270641 0.52897688865 0.49746353862 0.48032988461 0.47740124782 0.47580839919 0.48226284479 0.49390048163 0.51701185767 0.54163496830 0.57747209054 0.64553710261 0.78438047672 1.11121602346 -129.0505544359 0.00207865728   -2 
 800 0.00136082778 0.00760437525 -21090.364150 0.18483981083 0.03308290192 2.68346184979 0.82605207191 0.72594911105 0.66196798380 0.61162388231 0.56631864296 0.52944346814 0.49783897908 0.48079484913 0.47796982154 0.47637608199 0.48310109391 0.49481104994 0.51812320629 0.54299714760 0.57924623710 0.64811387160 0.78859816574 1.12244643033 -129.0451887393 0.00068391988   -2 
 900 0.00129382915 0.00760625293 -21457.949393 0.18468123268 0.03350469717 2.64029487715 0.82583363591 0.72562558760 0.66170186585 0.61129816865 0.56601456712 0.52911397270 0.49760954078 0.48047380310 0.47764673892 0.47605016979 0.48281060495 0.49442706293 0.51778959021 0.54269190608 0.57903966591 0.64817391348 0.78862354241 1.12350179105 -129.0443898582 0.00103365446   -2 
1000 0.00107782274 0.00760211648 -20755.202593 0.18519943908 0.03294658215 2.73952031233 0.82618651776 0.72613052367 0.66220003154 0.61181347043 0.56653365798 0.52960822177 0.49800452991 0.48099746046 0.47816704687 0.47655254682 0.48332895441 0.49502402791 0.51838021376 0.54331975477 0.57965341464 0.64873471041 0.78978514169 1.12667852169 -129.0429876734 0.00187493528   -2 
1100 0.00104895423 0.00760396058 -21327.412611 0.18472582897 0.03332196675 2.65240809488 0.82591608196 0.72573083031 0.66171734566 0.61142615026 0.56611974845 0.52934053084 0.49773570801 0.48074502516 0.47795016661 0.47636826438 0.48313675142 0.49491221005 0.51832120590 0.54335777354 0.57990870563 0.64931250955 0.79089189486 1.12900401566 -129.0419834151 0.00371310006   -2 
1200 0.00089690513 0.00760004687 -20813.724863 0.18503577354 0.03284341283 2.73175095327 0.82614626648 0.72613309087 0.66213517595 0.61191954454 0.56661816572 0.52973263416 0.49817341038 0.48114100245 0.47840047203 0.47673621794 0.48353379275 0.49533422361 0.51873908365 0.54373537868 0.58044913054 0.64992945559 0.79177603872 1.13145655173 -129.0409881345 0.00144193045   -2 
1300 0.00084922659 0.00760269327 -21413.975763 0.18467619380 0.03340206858 2.65750588879 0.82582929518 0.72579176084 0.66177247722 0.61141509668 0.56614082048 0.52923704193 0.49777941320 0.48062144128 0.47794905330 0.47643054149 0.48319415813 0.49500892153 0.51847797879 0.54356139348 0.58028215557 0.64986124373 0.79204711977 1.13242624088 -129.0399899946 0.00112582788   -2 
1400 0.00074487302 0.00760174733 -21169.027281 0.18489431441 0.03325884748 2.70263037550 0.82600792905 0.72589621379 0.66189932517 0.61156339408 0.56629776597 0.52945782142 0.49789773246 0.48094826228 0.47798118588 0.47634527368 0.48325569375 0.49505731300 0.51852303619 0.54367264147 0.58027240188 0.64991193472 0.79241359056 1.13375854340 -129.0392379675 0.00745211842   -2 
1500 0.00068819390 0.00760088456 -21281.110570 0.18473110551 0.03323982478 2.68027224861 0.82595087940 0.72584464373 0.66189981277 0.61154207528 0.56627232256 0.52942503408 0.49785277362 0.48086001912 0.47807290209 0.47655055871 0.48336140203 0.49520331498 0.51871685777 0.54390452171 0.58067581629 0.65049978171 0.79319722664 1.13575614365 -129.0383960821 0.00042378134   -2 
1600 0.00058318714 0.00760068925 -21522.974326 0.18453248467 0.03339611753 2.64780693806 0.82584850081 0.72571292583 0.66175684120 0.61141738616 0.56612454250 0.52933735136 0.49775106578 0.48078008678 0.47802386119 0.47649933132 0.48335983202 0.49524539981 0.51881815949 0.54410357500 0.58099423829 0.65105353357 0.79428427543 1.13844478562 -129.0374964414 0.00111824121   -2 
1700 0.00057190370 0.00760036320 -21324.985568 0.18469747956 0.03326311259 2.67936598853 0.82590920503 0.72579732788 0.66194218862 0.61161936252 0.56622523201 0.52932303740 0.49786999522 0.48089497459 0.47812943341 0.47660967311 0.48344616224 0.49532264009 0.51887672996 0.54399869770 0.58106704866 0.65099413462 0.79407424729 1.13813389022 -129.0372983230 0.00273336317   -2 
1800 0.00053545545 0.00759974088 -21330.591671 0.18466784174 0.03322984407 2.67840695375 0.82593201049 0.72585751624 0.66191170769 0.61155980518 0.56628185162 0.52945474417 0.49792453244 0.48087074440 0.47811629447 0.47659950817 0.48346408026 0.49532861029 0.51890615001 0.54422258572 0.58105729253 0.65108770204 0.79440643762 1.13898040329 -129.0369291782 0.00216819043   -2 
1900 0.00051483242 0.00759949807 -21287.126073 0.18469270915 0.03318857215 2.68542502632 0.82596287663 0.72586790154 0.66192375233 0.61157155970 0.56632101444 0.52949193315 0.49791603809 0.48092807758 0.47817192477 0.47665343880 0.48350170610 0.49538735573 0.51896177452 0.54424674883 0.58114801737 0.65122711168 0.79455876964 1.13932799307 -129.0367273414 0.00023574314   -2 
2000 0.00050834332 0.00759943256 -21310.146010 0.18468269015 0.03321216199 2.68288709673 0.82595135777 0.72587901175 0.66185247824 0.61160690861 0.56632736825 0.52953352268 0.49792773747 0.48095341761 0.47814178905 0.47663966039 0.48349415348 0.49538002754 0.51897221220 0.54433083603 0.58115144676 0.65120711027 0.79461749614 1.13955359779 -129.0366723770 0.00160084913   -2 
2001 0.00050834332 0.00759943256 -21310.146010 0.18468269015 0.03321216199 2.68288709673 0.82595135777 0.72587901175 0.66185247824 0.61160690861 0.56632736825 0.52953352268 0.49792773747 0.48095341761 0.47814178905 0.47663966039 0.48349415348 0.49538002754 0.51897221220 0.54433083603 0.58115144676 0.65120711027 0.79461749614 1.13955359779 -129.0366723770 0.00160084913   -2 
-- Local optimization: reached maximum number of iterations allowed
-- Found new optimum with likelihood -129.036672377045363 and gradient 0.00160

---- Best joint likelihood found -129.036672377045363 with gradient 0.00160

---- Results for output/tetraploid/polydfe/pendula_south/spectra/sfs.txt 
--  Model: C
--        eps_an     theta_bar             a 
-- 0.00050834332 0.00759943256            -1 
--           S_d             b           p_b           S_b 
-- -21310.146010 0.18468269015 0.03321216199 2.68288709673 
--           r 2           r 3           r 4           r 5           r 6           r 7           r 8           r 9          r 10          r 11          r 12          r 13          r 14          r 15          r 16          r 17          r 18          r 19 
-- 0.82595135777 0.72587901175 0.66185247824 0.61160690861 0.56632736825 0.52953352268 0.49792773747 0.48095341761 0.47814178905 0.47663966039 0.48349415348 0.49538002754 0.51897221220 0.54433083603 0.58115144676 0.65120711027 0.79461749614 1.13955359779 

---- Expected P_neut(i), 0 < i < n (neutral SFS per site) 
E[P_neut(1)] = 0.0075958011
E[P_neut(2)] = 0.0031369560
E[P_neut(3)] = 0.0018379695
E[P_neut(4)] = 0.0012569269
E[P_neut(5)] = 0.0009292407
E[P_neut(6)] = 0.0007170730
E[P_neut(7)] = 0.0005747342
E[P_neut(8)] = 0.0004729112
E[P_neut(9)] = 0.0004060691
E[P_neut(10)] = 0.0003633606
E[P_neut(11)] = 0.0003293291
E[P_neut(12)] = 0.0003062749
E[P_neut(13)] = 0.0002897302
E[P_neut(14)] = 0.0002819282
E[P_neut(15)] = 0.0002761061
E[P_neut(16)] = 0.0002765252
E[P_neut(17)] = 0.0002918929
E[P_neut(18)] = 0.0003369050
E[P_neut(19)] = 0.0004594188

---- Expected P_sel(i), 0 < i < n (selected SFS per site) 
E[P_sel(1)] = 0.0019908922
E[P_sel(2)] = 0.0007015907
E[P_sel(3)] = 0.0003843542
E[P_sel(4)] = 0.0002527345
E[P_sel(5)] = 0.0001821124
E[P_sel(6)] = 0.0001380943
E[P_sel(7)] = 0.0001093731
E[P_sel(8)] = 0.0000893069
E[P_sel(9)] = 0.0000763580
E[P_sel(10)] = 0.0000682379
E[P_sel(11)] = 0.0000619338
E[P_sel(12)] = 0.0000578285
E[P_sel(13)] = 0.0000550654
E[P_sel(14)] = 0.0000540799
E[P_sel(15)] = 0.0000536070
E[P_sel(16)] = 0.0000545109
E[P_sel(17)] = 0.0000586279
E[P_sel(18)] = 0.0000692345
E[P_sel(19)] = 0.0000971670

---- alpha_dfe = 0.450546

