---- Running command
---- ./polyDFE -d output/tetraploid/polydfe/pendula_south/spectra/sfs.txt -m C -i resources/polydfe/init_model_C.txt 1 -v 100 
---- Performing inference using model C

---- Performing inference on output/tetraploid/polydfe/pendula_south/spectra/sfs.txt
----      with -i resources/polydfe/init_model_C.txt 1
---- Data output/tetraploid/polydfe/pendula_south/spectra/sfs.txt does not contain divergence counts. Using option -w.
---- No mutation variability. Using Poisson likelihood.


---- Using provided initial values

-- Starting local optimization
-- Optimizing all parameters
  it     theta_bar           S_d             b           p_b           S_b           r 2           r 3           r 4           r 5           r 6           r 7           r 8           r 9          r 10          r 11          r 12          r 13          r 14          r 15          r 16          r 17          r 18          r 19           ln lk          grad status 
   0         0.001          -400           0.4          0.02             4             1             1             1             1             1             1             1             1             1             1             1             1             1             1             1             1             1             1 -9612.108972889 90.2342201649   -2 
 100 0.00757630667 -11601.021579 0.21201288036 0.04947026708 1.89694837323 0.83017027305 0.72985819525 0.66557699369 0.61485716504 0.56908825977 0.53185369202 0.49956263840 0.48255080200 0.47950779340 0.47787657503 0.48449184515 0.49605113590 0.51948092311 0.54489176595 0.58239292277 0.65386339052 0.79994421779 1.15383501032 -129.0790789668 0.00654232441   -2 
 200 0.00759394270 -15404.943276 0.20205464766 0.04738387246 1.85500731988 0.82729242854 0.72684349215 0.66271348393 0.61205764405 0.56629475504 0.52927574389 0.49753206713 0.48037351083 0.47747448440 0.47588322688 0.48273088936 0.49460427859 0.51826508627 0.54390556294 0.58159429556 0.65319338403 0.79952282487 1.15426528655 -129.0529014993 0.00250214231   -2 
 300 0.00759626958 -17733.298014 0.19435934525 0.04143104331 2.13581107462 0.82660713559 0.72624448625 0.66226081769 0.61165049450 0.56611785483 0.52932297730 0.49739678486 0.48049335158 0.47765589869 0.47622000963 0.48293796860 0.49466703098 0.51838799378 0.54399425417 0.58147053070 0.65264965587 0.79878277021 1.15202577268 -129.0402955909 0.00288633253   -2 
 400 0.00759019012 -17782.725435 0.19188669371 0.03759230916 2.41279897908 0.82709879696 0.72704658849 0.66312115531 0.61256477657 0.56718257107 0.53028449239 0.49858869183 0.48151276106 0.47869776025 0.47712985388 0.48399057269 0.49590655466 0.51958538763 0.54508470969 0.58240632330 0.65332101645 0.79863744653 1.15081518869 -129.0359335230 0.00285306331   -2 
 500 0.00759728000 -22099.833212 0.18340458518 0.03255296359 2.72548043076 0.82569353258 0.72563827074 0.66173007036 0.61136042384 0.56611647870 0.52934993448 0.49784863592 0.48100714604 0.47823053535 0.47690136072 0.48374548175 0.49575021362 0.51950529163 0.54507724542 0.58242518374 0.65332675503 0.79844241480 1.15011939046 -129.0321353392 0.00121475242   -2 
 585 0.00759642860 -21794.126348 0.18368408704 0.03242242510 2.76125782145 0.82585017489 0.72578829720 0.66187577270 0.61157396431 0.56635666081 0.52955335019 0.49803344314 0.48109186228 0.47838813928 0.47692995925 0.48386416212 0.49586523103 0.51959898840 0.54511997851 0.58240703675 0.65318501964 0.79814741675 1.14930571346 -129.0319288348 0.00006218309    0 
-- Found new optimum with likelihood -129.031928834821258 and gradient 0.00006

---- Best joint likelihood found -129.031928834821258 with gradient 0.00006

---- Results for output/tetraploid/polydfe/pendula_south/spectra/sfs.txt 
--  Model: C
--        eps_an     theta_bar             a 
--             0 0.00759642860            -1 
--           S_d             b           p_b           S_b 
-- -21794.126348 0.18368408704 0.03242242510 2.76125782145 
--           r 2           r 3           r 4           r 5           r 6           r 7           r 8           r 9          r 10          r 11          r 12          r 13          r 14          r 15          r 16          r 17          r 18          r 19 
-- 0.82585017489 0.72578829720 0.66187577270 0.61157396431 0.56635666081 0.52955335019 0.49803344314 0.48109186228 0.47838813928 0.47692995925 0.48386416212 0.49586523103 0.51959898840 0.54511997851 0.58240703675 0.65318501964 0.79814741675 1.14930571346 

---- Expected P_neut(i), 0 < i < n (neutral SFS per site) 
E[P_neut(1)] = 0.0075964286
E[P_neut(2)] = 0.0031367559
E[P_neut(3)] = 0.0018377997
E[P_neut(4)] = 0.0012569730
E[P_neut(5)] = 0.0009291556
E[P_neut(6)] = 0.0007170480
E[P_neut(7)] = 0.0005746735
E[P_neut(8)] = 0.0004729094
E[P_neut(9)] = 0.0004060644
E[P_neut(10)] = 0.0003634041
E[P_neut(11)] = 0.0003293604
E[P_neut(12)] = 0.0003063033
E[P_neut(13)] = 0.0002897542
E[P_neut(14)] = 0.0002819355
E[P_neut(15)] = 0.0002760643
E[P_neut(16)] = 0.0002765133
E[P_neut(17)] = 0.0002918749
E[P_neut(18)] = 0.0003368372
E[P_neut(19)] = 0.0004595063

---- Expected P_sel(i), 0 < i < n (selected SFS per site) 
E[P_sel(1)] = 0.0019908341
E[P_sel(2)] = 0.0007016699
E[P_sel(3)] = 0.0003843966
E[P_sel(4)] = 0.0002527869
E[P_sel(5)] = 0.0001821174
E[P_sel(6)] = 0.0001380976
E[P_sel(7)] = 0.0001093612
E[P_sel(8)] = 0.0000893010
E[P_sel(9)] = 0.0000763484
E[P_sel(10)] = 0.0000682354
E[P_sel(11)] = 0.0000619283
E[P_sel(12)] = 0.0000578230
E[P_sel(13)] = 0.0000550608
E[P_sel(14)] = 0.0000540754
E[P_sel(15)] = 0.0000535985
E[P_sel(16)] = 0.0000545163
E[P_sel(17)] = 0.0000586435
E[P_sel(18)] = 0.0000692503
E[P_sel(19)] = 0.0000971243

---- alpha_dfe = 0.448578

