---- Running command
---- ./polyDFE -d output/tetraploid/polydfe/pendula/spectra/sfs.txt -m A -i resources/polydfe/init_model_A.txt 2 -v 100 
---- Performing inference using model A

---- Performing inference on output/tetraploid/polydfe/pendula/spectra/sfs.txt
----      with -i resources/polydfe/init_model_A.txt 2
---- Data output/tetraploid/polydfe/pendula/spectra/sfs.txt does not contain divergence counts. Using option -w.
---- No mutation variability. Using Poisson likelihood.


---- Using provided initial values

-- Starting local optimization
-- Optimizing all parameters
  it     theta_bar         S_bar             b           r 2           r 3           r 4           r 5           r 6           r 7           r 8           r 9          r 10          r 11          r 12          r 13          r 14          r 15          r 16          r 17          r 18          r 19           ln lk          grad status 
   0          0.01           -40           0.5             1             1             1             1             1             1             1             1             1             1             1             1             1             1             1             1             1             1 -4673.611124433 127.250046592   -2 
 100 0.00751411565 -50595.477398 0.14750694886 0.82640425671 0.72706301976 0.66070524826 0.60927048744 0.56220819252 0.52591456428 0.50002519535 0.48462087946 0.48352568014 0.49090704070 0.50092273174 0.52036192952 0.54472649901 0.58082247911 0.62643674443 0.70437876296 0.87253285756 1.26731092363 -132.5994813595 0.06970986137   -2 
 200 0.00754833099 -92036.650553 0.13824651550 0.82327116514 0.72139899615 0.65274198399 0.60569721405 0.55698571865 0.52129045919 0.49578267790 0.47842631127 0.47782629902 0.48580997176 0.49348737997 0.51222191543 0.53857893254 0.57597858266 0.62227468933 0.70078741660 0.86076443663 1.25475489999 -131.7844380988 0.04129263435   -2 
 300 0.00755430627 -94923.001352 0.13789702769 0.82239357693 0.72109703946 0.65473998240 0.60239586469 0.55747727027 0.52128732991 0.49525030371 0.47953750627 0.47842650390 0.48546031390 0.49533193922 0.51478587326 0.53908636234 0.57496805884 0.62018242492 0.69722815385 0.86250845435 1.25425765757 -131.7337243429 0.00443737967   -2 
 400 0.00755738151 -98542.352561 0.13738308884 0.82195272933 0.72101042240 0.65439461858 0.60210795254 0.55741630352 0.52109240912 0.49487051043 0.47935024791 0.47805457402 0.48493571940 0.49484833493 0.51440558379 0.53867564921 0.57431619953 0.61928833592 0.69639858395 0.86166200812 1.25275100611 -131.6945330122 0.00408606631   -2 
 475 0.00755823746 -99920.354792 0.13719381960 0.82199123761 0.72095577089 0.65428115144 0.60203905286 0.55731442292 0.52103194515 0.49480846826 0.47913249396 0.47796647113 0.48495471176 0.49480965420 0.51428841180 0.53862410489 0.57430153020 0.61927701162 0.69641339748 0.86152924014 1.25266202737 -131.6802813926 0.00007706617    0 
-- Found new optimum with likelihood -131.680281392626000 and gradient 0.00008

---- Best joint likelihood found -131.680281392626000 with gradient 0.00008

---- Results for output/tetraploid/polydfe/pendula/spectra/sfs.txt 
--  Model: A
--        eps_an     theta_bar             a 
--             0 0.00755823746            -1 
--         S_bar             b         S_max 
-- -99920.354792 0.13719381960             0 
--           r 2           r 3           r 4           r 5           r 6           r 7           r 8           r 9          r 10          r 11          r 12          r 13          r 14          r 15          r 16          r 17          r 18          r 19 
-- 0.82199123761 0.72095577089 0.65428115144 0.60203905286 0.55731442292 0.52103194515 0.49480846826 0.47913249396 0.47796647113 0.48495471176 0.49480965420 0.51428841180 0.53862410489 0.57430153020 0.61927701162 0.69641339748 0.86152924014 1.25266202737 

---- Expected P_neut(i), 0 < i < n (neutral SFS per site) 
E[P_neut(1)] = 0.0075582375
E[P_neut(2)] = 0.0031064025
E[P_neut(3)] = 0.0018163850
E[P_neut(4)] = 0.0012363031
E[P_neut(5)] = 0.0009100708
E[P_neut(6)] = 0.0007020525
E[P_neut(7)] = 0.0005625833
E[P_neut(8)] = 0.0004674850
E[P_neut(9)] = 0.0004023775
E[P_neut(10)] = 0.0003612584
E[P_neut(11)] = 0.0003332184
E[P_neut(12)] = 0.0003116574
E[P_neut(13)] = 0.0002990088
E[P_neut(14)] = 0.0002907892
E[P_neut(15)] = 0.0002893805
E[P_neut(16)] = 0.0002925402
E[P_neut(17)] = 0.0003096269
E[P_neut(18)] = 0.0003617579
E[P_neut(19)] = 0.0004983114

---- Expected P_sel(i), 0 < i < n (selected SFS per site) 
E[P_sel(1)] = 0.0019968512
E[P_sel(2)] = 0.0007150729
E[P_sel(3)] = 0.0003922804
E[P_sel(4)] = 0.0002563185
E[P_sel(5)] = 0.0001831380
E[P_sel(6)] = 0.0001380082
E[P_sel(7)] = 0.0001084842
E[P_sel(8)] = 0.0000886870
E[P_sel(9)] = 0.0000752617
E[P_sel(10)] = 0.0000667297
E[P_sel(11)] = 0.0000608642
E[P_sel(12)] = 0.0000563509
E[P_sel(13)] = 0.0000535643
E[P_sel(14)] = 0.0000516483
E[P_sel(15)] = 0.0000509922
E[P_sel(16)] = 0.0000511692
E[P_sel(17)] = 0.0000537840
E[P_sel(18)] = 0.0000624312
E[P_sel(19)] = 0.0000854694

---- alpha_dfe = 0.000000

