---- Running command
---- ./polyDFE -d output/tetraploid/polydfe/pendula/spectra/sfs.txt -m A -i resources/polydfe/init_model_A.txt 4 -v 100 
---- Performing inference using model A

---- Performing inference on output/tetraploid/polydfe/pendula/spectra/sfs.txt
----      with -i resources/polydfe/init_model_A.txt 4
---- Data output/tetraploid/polydfe/pendula/spectra/sfs.txt does not contain divergence counts. Using option -w.
---- No mutation variability. Using Poisson likelihood.


---- Using provided initial values

-- Starting local optimization
-- Optimizing all parameters
  it        eps_an     theta_bar         S_bar             b           r 2           r 3           r 4           r 5           r 6           r 7           r 8           r 9          r 10          r 11          r 12          r 13          r 14          r 15          r 16          r 17          r 18          r 19           ln lk          grad status 
   0          0.05          0.01           -40           0.5             1             1             1             1             1             1             1             1             1             1             1             1             1             1             1             1             1             1 -4636.538856191 127.616582650   -2 
 100 0.02701598245 0.00773197236 -58629.686743 0.14580170334 0.82439045508 0.72892759742 0.65698469424 0.60457556137 0.55864150391 0.52097751578 0.48946143856 0.47511643477 0.47171320229 0.47431654354 0.47870776073 0.49082876759 0.50590677875 0.52883423046 0.54924059963 0.57289261864 0.63382462784 0.62202543684 -130.9000386237 0.11587126331   -2 
 200 0.02822222355 0.00779072944 -88573.639226 0.13977347383 0.82203719955 0.72016083112 0.65257220517 0.59917806487 0.55306328006 0.51528840548 0.48724963825 0.46945032096 0.46612418263 0.46994514593 0.47479336707 0.48732217337 0.50126352217 0.52079499284 0.53991309659 0.56799368712 0.62182691013 0.59225059345 -130.5233320917 0.00430838032   -2 
 300 0.02620207161 0.00777463085 -92456.695496 0.13910137666 0.82176792343 0.71968875118 0.65250348245 0.59940605279 0.55280693810 0.51556137953 0.48774394527 0.47067009603 0.46669356552 0.47077780387 0.47612916030 0.48907153912 0.50341707033 0.52387346487 0.54592859141 0.57893727357 0.63663141709 0.64145384941 -130.4863796916 0.01503246902   -2 
 400 0.02501886005 0.00776753059 -95725.745900 0.13856757681 0.82163077854 0.71975762709 0.65220912455 0.59889198088 0.55302653103 0.51541315753 0.48774702154 0.47021387537 0.46686823338 0.47092982366 0.47657106974 0.48988331635 0.50500383308 0.52639583131 0.54823771560 0.58244656883 0.64781590395 0.66861727980 -130.4646652949 0.00225774211   -2 
 500 0.02539799140 0.00777123655 -96527.255352 0.13845715436 0.82160679151 0.71972343319 0.65207357478 0.59883232664 0.55285485019 0.51522409874 0.48751040540 0.47003895048 0.46665888230 0.47074867753 0.47625564314 0.48947536427 0.50441794969 0.52561592916 0.54702190952 0.58066411636 0.64448931732 0.65933057000 -130.4585116414 0.00140901384   -2 
 600 0.02564274919 0.00777486166 -98612.318756 0.13816618908 0.82146114507 0.71956415738 0.65188258942 0.59862114084 0.55275393843 0.51493875276 0.48738837684 0.46984593011 0.46635353089 0.47018559284 0.47594719583 0.48910605734 0.50399947528 0.52501240951 0.54632581001 0.57963876285 0.64208576128 0.65295860777 -130.4452614034 0.00221607813   -2 
 700 0.02553761231 0.00777461073 -99217.290813 0.13807440082 0.82133921414 0.71945152333 0.65180728472 0.59850413227 0.55264066762 0.51502582826 0.48728931270 0.46975042525 0.46634839384 0.47040592046 0.47588748172 0.48904823222 0.50397010135 0.52506128801 0.54635391458 0.57968119143 0.64284129833 0.65558273230 -130.4416288992 0.00078827333   -2 
 753 0.02580011990 0.00777691359 -99222.074462 0.13808225212 0.82132945700 0.71943354321 0.65180688467 0.59849529047 0.55258435734 0.51495590375 0.48721045956 0.46965149593 0.46622621178 0.47022858480 0.47570036225 0.48879798459 0.50358405368 0.52452203262 0.54556948103 0.57844830556 0.64049947167 0.64931000685 -130.4414452615 0.00008139853    0 
-- Found new optimum with likelihood -130.441445261527491 and gradient 0.00008

---- Best joint likelihood found -130.441445261527491 with gradient 0.00008

---- Results for output/tetraploid/polydfe/pendula/spectra/sfs.txt 
--  Model: A
--        eps_an     theta_bar             a 
-- 0.02580011990 0.00777691359            -1 
--         S_bar             b         S_max 
-- -99222.074462 0.13808225212             0 
--           r 2           r 3           r 4           r 5           r 6           r 7           r 8           r 9          r 10          r 11          r 12          r 13          r 14          r 15          r 16          r 17          r 18          r 19 
-- 0.82132945700 0.71943354321 0.65180688467 0.59849529047 0.55258435734 0.51495590375 0.48721045956 0.46965149593 0.46622621178 0.47022858480 0.47570036225 0.48879798459 0.50358405368 0.52452203262 0.54556948103 0.57844830556 0.64049947167 0.64931000685 

---- Expected P_neut(i), 0 < i < n (neutral SFS per site) 
E[P_neut(1)] = 0.0075831252
E[P_neut(2)] = 0.0031184458
E[P_neut(3)] = 0.0018237011
E[P_neut(4)] = 0.0012414076
E[P_neut(5)] = 0.0009138884
E[P_neut(6)] = 0.0007049718
E[P_neut(7)] = 0.0005648934
E[P_neut(8)] = 0.0004693586
E[P_neut(9)] = 0.0004039334
E[P_neut(10)] = 0.0003625801
E[P_neut(11)] = 0.0003343411
E[P_neut(12)] = 0.0003125557
E[P_neut(13)] = 0.0002996270
E[P_neut(14)] = 0.0002909995
E[P_neut(15)] = 0.0002889450
E[P_neut(16)] = 0.0002910318
E[P_neut(17)] = 0.0003059099
E[P_neut(18)] = 0.0003519866
E[P_neut(19)] = 0.0004595583

---- Expected P_sel(i), 0 < i < n (selected SFS per site) 
E[P_sel(1)] = 0.0019894718
E[P_sel(2)] = 0.0007119736
E[P_sel(3)] = 0.0003904080
E[P_sel(4)] = 0.0002550183
E[P_sel(5)] = 0.0001821680
E[P_sel(6)] = 0.0001372466
E[P_sel(7)] = 0.0001078706
E[P_sel(8)] = 0.0000881810
E[P_sel(9)] = 0.0000748373
E[P_sel(10)] = 0.0000663676
E[P_sel(11)] = 0.0000605579
E[P_sel(12)] = 0.0000561025
E[P_sel(13)] = 0.0000533803
E[P_sel(14)] = 0.0000515544
E[P_sel(15)] = 0.0000510387
E[P_sel(16)] = 0.0000514841
E[P_sel(17)] = 0.0000546655
E[P_sel(18)] = 0.0000649067
E[P_sel(19)] = 0.0000966424

---- alpha_dfe = 0.000000

