---- Running command
---- ./polyDFE -d output/tetraploid/polydfe/pendula/spectra/sfs.txt -m A -i resources/polydfe/init_model_A.txt 1 -v 100 
---- Performing inference using model A

---- Performing inference on output/tetraploid/polydfe/pendula/spectra/sfs.txt
----      with -i resources/polydfe/init_model_A.txt 1
---- Data output/tetraploid/polydfe/pendula/spectra/sfs.txt does not contain divergence counts. Using option -w.
---- No mutation variability. Using Poisson likelihood.


---- Using provided initial values

-- Starting local optimization
-- Optimizing all parameters
  it     theta_bar         S_bar             b         S_max           r 2           r 3           r 4           r 5           r 6           r 7           r 8           r 9          r 10          r 11          r 12          r 13          r 14          r 15          r 16          r 17          r 18          r 19           ln lk          grad status 
   0          0.01           -40           0.5            10             1             1             1             1             1             1             1             1             1             1             1             1             1             1             1             1             1             1 -12961.86039819 258.623279012   -2 
 100 0.00738134600 -1488.7018386 0.28080613408 1.73766961797 0.87126670770 0.76469843253 0.69313671464 0.62446616245 0.59306187241 0.54833336196 0.51665573799 0.49501906439 0.48898879613 0.49107276155 0.49566892887 0.50942418490 0.52734301052 0.55552357062 0.59158241587 0.65672852281 0.80167251505 1.14880717633 -132.4590793453 0.25143590788   -2 
 140 0.00751777333 -4952.8492410 0.21792056228 1.10032059416 0.84570921740 0.74524720089 0.67468269868 0.61842089946 0.56999768072 0.52981824204 0.50011612114 0.48103863777 0.47657784125 0.47973557571 0.48623046061 0.50151029091 0.52111378668 0.55114090272 0.58937560151 0.65713362078 0.80576751590 1.16091962931 -129.3465721579 0.02401377575   -3 
-- Local optimization: stuck in the same solution
-- Found new optimum with likelihood -129.346572157923077 and gradient 0.02401

---- Best joint likelihood found -129.346572157923077 with gradient 0.02401

---- Results for output/tetraploid/polydfe/pendula/spectra/sfs.txt 
--  Model: A
--        eps_an     theta_bar             a 
--             0 0.00751777333            -1 
--         S_bar             b         S_max 
-- -4952.8492410 0.21792056228 1.10032059416 
--           r 2           r 3           r 4           r 5           r 6           r 7           r 8           r 9          r 10          r 11          r 12          r 13          r 14          r 15          r 16          r 17          r 18          r 19 
-- 0.84570921740 0.74524720089 0.67468269868 0.61842089946 0.56999768072 0.52981824204 0.50011612114 0.48103863777 0.47657784125 0.47973557571 0.48623046061 0.50151029091 0.52111378668 0.55114090272 0.58937560151 0.65713362078 0.80576751590 1.16091962931 

---- Expected P_neut(i), 0 < i < n (neutral SFS per site) 
E[P_neut(1)] = 0.0075177733
E[P_neut(2)] = 0.0031789251
E[P_neut(3)] = 0.0018675332
E[P_neut(4)] = 0.0012680279
E[P_neut(5)] = 0.0009298296
E[P_neut(6)] = 0.0007141856
E[P_neut(7)] = 0.0005690076
E[P_neut(8)] = 0.0004699700
E[P_neut(9)] = 0.0004018155
E[P_neut(10)] = 0.0003582804
E[P_neut(11)] = 0.0003278676
E[P_neut(12)] = 0.0003046142
E[P_neut(13)] = 0.0002900185
E[P_neut(14)] = 0.0002798297
E[P_neut(15)] = 0.0002762235
E[P_neut(16)] = 0.0002769245
E[P_neut(17)] = 0.0002905989
E[P_neut(18)] = 0.0003365321
E[P_neut(19)] = 0.0004593437

---- Expected P_sel(i), 0 < i < n (selected SFS per site) 
E[P_sel(1)] = 0.0020064337
E[P_sel(2)] = 0.0006960929
E[P_sel(3)] = 0.0003790703
E[P_sel(4)] = 0.0002475077
E[P_sel(5)] = 0.0001775636
E[P_sel(6)] = 0.0001347565
E[P_sel(7)] = 0.0001067628
E[P_sel(8)] = 0.0000880789
E[P_sel(9)] = 0.0000754673
E[P_sel(10)] = 0.0000676062
E[P_sel(11)] = 0.0000622832
E[P_sel(12)] = 0.0000583513
E[P_sel(13)] = 0.0000560991
E[P_sel(14)] = 0.0000547228
E[P_sel(15)] = 0.0000546670
E[P_sel(16)] = 0.0000555148
E[P_sel(17)] = 0.0000590574
E[P_sel(18)] = 0.0000693834
E[P_sel(19)] = 0.0000961396

---- alpha_dfe = 0.886298

