---- Running command
---- ./polyDFE -d output/tetraploid/polydfe/pendula/spectra/sfs.txt -m A -i resources/polydfe/init_model_A.txt 3 -v 100 
---- Performing inference using model A

---- Performing inference on output/tetraploid/polydfe/pendula/spectra/sfs.txt
----      with -i resources/polydfe/init_model_A.txt 3
---- Data output/tetraploid/polydfe/pendula/spectra/sfs.txt does not contain divergence counts. Using option -w.
---- No mutation variability. Using Poisson likelihood.


---- Using provided initial values

-- Starting local optimization
-- Optimizing all parameters
  it        eps_an     theta_bar         S_bar             b         S_max           r 2           r 3           r 4           r 5           r 6           r 7           r 8           r 9          r 10          r 11          r 12          r 13          r 14          r 15          r 16          r 17          r 18          r 19           ln lk          grad status 
   0          0.05          0.01           -40           0.5             1             1             1             1             1             1             1             1             1             1             1             1             1             1             1             1             1             1             1 -5435.774143400 143.195986076   -2 
  96 0.01183513811 0.00759650631 -4658.1045555 0.22028088519 1.09788303324 0.84570335306 0.74490537276 0.67504803994 0.61795977389 0.56867691433 0.52835633042 0.49755281639 0.47799383429 0.47267409656 0.47486855968 0.47909929313 0.49171019497 0.50731101219 0.53146712050 0.56009704723 0.60954188072 0.71509320258 0.91042340059 -129.6325620648 0.05288895291   -3 
-- Local optimization: stuck in the same solution
-- Found new optimum with likelihood -129.632562064875657 and gradient 0.05289

---- Best joint likelihood found -129.632562064875657 with gradient 0.05289

---- Results for output/tetraploid/polydfe/pendula/spectra/sfs.txt 
--  Model: A
--        eps_an     theta_bar             a 
-- 0.01183513811 0.00759650631            -1 
--         S_bar             b         S_max 
-- -4658.1045555 0.22028088519 1.09788303324 
--           r 2           r 3           r 4           r 5           r 6           r 7           r 8           r 9          r 10          r 11          r 12          r 13          r 14          r 15          r 16          r 17          r 18          r 19 
-- 0.84570335306 0.74490537276 0.67504803994 0.61795977389 0.56867691433 0.52835633042 0.49755281639 0.47799383429 0.47267409656 0.47486855968 0.47909929313 0.49171019497 0.50731101219 0.53146712050 0.56009704723 0.60954188072 0.71509320258 0.91042340059 

---- Expected P_neut(i), 0 < i < n (neutral SFS per site) 
E[P_neut(1)] = 0.0075109086
E[P_neut(2)] = 0.0031777504
E[P_neut(3)] = 0.0018671260
E[P_neut(4)] = 0.0012699763
E[P_neut(5)] = 0.0009309409
E[P_neut(6)] = 0.0007147296
E[P_neut(7)] = 0.0005699949
E[P_neut(8)] = 0.0004704558
E[P_neut(9)] = 0.0004025600
E[P_neut(10)] = 0.0003590672
E[P_neut(11)] = 0.0003288339
E[P_neut(12)] = 0.0003052922
E[P_neut(13)] = 0.0002907147
E[P_neut(14)] = 0.0002805342
E[P_neut(15)] = 0.0002770790
E[P_neut(16)] = 0.0002779492
E[P_neut(17)] = 0.0002914760
E[P_neut(18)] = 0.0003362345
E[P_neut(19)] = 0.0004495996

---- Expected P_sel(i), 0 < i < n (selected SFS per site) 
E[P_sel(1)] = 0.0020070375
E[P_sel(2)] = 0.0006948686
E[P_sel(3)] = 0.0003780299
E[P_sel(4)] = 0.0002470893
E[P_sel(5)] = 0.0001771145
E[P_sel(6)] = 0.0001343037
E[P_sel(7)] = 0.0001064703
E[P_sel(8)] = 0.0000877469
E[P_sel(9)] = 0.0000752188
E[P_sel(10)] = 0.0000673823
E[P_sel(11)] = 0.0000620991
E[P_sel(12)] = 0.0000581113
E[P_sel(13)] = 0.0000558505
E[P_sel(14)] = 0.0000544573
E[P_sel(15)] = 0.0000544070
E[P_sel(16)] = 0.0000552767
E[P_sel(17)] = 0.0000588420
E[P_sel(18)] = 0.0000693640
E[P_sel(19)] = 0.0000987672

---- alpha_dfe = 0.884718

