---- Running command
---- ./polyDFE -d output/tetraploid/polydfe/pendula/spectra/sfs.txt -m B -i resources/polydfe/init_model_B.txt 4 -v 100 
---- Performing inference using model B

---- Performing inference on output/tetraploid/polydfe/pendula/spectra/sfs.txt
----      with -i resources/polydfe/init_model_B.txt 4
---- Data output/tetraploid/polydfe/pendula/spectra/sfs.txt does not contain divergence counts. Using option -w.
---- No mutation variability. Using Poisson likelihood.


---- Using provided initial values

-- Starting local optimization
-- Optimizing all parameters
  it        eps_an     theta_bar           S_d             b           r 2           r 3           r 4           r 5           r 6           r 7           r 8           r 9          r 10          r 11          r 12          r 13          r 14          r 15          r 16          r 17          r 18          r 19           ln lk          grad status 
   0          0.05         0.001          -400           0.4             1             1             1             1             1             1             1             1             1             1             1             1             1             1             1             1             1             1 -10060.50770198 94.0584098245   -2 
 100 0.02767420605 0.00774761811 -55827.310647 0.14658437944 0.82678101554 0.72292598403 0.65810866015 0.60402789162 0.55869192724 0.51911077898 0.49058619698 0.47407827422 0.46974610328 0.47414372619 0.47959303087 0.49159532346 0.50499638644 0.52531623341 0.54668394062 0.57828789135 0.63070551162 0.60983410951 -130.9204882212 0.07425993664   -2 
 200 0.02661057738 0.00777788026 -90489.138412 0.13936724368 0.82301383488 0.71989937927 0.65270522183 0.59857900603 0.55406197373 0.51538016404 0.48709002749 0.46956697765 0.46544830237 0.46833219310 0.47437697143 0.48782713371 0.50054459676 0.52348151709 0.54642903146 0.57488168916 0.63463552195 0.63024744590 -130.5079682929 0.03424302915   -2 
 300 0.02602900088 0.00777588629 -95011.906753 0.13869343380 0.82140561945 0.71984334852 0.65181595372 0.59865048664 0.55278909515 0.51480548713 0.48770962250 0.46998549850 0.46639431216 0.47044358303 0.47604690645 0.48894442625 0.50377047888 0.52448173442 0.54512041343 0.57731523972 0.63777466130 0.64659008635 -130.4686805370 0.00893286967   -2 
 400 0.02554574575 0.00777415051 -98101.339267 0.13822944309 0.82163680988 0.71947197909 0.65216055093 0.59891946513 0.55261187054 0.51481813435 0.48807633595 0.46931108384 0.46664081369 0.47043471545 0.47612458612 0.48897397552 0.50395563966 0.52524338021 0.54662766126 0.57957043840 0.64324935384 0.65533530680 -130.4490512721 0.01666494488   -2 
 500 0.02582955156 0.00777628223 -98255.268862 0.13821795138 0.82136514442 0.71951213310 0.65186571797 0.59861544033 0.55264007245 0.51498280707 0.48728648619 0.46973538037 0.46627013419 0.47025923819 0.47577417091 0.48883895545 0.50362816281 0.52456729723 0.54555996387 0.57842464412 0.64034749619 0.64873827527 -130.4473067375 0.00265658181   -2 
 600 0.02571753262 0.00777556903 -98433.309580 0.13819088700 0.82137157175 0.71953035109 0.65187775671 0.59857803250 0.55264689323 0.51498915084 0.48729483228 0.46973442733 0.46633202068 0.47033474360 0.47581885870 0.48894656680 0.50374972753 0.52467052110 0.54581042016 0.57893601524 0.64132442682 0.65144595400 -130.4462443852 0.00130099619   -2 
 700 0.02631709810 0.00778153006 -99546.850229 0.13805192710 0.82130916421 0.71938656691 0.65173463924 0.59833957756 0.55250433190 0.51473185759 0.48702752720 0.46936269693 0.46594308031 0.46989962131 0.47530621094 0.48833293244 0.50284028551 0.52345979504 0.54406533136 0.57588604846 0.63586585703 0.63693691092 -130.4400048670 0.00310134298   -2 
 730 0.02577207118 0.00777690805 -99537.303951 0.13803744291 0.82130710486 0.71940920400 0.65178156392 0.59847105467 0.55256398233 0.51493097438 0.48719183740 0.46964390719 0.46621372836 0.47022240772 0.47569557677 0.48880551941 0.50359441799 0.52454770371 0.54562144092 0.57855842642 0.64071172341 0.64992799506 -130.4395652363 0.00007378443    0 
-- Found new optimum with likelihood -130.439565236343498 and gradient 0.00007

---- Best joint likelihood found -130.439565236343498 with gradient 0.00007

---- Results for output/tetraploid/polydfe/pendula/spectra/sfs.txt 
--  Model: B
--        eps_an     theta_bar             a 
-- 0.02577207118 0.00777690805            -1 
--           S_d             b           p_b           S_b 
-- -99537.303951 0.13803744291             0             0 
--           r 2           r 3           r 4           r 5           r 6           r 7           r 8           r 9          r 10          r 11          r 12          r 13          r 14          r 15          r 16          r 17          r 18          r 19 
-- 0.82130710486 0.71940920400 0.65178156392 0.59847105467 0.55256398233 0.51493097438 0.48719183740 0.46964390719 0.46621372836 0.47022240772 0.47569557677 0.48880551941 0.50359441799 0.52454770371 0.54562144092 0.57855842642 0.64071172341 0.64992799506 

---- Expected P_neut(i), 0 < i < n (neutral SFS per site) 
E[P_neut(1)] = 0.0075833370
E[P_neut(2)] = 0.0031184431
E[P_neut(3)] = 0.0018236845
E[P_neut(4)] = 0.0012413875
E[P_neut(5)] = 0.0009138698
E[P_neut(6)] = 0.0007049580
E[P_neut(7)] = 0.0005648740
E[P_neut(8)] = 0.0004693452
E[P_neut(9)] = 0.0004039287
E[P_neut(10)] = 0.0003625701
E[P_neut(11)] = 0.0003343344
E[P_neut(12)] = 0.0003125473
E[P_neut(13)] = 0.0002996226
E[P_neut(14)] = 0.0002909920
E[P_neut(15)] = 0.0002889383
E[P_neut(16)] = 0.0002910268
E[P_neut(17)] = 0.0003059122
E[P_neut(18)] = 0.0003519916
E[P_neut(19)] = 0.0004595937

---- Expected P_sel(i), 0 < i < n (selected SFS per site) 
E[P_sel(1)] = 0.0019894223
E[P_sel(2)] = 0.0007119704
E[P_sel(3)] = 0.0003904116
E[P_sel(4)] = 0.0002550224
E[P_sel(5)] = 0.0001821720
E[P_sel(6)] = 0.0001372508
E[P_sel(7)] = 0.0001078730
E[P_sel(8)] = 0.0000881839
E[P_sel(9)] = 0.0000748414
E[P_sel(10)] = 0.0000663704
E[P_sel(11)] = 0.0000605610
E[P_sel(12)] = 0.0000561051
E[P_sel(13)] = 0.0000533834
E[P_sel(14)] = 0.0000515568
E[P_sel(15)] = 0.0000510410
E[P_sel(16)] = 0.0000514861
E[P_sel(17)] = 0.0000546677
E[P_sel(18)] = 0.0000649064
E[P_sel(19)] = 0.0000966295

---- alpha_dfe = 0.000000

