---- Running command
---- ./polyDFE -d output/tetraploid/polydfe/pendula/spectra/sfs.txt -m B -i resources/polydfe/init_model_B.txt 2 -v 100 
---- Performing inference using model B

---- Performing inference on output/tetraploid/polydfe/pendula/spectra/sfs.txt
----      with -i resources/polydfe/init_model_B.txt 2
---- Data output/tetraploid/polydfe/pendula/spectra/sfs.txt does not contain divergence counts. Using option -w.
---- No mutation variability. Using Poisson likelihood.


---- Using provided initial values

-- Starting local optimization
-- Optimizing all parameters
  it     theta_bar           S_d             b           r 2           r 3           r 4           r 5           r 6           r 7           r 8           r 9          r 10          r 11          r 12          r 13          r 14          r 15          r 16          r 17          r 18          r 19           ln lk          grad status 
   0         0.001          -400           0.4             1             1             1             1             1             1             1             1             1             1             1             1             1             1             1             1             1             1 -10086.24421523 94.6204520353   -2 
 100 0.00752904776 -68125.786369 0.14258557179 0.82495101677 0.72392823113 0.65581389884 0.60598922069 0.56004546720 0.52390961413 0.49724693705 0.48154187394 0.47991561964 0.48719690981 0.49721240952 0.51663647084 0.54102202444 0.57688894121 0.62210279598 0.69985007885 0.86641607622 1.26106540631 -132.1422816484 0.03406635862   -2 
 200 0.00755257502 -92087.791109 0.13833672789 0.82256229854 0.72153841641 0.65483357442 0.60264115940 0.55802676104 0.52183901577 0.49543134829 0.47977842083 0.47865261011 0.48564695400 0.49552068602 0.51504130913 0.53943211746 0.57518283746 0.62022880974 0.69749195380 0.86286328793 1.25465083821 -131.7661515493 0.00500816278   -2 
 300 0.00755935069 -99810.278552 0.13716915720 0.82172960328 0.72060459719 0.65423449875 0.60113931453 0.55681899915 0.51886117716 0.49492167395 0.47863148411 0.47779612770 0.48350636974 0.49445668662 0.51368283200 0.53816201105 0.57362597380 0.61863367949 0.69545302753 0.86138622701   1.252828794 -131.6848849488 0.01717624736   -2 
 321 0.00755823739 -99898.121543 0.13719686335 0.82198986572 0.72095338194 0.65427769282 0.60204113509 0.55731439277 0.52104080896 0.49481166712 0.47913524485 0.47796711262 0.48495837817 0.49480819791 0.51428710466 0.53861899924 0.57430078370 0.61927552950 0.69641641757 0.86152648343 1.25266175636 -131.6805078060 0.00005238314    0 
-- Found new optimum with likelihood -131.680507806081749 and gradient 0.00005

---- Best joint likelihood found -131.680507806081749 with gradient 0.00005

---- Results for output/tetraploid/polydfe/pendula/spectra/sfs.txt 
--  Model: B
--        eps_an     theta_bar             a 
--             0 0.00755823739            -1 
--           S_d             b           p_b           S_b 
-- -99898.121543 0.13719686335             0             0 
--           r 2           r 3           r 4           r 5           r 6           r 7           r 8           r 9          r 10          r 11          r 12          r 13          r 14          r 15          r 16          r 17          r 18          r 19 
-- 0.82198986572 0.72095338194 0.65427769282 0.60204113509 0.55731439277 0.52104080896 0.49481166712 0.47913524485 0.47796711262 0.48495837817 0.49480819791 0.51428710466 0.53861899924 0.57430078370 0.61927552950 0.69641641757 0.86152648343 1.25266175636 

---- Expected P_neut(i), 0 < i < n (neutral SFS per site) 
E[P_neut(1)] = 0.0075582374
E[P_neut(2)] = 0.0031063973
E[P_neut(3)] = 0.0018163789
E[P_neut(4)] = 0.0012362965
E[P_neut(5)] = 0.0009100740
E[P_neut(6)] = 0.0007020524
E[P_neut(7)] = 0.0005625929
E[P_neut(8)] = 0.0004674880
E[P_neut(9)] = 0.0004023798
E[P_neut(10)] = 0.0003612589
E[P_neut(11)] = 0.0003332210
E[P_neut(12)] = 0.0003116565
E[P_neut(13)] = 0.0002990080
E[P_neut(14)] = 0.0002907864
E[P_neut(15)] = 0.0002893801
E[P_neut(16)] = 0.0002925395
E[P_neut(17)] = 0.0003096283
E[P_neut(18)] = 0.0003617568
E[P_neut(19)] = 0.0004983113

---- Expected P_sel(i), 0 < i < n (selected SFS per site) 
E[P_sel(1)] = 0.0019968599
E[P_sel(2)] = 0.0007150724
E[P_sel(3)] = 0.0003922789
E[P_sel(4)] = 0.0002563168
E[P_sel(5)] = 0.0001831383
E[P_sel(6)] = 0.0001380079
E[P_sel(7)] = 0.0001084857
E[P_sel(8)] = 0.0000886873
E[P_sel(9)] = 0.0000752619
E[P_sel(10)] = 0.0000667295
E[P_sel(11)] = 0.0000608644
E[P_sel(12)] = 0.0000563505
E[P_sel(13)] = 0.0000535639
E[P_sel(14)] = 0.0000516476
E[P_sel(15)] = 0.0000509918
E[P_sel(16)] = 0.0000511688
E[P_sel(17)] = 0.0000537839
E[P_sel(18)] = 0.0000624306
E[P_sel(19)] = 0.0000854689

---- alpha_dfe = 0.000000

