---- Running command
---- ./polyDFE -d output/tetraploid/polydfe/pendula/spectra/sfs.txt -m B -i resources/polydfe/init_model_B.txt 1 -v 100 
---- Performing inference using model B

---- Performing inference on output/tetraploid/polydfe/pendula/spectra/sfs.txt
----      with -i resources/polydfe/init_model_B.txt 1
---- Data output/tetraploid/polydfe/pendula/spectra/sfs.txt does not contain divergence counts. Using option -w.
---- No mutation variability. Using Poisson likelihood.


---- Using provided initial values

-- Starting local optimization
-- Optimizing all parameters
  it     theta_bar           S_d             b           p_b           S_b           r 2           r 3           r 4           r 5           r 6           r 7           r 8           r 9          r 10          r 11          r 12          r 13          r 14          r 15          r 16          r 17          r 18          r 19           ln lk          grad status 
   0         0.001          -400           0.4          0.02             4             1             1             1             1             1             1             1             1             1             1             1             1             1             1             1             1             1             1 -9558.369620994 89.8094022417   -2 
 100 0.00762269589 -14054.673580 0.21319850634 0.05719327057 1.53741698176 0.83208201416 0.73054255575 0.65765537803 0.60079600984 0.55458840652 0.51458053035 0.49160946281 0.46568087271 0.46524965116 0.46921387205 0.47238894822 0.48639354601 0.50675678059 0.53860689292 0.57922503456 0.65139262736 0.80329520796 1.14670035003 -128.9421037129 0.08651392340   -2 
 200 0.00760016767 -14195.919264 0.20583948373 0.04749956207 1.84261312970 0.83137414553 0.72947101973 0.66065577178 0.60608774496 0.55895577432 0.52028254962 0.49194888444 0.47405363576 0.47035645846 0.47451896464 0.48131194075 0.49716074656 0.51717376980 0.54763211764 0.58638429353 0.65436587408 0.80298362368 1.15792598499 -128.7989334016 0.00228908507   -2 
 300 0.00760013721 -16042.467129 0.19753232196 0.04011029151 2.18865060284 0.83094682464 0.72949852618 0.66084588086 0.60631393145 0.55920400490 0.52076151246 0.49232388859 0.47437071562 0.47067238863 0.47507060319 0.48177030817 0.49750828774 0.51754521097 0.54778920071 0.58629632952 0.65384750606 0.80200919270 1.15507588101 -128.7821082506 0.00649052332   -2 
 400 0.00760248186 -17885.549362 0.19193614721 0.03578487992 2.42464433490 0.83042062781 0.72887851952 0.66043313798 0.60593797623 0.55927623951 0.52078875779 0.49248625396 0.47473294368 0.47093651387 0.47518162024 0.48192485087 0.49767339482 0.51764260338 0.54787210572 0.58617790271 0.65366785531 0.80146279381 1.15373128214 -128.7728028935 0.00397793285   -2 
 500 0.00760368601 -22016.318591 0.18232085941 0.02843336479 2.97859856467 0.82976507214 0.72820887543 0.65978163148 0.60580655464 0.55934276996 0.52090397726 0.49245363029 0.47516377390 0.47128896367 0.47551126026 0.48235856432 0.49817983645 0.51805872448 0.54823884215 0.58620217336 0.65347520491 0.80052065966 1.15158396528 -128.7615059260 0.00421358026   -2 
 600 0.00760515548 -22749.225551 0.18097115062 0.02745743036 3.06230515763 0.82931714027 0.72792696633 0.65977944548 0.60566691808 0.55896249343 0.52077805926 0.49256899281 0.47480276627 0.47130434380 0.47563096430 0.48241590049 0.49818674733 0.51810276428 0.54824453329 0.58629062705 0.65347460441 0.80059014183 1.15191104945 -128.7604758098 0.00055137242   -2 
 700 0.00760600060 -24188.418518 0.17847471339 0.02559932009 3.25896417893 0.82902669871 0.72767725707 0.65955422427 0.60552782061 0.55891449479 0.52073437239 0.49258443517 0.47488926405 0.47142121345 0.47574855498 0.48256552147 0.49834108700 0.51824610989 0.54836295874 0.58633434063 0.65342105363 0.80033972150 1.15117533497 -128.7596200314 0.00027292137   -2 
 704 0.00760600165 -24189.567169 0.17847273208 0.02559801230 3.25891107166 0.82901912039 0.72767142575 0.65954386080 0.60553289384 0.55892250459 0.52073595115 0.49259097853 0.47488526320 0.47141796147 0.47574994265 0.48256356571 0.49833453076 0.51825051757 0.54835180984 0.58635914036 0.65340948909 0.80033825911 1.15118389267 -128.7596196212 0.00008153319    0 
-- Found new optimum with likelihood -128.759619621269593 and gradient 0.00008

---- Best joint likelihood found -128.759619621269593 with gradient 0.00008

---- Results for output/tetraploid/polydfe/pendula/spectra/sfs.txt 
--  Model: B
--        eps_an     theta_bar             a 
--             0 0.00760600165            -1 
--           S_d             b           p_b           S_b 
-- -24189.567169 0.17847273208 0.02559801230 3.25891107166 
--           r 2           r 3           r 4           r 5           r 6           r 7           r 8           r 9          r 10          r 11          r 12          r 13          r 14          r 15          r 16          r 17          r 18          r 19 
-- 0.82901912039 0.72767142575 0.65954386080 0.60553289384 0.55892250459 0.52073595115 0.49259097853 0.47488526320 0.47141796147 0.47574994265 0.48256356571 0.49833453076 0.51825051757 0.54835180984 0.58635914036 0.65340948909 0.80033825911 1.15118389267 

---- Expected P_neut(i), 0 < i < n (neutral SFS per site) 
E[P_neut(1)] = 0.0076060017
E[P_neut(2)] = 0.0031527604
E[P_neut(3)] = 0.0018448900
E[P_neut(4)] = 0.0012541229
E[P_neut(5)] = 0.0009211368
E[P_neut(6)] = 0.0007085276
E[P_neut(7)] = 0.0005658169
E[P_neut(8)] = 0.0004683310
E[P_neut(9)] = 0.0004013309
E[P_neut(10)] = 0.0003585606
E[P_neut(11)] = 0.0003289595
E[P_neut(12)] = 0.0003058649
E[P_neut(13)] = 0.0002915641
E[P_neut(14)] = 0.0002815582
E[P_neut(15)] = 0.0002780510
E[P_neut(16)] = 0.0002787405
E[P_neut(17)] = 0.0002923432
E[P_neut(18)] = 0.0003381875
E[P_neut(19)] = 0.0004608372

---- Expected P_sel(i), 0 < i < n (selected SFS per site) 
E[P_sel(1)] = 0.0019837984
E[P_sel(2)] = 0.0007024014
E[P_sel(3)] = 0.0003844874
E[P_sel(4)] = 0.0002514429
E[P_sel(5)] = 0.0001801180
E[P_sel(6)] = 0.0001362429
E[P_sel(7)] = 0.0001076028
E[P_sel(8)] = 0.0000884596
E[P_sel(9)] = 0.0000755492
E[P_sel(10)] = 0.0000674666
E[P_sel(11)] = 0.0000620287
E[P_sel(12)] = 0.0000579341
E[P_sel(13)] = 0.0000555987
E[P_sel(14)] = 0.0000541707
E[P_sel(15)] = 0.0000540889
E[P_sel(16)] = 0.0000549400
E[P_sel(17)] = 0.0000585073
E[P_sel(18)] = 0.0000688714
E[P_sel(19)] = 0.0000957075

---- alpha_dfe = 0.398951

