---- Running command
---- ./polyDFE -d output/tetraploid/polydfe/pendula/spectra/sfs.txt -m B -i resources/polydfe/init_model_B.txt 3 -v 100 
---- Performing inference using model B

---- Performing inference on output/tetraploid/polydfe/pendula/spectra/sfs.txt
----      with -i resources/polydfe/init_model_B.txt 3
---- Data output/tetraploid/polydfe/pendula/spectra/sfs.txt does not contain divergence counts. Using option -w.
---- No mutation variability. Using Poisson likelihood.


---- Using provided initial values

-- Starting local optimization
-- Optimizing all parameters
  it        eps_an     theta_bar           S_d             b           p_b           S_b           r 2           r 3           r 4           r 5           r 6           r 7           r 8           r 9          r 10          r 11          r 12          r 13          r 14          r 15          r 16          r 17          r 18          r 19           ln lk          grad status 
   0          0.05         0.001          -400           0.4          0.02             4             1             1             1             1             1             1             1             1             1             1             1             1             1             1             1             1             1             1 -9594.193459046 89.7828383910   -2 
 100 0.01136319132 0.00766547772 -10394.429323 0.21534224042 0.04692681770 2.04691823895 0.83356537812 0.73182741611 0.66294365399 0.60825844022 0.56012398288 0.51989411168 0.49204322348 0.47176623584 0.46756632291 0.46996603002 0.47535421534 0.48862522591 0.50423102741 0.52771954688 0.55559616424 0.60512749115 0.71147991258 0.91094970975 -129.0295864280 0.02501557879   -2 
 200 0.00810090442 0.00765567678 -14416.689275 0.20533276516 0.04783719306 1.71367053801 0.83058463901 0.72891436772 0.65993224897 0.60527482673 0.55766102082 0.51883529819 0.49004203203 0.47172042953 0.46751524139 0.47107218731 0.47684668055 0.49108005499 0.50873393894 0.53536930951 0.56760429766 0.62369381220 0.74430448745 0.99219487242 -128.8850391169 0.01485988424   -2 
 296 0.00760637421 0.00765729449 -14761.795750 0.20453891127 0.04753399945 1.74294116186 0.83055316541 0.72850750771 0.65953434323 0.60469429826 0.55733631090 0.51850217816 0.48973651747 0.47139350217 0.46722195661 0.47070089717 0.47661370220 0.49100108046 0.50866041780 0.53536676461 0.56754517226 0.62415390916 0.74636526160 1.00001289941 -128.8760318413 0.00365893714   -3 
-- Local optimization: stuck in the same solution
-- Found new optimum with likelihood -128.876031841390756 and gradient 0.00366

---- Best joint likelihood found -128.876031841390756 with gradient 0.00366

---- Results for output/tetraploid/polydfe/pendula/spectra/sfs.txt 
--  Model: B
--        eps_an     theta_bar             a 
-- 0.00760637421 0.00765729449            -1 
--           S_d             b           p_b           S_b 
-- -14761.795750 0.20453891127 0.04753399945 1.74294116186 
--           r 2           r 3           r 4           r 5           r 6           r 7           r 8           r 9          r 10          r 11          r 12          r 13          r 14          r 15          r 16          r 17          r 18          r 19 
-- 0.83055316541 0.72850750771 0.65953434323 0.60469429826 0.55733631090 0.51850217816 0.48973651747 0.47139350217 0.46722195661 0.47070089717 0.47661370220 0.49100108046 0.50866041780 0.53536676461 0.56754517226 0.62415390916 0.74636526160 1.00001289941 

---- Expected P_neut(i), 0 < i < n (neutral SFS per site) 
E[P_neut(1)] = 0.0076021158
E[P_neut(2)] = 0.0031581227
E[P_neut(3)] = 0.0018474602
E[P_neut(4)] = 0.0012550247
E[P_neut(5)] = 0.0009210993
E[P_neut(6)] = 0.0007079873
E[P_neut(7)] = 0.0005650747
E[P_neut(8)] = 0.0004675049
E[P_neut(9)] = 0.0004005082
E[P_neut(10)] = 0.0003577656
E[P_neut(11)] = 0.0003282216
E[P_neut(12)] = 0.0003053832
E[P_neut(13)] = 0.0002913252
E[P_neut(14)] = 0.0002815057
E[P_neut(15)] = 0.0002782626
E[P_neut(16)] = 0.0002791538
E[P_neut(17)] = 0.0002931424
E[P_neut(18)] = 0.0003392801
E[P_neut(19)] = 0.0004581994

---- Expected P_sel(i), 0 < i < n (selected SFS per site) 
E[P_sel(1)] = 0.0019854705
E[P_sel(2)] = 0.0007009528
E[P_sel(3)] = 0.0003837849
E[P_sel(4)] = 0.0002511948
E[P_sel(5)] = 0.0001801098
E[P_sel(6)] = 0.0001363597
E[P_sel(7)] = 0.0001077881
E[P_sel(8)] = 0.0000886703
E[P_sel(9)] = 0.0000757633
E[P_sel(10)] = 0.0000676663
E[P_sel(11)] = 0.0000621972
E[P_sel(12)] = 0.0000580845
E[P_sel(13)] = 0.0000557063
E[P_sel(14)] = 0.0000541969
E[P_sel(15)] = 0.0000540183
E[P_sel(16)] = 0.0000547307
E[P_sel(17)] = 0.0000581763
E[P_sel(18)] = 0.0000684840
E[P_sel(19)] = 0.0000963534

---- alpha_dfe = 0.481060

