---- Running command
---- ./polyDFE -d output/tetraploid/polydfe/pendula/spectra/sfs.txt -m C -i resources/polydfe/init_model_C.txt 3 -v 100 
---- Performing inference using model C

---- Performing inference on output/tetraploid/polydfe/pendula/spectra/sfs.txt
----      with -i resources/polydfe/init_model_C.txt 3
---- Data output/tetraploid/polydfe/pendula/spectra/sfs.txt does not contain divergence counts. Using option -w.
---- No mutation variability. Using Poisson likelihood.


---- Using provided initial values

-- Starting local optimization
-- Optimizing all parameters
  it        eps_an     theta_bar           S_d             b           p_b           S_b           r 2           r 3           r 4           r 5           r 6           r 7           r 8           r 9          r 10          r 11          r 12          r 13          r 14          r 15          r 16          r 17          r 18          r 19           ln lk          grad status 
   0          0.05         0.001          -400           0.4          0.02             4             1             1             1             1             1             1             1             1             1             1             1             1             1             1             1             1             1             1 -9620.782048352 89.9953185336   -2 
 100 0.01095323035 0.00766932683 -12896.230145 0.21060960047 0.05164769164 1.66923049321 0.83041584437 0.73171801865 0.66043364003 0.60764774880 0.55765683119  0.5189991772 0.48993959132 0.47233546748 0.46710901121 0.47006879826 0.47552188073 0.48841932973 0.50394401031 0.52834846501 0.55769958528 0.60831899920 0.71699569875 0.92277801235 -128.9917795207 0.04222999451   -2 
 200 0.00583466112 0.00765403052 -17605.791654 0.20430760567 0.05600400221 1.32705894022 0.82848774058 0.72623021266 0.65780001607 0.60305250382 0.55563554145 0.51790877029 0.48993457433 0.47120315387 0.46729012919 0.47157768040 0.47748979240 0.49215401302 0.51095960627 0.53880670479 0.57277923285 0.63207692247 0.76028770503 1.03831470545 -128.8693165629 0.00795691100   -2 
 300 0.00461736061 0.00763608409 -16075.742355 0.20360074466 0.05086365419 1.60204953698 0.82989308563 0.72795131052 0.65925713941 0.60473109457 0.55781834120 0.51942849007 0.49103468094 0.47319556359 0.46898900915 0.47306853253 0.47938539162 0.49424440260 0.51291451127 0.54093951176 0.57550767417 0.63600505166 0.76741164413 1.05883438876 -128.8455693991 0.00485981711   -2 
 400 0.00349834077 0.00762935011 -17714.826232 0.20071924964 0.05059125706 1.59217222924 0.82971327798 0.72697237452 0.65905627422 0.60420806320 0.55807317771 0.51947231304 0.49199811645 0.47378281313 0.46926098779 0.47273566964 0.47966316725 0.49458808461 0.51415796343 0.54280295978 0.57843151790 0.64059270223 0.77612958311 1.08358110087 -128.8350081864 0.02040629634   -2 
 500 0.00256431357 0.00762145970 -17593.096755 0.19817084936 0.04644173676 1.76918918407 0.82967440093 0.72789866359 0.65944195515 0.60512731603 0.55842116383 0.52005530678 0.49178482726 0.47393776541 0.47035075409 0.47449776949 0.48106721401 0.49651920076 0.51561314125 0.54466358827 0.58093860274 0.64446345772 0.78289211448 1.10048460258 -128.8206128964 0.00215016717   -2 
 600 0.00196087445 0.00762421836 -18754.298321 0.19637782273 0.04621555709 1.79078425847 0.82892934724 0.72728615869 0.65869840367 0.60476560171 0.55774809448 0.51848608042 0.49094832511 0.47350695671 0.46987222443 0.47343572162 0.48039398812 0.49556037205 0.51562070810 0.54464526199 0.58128577387 0.64534197882 0.78581372323 1.11015404768 -128.8148673768 0.00887184958   -2 
 700 0.00156603380 0.00761646242 -18846.237740 0.19501618433 0.04435066059 1.86253010756 0.82934067871 0.72762388776 0.65923008847 0.60506346564 0.55832667263 0.52011872540 0.49187718099 0.47414578039 0.47064388714 0.47493089446 0.48164173095 0.49721713799 0.51685752988 0.54634965901 0.58328130943 0.64811914602 0.78971683566 1.12001247285 -128.8093541582 0.00068644470   -2 
 800 0.00140022151 0.00761501472 -18796.395735 0.19496909226 0.04413909696 1.87865688371 0.82948709090 0.72773797802 0.65941242646 0.60516123539 0.55833171122 0.52006172552 0.49211242932 0.47434642505 0.47080144067 0.47509499453 0.48188236886 0.49759250269 0.51700540524 0.54678337643 0.58360348886 0.64897596098 0.79097751479 1.12381543977 -128.8079044923 0.00477240873   -2 
 900 0.00124468736 0.00761494088 -19100.960089 0.19472395028 0.04445213008 1.85507680458 0.82924818413 0.72748723586 0.65918900714 0.60494105993 0.55834686758 0.52002906719 0.49185879376 0.47417358811 0.47068451232 0.47509616979 0.48175234001 0.49740993395 0.51727027211 0.54667555322 0.58427667227 0.64916100182 0.79179285577 1.12676564849 -128.8060611520 0.00286089554   -2 
1000 0.00068745449 0.00761512235 -20117.240247 0.19380200449 0.04516796186 1.79063197686 0.82872806617 0.72693037403 0.65850317477 0.60435523867 0.55771121881 0.51953985994 0.49138830868 0.47375867170 0.47024865828 0.47465818896 0.48166101945 0.49750589395 0.51742577267 0.54752600837 0.58514728440 0.65155447814 0.79654995867 1.13913973193 -128.8025032482 0.00122900816   -2 
1100 0.00068448801 0.00761251052 -19435.186473 0.19416419943 0.04426401586 1.86190238317 0.82906027359 0.72734381434 0.65901951956 0.60480918665 0.55818455673 0.52001570877 0.49185575701 0.47418074830 0.47074770540 0.47513484447 0.48196635767 0.49775664872 0.51763520843 0.54759303434 0.58523183953 0.65142206667 0.79607487557 1.13795408047 -128.8006557048 0.00087070637   -2 
1200 0.00065736164 0.00761180331 -19375.843657 0.19421623015 0.04422878934 1.86517824966 0.82911692908 0.72742208904 0.65905205094 0.60489366527 0.55822553655 0.52002192718 0.49189533663 0.47420814290 0.47078868277 0.47517923270 0.48201898704 0.49781288475 0.51769994933 0.54766645061 0.58533094887 0.65155770627 0.79630702888 1.13853534094 -128.8003660607 0.00050116079   -2 
1300 0.00059007302 0.00760975651 -19011.159802 0.19450478958 0.04386204720 1.90016600769 0.82935459880 0.72771492156 0.65934305839 0.60518147345 0.55849290910 0.52028495648 0.49213766688 0.47446108768 0.47102976993 0.47540641171 0.48225932079 0.49804786316 0.51792912301 0.54789099304 0.58555531330 0.65180225418 0.79667168341 1.13945405660 -128.7997872319 0.00077755664   -2 
1400 0.00057877291 0.00761093049 -19203.277780 0.19439568281 0.04412262519 1.88025999018 0.82920426099 0.72751695130 0.65913104083 0.60498446447 0.55829038220 0.52010857850 0.49196324801 0.47429348662 0.47085579068 0.47522728349 0.48207937506 0.49786911328 0.51775817905 0.54772197405 0.58544194697 0.65173154930 0.79671788814 1.13977062443 -128.7995764743 0.00068401427   -2 
1436 0.00050923877 0.00761106165 -19370.910138 0.19427462620 0.04429205346 1.86729915161 0.82913088915 0.72740997565 0.65904232885 0.60488417697 0.55821411018 0.52002057287 0.49188231788 0.47421445516 0.47080156673 0.47519744483 0.48207171705 0.49788830647 0.51781171249 0.54784641800 0.58559904846 0.65203335695 0.79726038867 1.14130468364 -128.7989727018 0.00026962103   -8 
-- Local optimization: reached maximum number of likelihood evaluations allowed.
-- Found new optimum with likelihood -128.798972701855263 and gradient 0.00027

---- Best joint likelihood found -128.798972701855263 with gradient 0.00027

---- Results for output/tetraploid/polydfe/pendula/spectra/sfs.txt 
--  Model: C
--        eps_an     theta_bar             a 
-- 0.00050923877 0.00761106165            -1 
--           S_d             b           p_b           S_b 
-- -19370.910138 0.19427462620 0.04429205346 1.86729915161 
--           r 2           r 3           r 4           r 5           r 6           r 7           r 8           r 9          r 10          r 11          r 12          r 13          r 14          r 15          r 16          r 17          r 18          r 19 
-- 0.82913088915 0.72740997565 0.65904232885 0.60488417697 0.55821411018 0.52002057287 0.49188231788 0.47421445516 0.47080156673 0.47519744483 0.48207171705 0.49788830647 0.51781171249 0.54784641800 0.58559904846 0.65203335695 0.79726038867 1.14130468364 

---- Expected P_neut(i), 0 < i < n (neutral SFS per site) 
E[P_neut(1)] = 0.0076074186
E[P_neut(2)] = 0.0031538480
E[P_neut(3)] = 0.0018446629
E[P_neut(4)] = 0.0012535062
E[P_neut(5)] = 0.0009204348
E[P_neut(6)] = 0.0007078831
E[P_neut(7)] = 0.0005652760
E[P_neut(8)] = 0.0004678857
E[P_neut(9)] = 0.0004009938
E[P_neut(10)] = 0.0003583300
E[P_neut(11)] = 0.0003288329
E[P_neut(12)] = 0.0003058391
E[P_neut(13)] = 0.0002916363
E[P_neut(14)] = 0.0002817242
E[P_neut(15)] = 0.0002783069
E[P_neut(16)] = 0.0002790611
E[P_neut(17)] = 0.0002927127
E[P_neut(18)] = 0.0003385461
E[P_neut(19)] = 0.0004608294

---- Expected P_sel(i), 0 < i < n (selected SFS per site) 
E[P_sel(1)] = 0.0019834214
E[P_sel(2)] = 0.0007021168
E[P_sel(3)] = 0.0003845421
E[P_sel(4)] = 0.0002516097
E[P_sel(5)] = 0.0001803044
E[P_sel(6)] = 0.0001364173
E[P_sel(7)] = 0.0001077523
E[P_sel(8)] = 0.0000885772
E[P_sel(9)] = 0.0000756376
E[P_sel(10)] = 0.0000675283
E[P_sel(11)] = 0.0000620634
E[P_sel(12)] = 0.0000579412
E[P_sel(13)] = 0.0000555787
E[P_sel(14)] = 0.0000541247
E[P_sel(15)] = 0.0000540196
E[P_sel(16)] = 0.0000548506
E[P_sel(17)] = 0.0000584061
E[P_sel(18)] = 0.0000687708
E[P_sel(19)] = 0.0000957095

---- alpha_dfe = 0.477831

