---- Running command
---- ./polyDFE -d output/tetraploid/polydfe/pendula/spectra/sfs.txt -m C -i resources/polydfe/init_model_C.txt 1 -v 100 
---- Performing inference using model C

---- Performing inference on output/tetraploid/polydfe/pendula/spectra/sfs.txt
----      with -i resources/polydfe/init_model_C.txt 1
---- Data output/tetraploid/polydfe/pendula/spectra/sfs.txt does not contain divergence counts. Using option -w.
---- No mutation variability. Using Poisson likelihood.


---- Using provided initial values

-- Starting local optimization
-- Optimizing all parameters
  it     theta_bar           S_d             b           p_b           S_b           r 2           r 3           r 4           r 5           r 6           r 7           r 8           r 9          r 10          r 11          r 12          r 13          r 14          r 15          r 16          r 17          r 18          r 19           ln lk          grad status 
   0         0.001          -400           0.4          0.02             4             1             1             1             1             1             1             1             1             1             1             1             1             1             1             1             1             1             1 -9588.016612584 90.0341499814   -2 
 100 0.00753601624 -7149.4213672 0.22818647559 0.04813640279 2.30790581679 0.84013665540 0.73961672665 0.67102660680 0.61771328890 0.57019499897 0.53095993209 0.49964155127 0.48315951022 0.47824018531 0.48126822572 0.48830814248 0.50463380990 0.52451987100 0.55368854735 0.58985966843 0.65390571110 0.79771459728 1.14274915320 -129.2095688915 0.03182361714   -2 
 200 0.00759919867 -13494.493176 0.21323185154 0.05705696881 1.48212686205 0.83104694547 0.72932070764 0.66061418734 0.60609595521 0.55914163470 0.52073559252 0.49242422208 0.47459932193 0.47104163720 0.47527409966 0.48219482814 0.49814363808 0.51811368350 0.54838655686 0.58676581571 0.65430914012 0.80169774161 1.15391398300 -128.8058586043 0.00347681402   -2 
 300 0.00760739015 -17590.713475 0.20094117394 0.05066211865 1.60148927835 0.82954518252 0.72768235819 0.65885612996 0.60497283640 0.55792127695 0.51962734903 0.49166226021 0.47373894623 0.47056413377 0.47495717116 0.48198061680 0.49802141112 0.51819958823 0.54860867578 0.58703210359 0.65455857351 0.80200907118 1.15433057067 -128.7991223050 0.00563802612   -2 
 400 0.00760481853 -17756.569841 0.19878856956 0.04771832938 1.73199074719 0.82962773182 0.72795054196 0.65938342327 0.60519516992 0.55847848488 0.52032972580 0.49220560968 0.47446230133 0.47102406427 0.47549970704 0.48253783030 0.49830963101 0.51848406374 0.54881030127 0.58708829026 0.65433247187 0.80177047739 1.15341140391 -128.7954045721 0.00519459885   -2 
 500 0.00760460037 -17926.549332 0.19764086442 0.04632591914 1.80201240257 0.82975021212 0.72791616028 0.65962158017 0.60557381536 0.55865370796 0.52044885708 0.49220706680 0.47448071937 0.47110107457 0.47544906824 0.48239421443 0.49842512351 0.51851825663 0.54876109847 0.58697274119 0.65413605909 0.80124771869 1.15266552182 -128.7947727060 0.00314511857   -2 
 600 0.00760620334 -19138.478801 0.19439313522 0.04395635102 1.89872473768 0.82929160522 0.72762749143 0.65929576563 0.60514152899 0.55849576909 0.52029532514 0.49219933895 0.47455105667 0.47116451733 0.47559154851 0.48252083392 0.49846171276 0.51853144585 0.54877843460 0.58691892394 0.65403645871 0.80094296946 1.15147481325 -128.7942033234 0.00146813140   -2 
 604 0.00760631416 -19142.028299 0.19439226849 0.04396189789 1.89839804023 0.82929124901 0.72763560330 0.65929751747 0.60515286863 0.55849213909 0.52030410342 0.49219191292 0.47455463309 0.47116467664 0.47560384354 0.48253565348 0.49844665220 0.51851576557 0.54876676109 0.58690523037 0.65402966519 0.80093874423 1.15143564821 -128.7942012351 0.00007521395    0 
-- Found new optimum with likelihood -128.794201235132022 and gradient 0.00008

---- Best joint likelihood found -128.794201235132022 with gradient 0.00008

---- Results for output/tetraploid/polydfe/pendula/spectra/sfs.txt 
--  Model: C
--        eps_an     theta_bar             a 
--             0 0.00760631416            -1 
--           S_d             b           p_b           S_b 
-- -19142.028299 0.19439226849 0.04396189789 1.89839804023 
--           r 2           r 3           r 4           r 5           r 6           r 7           r 8           r 9          r 10          r 11          r 12          r 13          r 14          r 15          r 16          r 17          r 18          r 19 
-- 0.82929124901 0.72763560330 0.65929751747 0.60515286863 0.55849213909 0.52030410342 0.49219191292 0.47455463309 0.47116467664 0.47560384354 0.48253565348 0.49844665220 0.51851576557 0.54876676109 0.58690523037 0.65402966519 0.80093874423 1.15143564821 

---- Expected P_neut(i), 0 < i < n (neutral SFS per site) 
E[P_neut(1)] = 0.0076063142
E[P_neut(2)] = 0.0031539249
E[P_neut(3)] = 0.0018448750
E[P_neut(4)] = 0.0012537060
E[P_neut(5)] = 0.0009205966
E[P_neut(6)] = 0.0007080111
E[P_neut(7)] = 0.0005653709
E[P_neut(8)] = 0.0004679708
E[P_neut(9)] = 0.0004010680
E[P_neut(10)] = 0.0003583827
E[P_neut(11)] = 0.0003288720
E[P_neut(12)] = 0.0003058598
E[P_neut(13)] = 0.0002916417
E[P_neut(14)] = 0.0002817138
E[P_neut(15)] = 0.0002782728
E[P_neut(16)] = 0.0002790116
E[P_neut(17)] = 0.0002926327
E[P_neut(18)] = 0.0003384551
E[P_neut(19)] = 0.0004609569

---- Expected P_sel(i), 0 < i < n (selected SFS per site) 
E[P_sel(1)] = 0.0019837322
E[P_sel(2)] = 0.0007020804
E[P_sel(3)] = 0.0003844923
E[P_sel(4)] = 0.0002515639
E[P_sel(5)] = 0.0001802641
E[P_sel(6)] = 0.0001363833
E[P_sel(7)] = 0.0001077230
E[P_sel(8)] = 0.0000885552
E[P_sel(9)] = 0.0000756213
E[P_sel(10)] = 0.0000675144
E[P_sel(11)] = 0.0000620532
E[P_sel(12)] = 0.0000579340
E[P_sel(13)] = 0.0000555756
E[P_sel(14)] = 0.0000541265
E[P_sel(15)] = 0.0000540261
E[P_sel(16)] = 0.0000548648
E[P_sel(17)] = 0.0000584262
E[P_sel(18)] = 0.0000687963
E[P_sel(19)] = 0.0000956727

---- alpha_dfe = 0.478419

