---- Running command
---- ./polyDFE -d output/tetraploid/polydfe/pubescens/spectra/sfs.txt -m A -i resources/polydfe/init_model_A.txt 2 -v 100 
---- Performing inference using model A

---- Performing inference on output/tetraploid/polydfe/pubescens/spectra/sfs.txt
----      with -i resources/polydfe/init_model_A.txt 2
---- Data output/tetraploid/polydfe/pubescens/spectra/sfs.txt does not contain divergence counts. Using option -w.
---- No mutation variability. Using Poisson likelihood.


---- Using provided initial values

-- Starting local optimization
-- Optimizing all parameters
  it     theta_bar         S_bar             b           r 2           r 3           r 4           r 5           r 6           r 7           r 8           r 9          r 10          r 11          r 12          r 13          r 14          r 15          r 16          r 17          r 18          r 19           ln lk          grad status 
   0          0.01           -40           0.5             1             1             1             1             1             1             1             1             1             1             1             1             1             1             1             1             1             1 -2210.097291066 41.8438977297   -2 
 100 0.02232624637 -61995.071208 0.13449637406 0.69772477211 0.59967448232 0.53520802571 0.48010460027 0.43056647974 0.39203290528 0.36868162414 0.36067575412 0.36631046389 0.38012068335 0.39848283210 0.41646396247 0.43052673297 0.43106472421 0.40434597107 0.35063911491 0.25578508307 0.14828003040 -160.7532043941 0.12250963549   -2 
 200 0.02242094077 -94455.954514 0.12882705491 0.69386392235 0.59766359125 0.53374088966 0.47758803960 0.42748361468 0.38916208199 0.36598924159 0.35820356356 0.36345965768 0.37670454953 0.39503070749 0.41301275591 0.42700503950 0.42759295116 0.40153259699 0.34462454311 0.25503693997 0.14745331463 -158.0323144068 0.02485773688   -2 
 300 0.02242610409 -99159.567355 0.12816056278 0.69371785120 0.59700212950 0.53351439549 0.47704089522 0.42701929727 0.38856571393 0.36569790730 0.35817212879 0.36306391894 0.37650268368 0.39482370374 0.41260448781 0.42638342134 0.42715004172 0.40155081762 0.34486550729 0.25487999691 0.14808653423 -157.7505073051 0.00711448919   -2 
 400 0.02242696494 -99663.306833 0.12809949427 0.69366199889 0.59697172179 0.53345256471 0.47704259257 0.42700506404 0.38861534337 0.36565828496 0.35810891586 0.36302204346 0.37644886209 0.39471844687 0.41255040370 0.42645445521 0.42718348647 0.40146875230 0.34486853435 0.25480424410 0.14802191122 -157.7216706189 0.00385961106   -2 
 500 0.02242922655 -99690.156703 0.12810331964 0.69359978719 0.59677408308 0.53348008513 0.47687034418 0.42706355839 0.38854791096 0.36569233224 0.35803196702 0.36299388487 0.37636739739 0.39456480632 0.41252510544 0.42639642739 0.42704181146 0.40142646103 0.34479899041 0.25453881234 0.14795234633 -157.7204821488 0.01383913244   -2 
 600 0.02242711194 -99945.834966 0.12806177105 0.69367764419 0.59699489001 0.53348117597 0.47697518230 0.42696795900 0.38860838866 0.36564547275 0.35809909660 0.36303665679 0.37641743028 0.39466747847 0.41256127690 0.42642874718 0.42715365888 0.40147685292 0.34481438544 0.25488453399 0.14807657802 -157.7056299802 0.00288352019   -2 
 690 0.02242743855 -99947.819256 0.12806063656 0.69364292452 0.59695152456 0.53344908523 0.47702458580 0.42698932457 0.38860169612 0.36565077527 0.35809308757 0.36300391396 0.37642809234 0.39468626965 0.41254308975 0.42644961321 0.42718036167 0.40144009937 0.34484895450 0.25480083522 0.14808913184 -157.7054864984 0.00009494435    0 
-- Found new optimum with likelihood -157.705486498478137 and gradient 0.00009

---- Best joint likelihood found -157.705486498478137 with gradient 0.00009

---- Results for output/tetraploid/polydfe/pubescens/spectra/sfs.txt 
--  Model: A
--        eps_an     theta_bar             a 
--             0 0.02242743855            -1 
--         S_bar             b         S_max 
-- -99947.819256 0.12806063656             0 
--           r 2           r 3           r 4           r 5           r 6           r 7           r 8           r 9          r 10          r 11          r 12          r 13          r 14          r 15          r 16          r 17          r 18          r 19 
-- 0.69364292452 0.59695152456 0.53344908523 0.47702458580 0.42698932457 0.38860169612 0.36565077527 0.35809308757 0.36300391396 0.37642809234 0.39468626965 0.41254308975 0.42644961321 0.42718036167 0.40144009937 0.34484895450 0.25480083522 0.14808913184 

---- Expected P_neut(i), 0 < i < n (neutral SFS per site) 
E[P_neut(1)] = 0.0224274386
E[P_neut(2)] = 0.0077783170
E[P_neut(3)] = 0.0044626979
E[P_neut(4)] = 0.0029909741
E[P_neut(5)] = 0.0021396879
E[P_neut(6)] = 0.0015960461
E[P_neut(7)] = 0.0012450487
E[P_neut(8)] = 0.0010250763
E[P_neut(9)] = 0.0008923456
E[P_neut(10)] = 0.0008141248
E[P_neut(11)] = 0.0007674834
E[P_neut(12)] = 0.0007376502
E[P_neut(13)] = 0.0007117142
E[P_neut(14)] = 0.0006831552
E[P_neut(15)] = 0.0006387041
E[P_neut(16)] = 0.0005627046
E[P_neut(17)] = 0.0004549458
E[P_neut(18)] = 0.0003174739
E[P_neut(19)] = 0.0001748032

---- Expected P_sel(i), 0 < i < n (selected SFS per site) 
E[P_sel(1)] = 0.0064117040
E[P_sel(2)] = 0.0019567497
E[P_sel(3)] = 0.0010579379
E[P_sel(4)] = 0.0006825777
E[P_sel(5)] = 0.0004749140
E[P_sel(6)] = 0.0003465987
E[P_sel(7)] = 0.0002655658
E[P_sel(8)] = 0.0002153419
E[P_sel(9)] = 0.0001849967
E[P_sel(10)] = 0.0001668183
E[P_sel(11)] = 0.0001556239
E[P_sel(12)] = 0.0001481630
E[P_sel(13)] = 0.0001417196
E[P_sel(14)] = 0.0001349507
E[P_sel(15)] = 0.0001252388
E[P_sel(16)] = 0.0001095771
E[P_sel(17)] = 0.0000880214
E[P_sel(18)] = 0.0000610509
E[P_sel(19)] = 0.0000334222

---- alpha_dfe = 0.000000

