---- Running command
---- ./polyDFE -d output/tetraploid/polydfe/pubescens/spectra/sfs.txt -m A -i resources/polydfe/init_model_A.txt 4 -v 100 
---- Performing inference using model A

---- Performing inference on output/tetraploid/polydfe/pubescens/spectra/sfs.txt
----      with -i resources/polydfe/init_model_A.txt 4
---- Data output/tetraploid/polydfe/pubescens/spectra/sfs.txt does not contain divergence counts. Using option -w.
---- No mutation variability. Using Poisson likelihood.


---- Using provided initial values

-- Starting local optimization
-- Optimizing all parameters
  it        eps_an     theta_bar         S_bar             b           r 2           r 3           r 4           r 5           r 6           r 7           r 8           r 9          r 10          r 11          r 12          r 13          r 14          r 15          r 16          r 17          r 18          r 19           ln lk          grad status 
   0          0.05          0.01           -40           0.5             1             1             1             1             1             1             1             1             1             1             1             1             1             1             1             1             1             1 -2869.281965593 42.5519472764   -2 
 100 0.00002341448 0.02230802278 -63910.409290  0.1340211008 0.69766293375 0.60074751733 0.53613385204 0.48065214648 0.43022087392 0.39178554504 0.36939182307 0.35933956984 0.36544348096 0.38003041838 0.39861110870 0.41640386944 0.43011936400 0.43059538135 0.40437402597 0.35201202829 0.26206586653 0.15101475117 -160.5727696921 0.10996088642   -2 
 200 0.00002399657 0.02241670258 -97280.116090 0.12842548847 0.69388218402 0.59749310469 0.53392829331 0.47710576117 0.42721327004 0.38857560849 0.36623298647 0.35862525554 0.36278281216 0.37674610269 0.39496471426 0.41283519643 0.42681742961 0.42752909914 0.40189479648 0.34517577382 0.25543780339 0.14909094560 -157.8573106116 0.04808432895   -2 
 300 0.00002517942 0.02242571957 -98863.989249 0.12819386284 0.69362204506 0.59687195268 0.53356815038 0.47717868730 0.42706326119 0.38867549538 0.36566730122 0.35817228636 0.36305497976 0.37645616400 0.39472060069 0.41259579083 0.42643062046 0.42714046382 0.40138105955 0.34491627989 0.25457273504 0.14764585390 -157.7588269287 0.00856696555   -2 
 400 0.00003343129 0.02242805038 -99839.797754 0.12807460526 0.69364920936 0.59697096105 0.53344705975 0.47703376832 0.42699033845 0.38860432683 0.36564960499 0.35808517011 0.36299536420 0.37641844089 0.39467279235 0.41252286425 0.42641986739 0.42713222213 0.40136657555 0.34472191141 0.25460387778 0.14729904176 -157.7000128336 0.00204453258   -2 
 500 0.00024724380 0.02243442261 -99966.071309 0.12807655074 0.69372068552 0.59687698448 0.53345936254 0.47714518307 0.42693685538 0.38854438939 0.36581216783 0.35805600614 0.36286064399 0.37633006223 0.39455412103 0.41237586428 0.42613256249 0.42666201498 0.40096489538 0.34411488983 0.25294601280 0.14284861200 -157.6214859320 0.00946977511   -2 
 600 0.00093557580 0.02245416164 -99966.707454 0.12812007707 0.69371395829 0.59709204643 0.53310240486 0.47677807279 0.42687673010 0.38838250937 0.36565634369 0.35777430335 0.36234678480 0.37595912566 0.39399743083 0.41166385133 0.42548739552 0.42611592838 0.39920711836 0.34139948861 0.24799648281 0.12628210940 -157.4141761485 0.02868423550   -2 
 700 0.00470210816 0.02254928060 -99967.261597 0.12821151018 0.69357188905 0.59681929164 0.53304348525 0.47651015224 0.42618208591 0.38770744415 0.36430251147 0.35668754284 0.36129943189 0.37431442723 0.39194694054 0.40897668442 0.42163244431 0.41983003112 0.39055255079 0.32697574243 0.22172413606 0.04003643878 -156.9327090302 0.00794290939   -2 
 800 0.00472046315 0.02254795323 -99967.319607 0.12820898387 0.69368470509 0.59676824209 0.53310570808 0.47643356794 0.42628235976 0.38764014218 0.36454965947 0.35669160554 0.36131960695 0.37437738984 0.39206622829 0.40909312247 0.42156461971 0.42005701214 0.39060225175 0.32714555295 0.22096532958 0.04061345049 -156.9307837346 0.00724741856   -2 
 900 0.00449894219 0.02254298568 -99967.668942 0.12820585380 0.69359459489 0.59678310223 0.53307105809 0.47644543066 0.42627228813 0.38767756606 0.36455871321 0.35676996444 0.36139265701 0.37447608699 0.39222417844 0.40920627069 0.42176504802 0.42040400035 0.39095269464 0.32796812630 0.22255652018 0.04557243672 -156.9289653898 0.00308640146   -2 
 927 0.00449037740 0.02254229667 -99967.683241 0.12820425296 0.69364017470 0.59679218075 0.53310271528 0.47648108502 0.42625447059 0.38767975148 0.36453433612 0.35676294157 0.36141187235 0.37448028292 0.39220824560 0.40923349229 0.42180682979 0.42039214958 0.39110150643 0.32803871817 0.22264516770 0.04570657592 -156.9289293508 0.00008912915    0 
-- Found new optimum with likelihood -156.928929350803259 and gradient 0.00009

---- Best joint likelihood found -156.928929350803259 with gradient 0.00009

---- Results for output/tetraploid/polydfe/pubescens/spectra/sfs.txt 
--  Model: A
--        eps_an     theta_bar             a 
-- 0.00449037740 0.02254229667            -1 
--         S_bar             b         S_max 
-- -99967.683241 0.12820425296             0 
--           r 2           r 3           r 4           r 5           r 6           r 7           r 8           r 9          r 10          r 11          r 12          r 13          r 14          r 15          r 16          r 17          r 18          r 19 
-- 0.69364017470 0.59679218075 0.53310271528 0.47648108502 0.42625447059 0.38767975148 0.36453433612 0.35676294157 0.36141187235 0.37448028292 0.39220824560 0.40923349229 0.42180682979 0.42039214958 0.39110150643 0.32803871817 0.22264516770 0.04570657592 

---- Expected P_neut(i), 0 < i < n (neutral SFS per site) 
E[P_neut(1)] = 0.0224413168
E[P_neut(2)] = 0.0077842670
E[P_neut(3)] = 0.0044661723
E[P_neut(4)] = 0.0029933236
E[P_neut(5)] = 0.0021413863
E[P_neut(6)] = 0.0015973177
E[P_neut(7)] = 0.0012460364
E[P_neut(8)] = 0.0010258761
E[P_neut(9)] = 0.0008930175
E[P_neut(10)] = 0.0008147054
E[P_neut(11)] = 0.0007679888
E[P_neut(12)] = 0.0007380769
E[P_neut(13)] = 0.0007120398
E[P_neut(14)] = 0.0006833196
E[P_neut(15)] = 0.0006385829
E[P_neut(16)] = 0.0005620367
E[P_neut(17)] = 0.0004531683
E[P_neut(18)] = 0.0003126839
E[P_neut(19)] = 0.0001552079

---- Expected P_sel(i), 0 < i < n (selected SFS per site) 
E[P_sel(1)] = 0.0064074882
E[P_sel(2)] = 0.0019553788
E[P_sel(3)] = 0.0010570929
E[P_sel(4)] = 0.0006819795
E[P_sel(5)] = 0.0004744711
E[P_sel(6)] = 0.0003462616
E[P_sel(7)] = 0.0002653020
E[P_sel(8)] = 0.0002151276
E[P_sel(9)] = 0.0001848153
E[P_sel(10)] = 0.0001666600
E[P_sel(11)] = 0.0001554842
E[P_sel(12)] = 0.0001480417
E[P_sel(13)] = 0.0001416239
E[P_sel(14)] = 0.0001348945
E[P_sel(15)] = 0.0001252504
E[P_sel(16)] = 0.0001097106
E[P_sel(17)] = 0.0000884036
E[P_sel(18)] = 0.0000621052
E[P_sel(19)] = 0.0000392055

---- alpha_dfe = 0.000000

