---- Running command
---- ./polyDFE -d output/tetraploid/polydfe/pubescens/spectra/sfs.txt -m A -i resources/polydfe/init_model_A.txt 3 -v 100 
---- Performing inference using model A

---- Performing inference on output/tetraploid/polydfe/pubescens/spectra/sfs.txt
----      with -i resources/polydfe/init_model_A.txt 3
---- Data output/tetraploid/polydfe/pubescens/spectra/sfs.txt does not contain divergence counts. Using option -w.
---- No mutation variability. Using Poisson likelihood.


---- Using provided initial values

-- Starting local optimization
-- Optimizing all parameters
  it        eps_an     theta_bar         S_bar             b         S_max           r 2           r 3           r 4           r 5           r 6           r 7           r 8           r 9          r 10          r 11          r 12          r 13          r 14          r 15          r 16          r 17          r 18          r 19           ln lk          grad status 
   0          0.05          0.01           -40           0.5             1             1             1             1             1             1             1             1             1             1             1             1             1             1             1             1             1             1             1 -3071.772702648 34.1444534024   -2 
 100 0.00043513195 0.02272039901 -16452.786247 0.17065765379 1.13425576192 0.69978221036 0.59943793768 0.53308135539 0.47310200293 0.42410636776 0.37694030211 0.35248667909 0.34155067429 0.34434347067 0.35365190381 0.36709028751 0.37986471223 0.38863568136 0.38516002131 0.35892009776 0.30471544320 0.21911612025 0.11994725486 -147.1197247825 0.19331820676   -2 
 200 0.00043320423 0.02288984502 -35970.788286 0.15363345450 1.00603980909 0.69296948425 0.59269709316 0.52640895518 0.46543521364 0.41313161738 0.37408703103 0.34887734986 0.33880454155 0.33993667407 0.34941268489 0.36302451141 0.37586577380 0.38462936283 0.38141689128 0.35469006316 0.30073334980 0.21870968430 0.11820726257 -145.5490915123 0.07011628645   -2 
 300 0.00043304449 0.02286463110 -41483.170212 0.15040406263 0.92530076463 0.69319797895 0.59269011379 0.52665501610 0.46698141241 0.41519203491 0.37448990986 0.34962053044 0.33975009334 0.34127816318 0.35098548813 0.36488412988 0.37809122994 0.38737555727 0.38451506607 0.35791342328 0.30384957545 0.22011585806 0.12011696224 -145.2920311169 0.03014852702   -2 
 400 0.00043244830 0.02287760395 -45614.023650 0.14865885413 0.90874630377 0.69261099785 0.59255292607 0.52561205677 0.46648502627 0.41435776406 0.37416094916 0.34927393333 0.33930827373 0.34116783572 0.35087331459 0.36481879712 0.37807668803 0.38741322521 0.38457504850 0.35794115302 0.30415725182 0.22096531578 0.12028581955 -145.1658760031 0.01171200803   -2 
 403 0.00043244830 0.02287760395 -45614.023650 0.14865885413 0.90874630377 0.69261099785 0.59255292607 0.52561205677 0.46648502627 0.41435776406 0.37416094916 0.34927393333 0.33930827373 0.34116783572 0.35087331459 0.36481879712 0.37807668803 0.38741322521 0.38457504850 0.35794115302 0.30415725182 0.22096531578 0.12028581955 -145.1658760031 0.01171200803   -3 
-- Local optimization: stuck in the same solution
-- Found new optimum with likelihood -145.165876003179221 and gradient 0.01171

---- Best joint likelihood found -145.165876003179221 with gradient 0.01171

---- Results for output/tetraploid/polydfe/pubescens/spectra/sfs.txt 
--  Model: A
--        eps_an     theta_bar             a 
-- 0.00043244830 0.02287760395            -1 
--         S_bar             b         S_max 
-- -45614.023650 0.14865885413 0.90874630377 
--           r 2           r 3           r 4           r 5           r 6           r 7           r 8           r 9          r 10          r 11          r 12          r 13          r 14          r 15          r 16          r 17          r 18          r 19 
-- 0.69261099785 0.59255292607 0.52561205677 0.46648502627 0.41435776406 0.37416094916 0.34927393333 0.33930827373 0.34116783572 0.35087331459 0.36481879712 0.37807668803 0.38741322521 0.38457504850 0.35794115302 0.30415725182 0.22096531578 0.12028581955 

---- Expected P_neut(i), 0 < i < n (neutral SFS per site) 
E[P_neut(1)] = 0.0228677732
E[P_neut(2)] = 0.0079193354
E[P_neut(3)] = 0.0045169533
E[P_neut(4)] = 0.0030051074
E[P_neut(5)] = 0.0021337426
E[P_neut(6)] = 0.0015795093
E[P_neut(7)] = 0.0012226026
E[P_neut(8)] = 0.0009986877
E[P_neut(9)] = 0.0008624493
E[P_neut(10)] = 0.0007805103
E[P_neut(11)] = 0.0007297975
E[P_neut(12)] = 0.0006956462
E[P_neut(13)] = 0.0006655864
E[P_neut(14)] = 0.0006334871
E[P_neut(15)] = 0.0005872131
E[P_neut(16)] = 0.0005128809
E[P_neut(17)] = 0.0004110941
E[P_neut(18)] = 0.0002841467
E[P_neut(19)] = 0.0001546650

---- Expected P_sel(i), 0 < i < n (selected SFS per site) 
E[P_sel(1)] = 0.0062910894
E[P_sel(2)] = 0.0019185018
E[P_sel(3)] = 0.0010437683
E[P_sel(4)] = 0.0006787093
E[P_sel(5)] = 0.0004764917
E[P_sel(6)] = 0.0003511024
E[P_sel(7)] = 0.0002716971
E[P_sel(8)] = 0.0002225578
E[P_sel(9)] = 0.0001931714
E[P_sel(10)] = 0.0001760125
E[P_sel(11)] = 0.0001659319
E[P_sel(12)] = 0.0001596528
E[P_sel(13)] = 0.0001543370
E[P_sel(14)] = 0.0001485376
E[P_sel(15)] = 0.0001393263
E[P_sel(16)] = 0.0001232133
E[P_sel(17)] = 0.0001000504
E[P_sel(18)] = 0.0000701012
E[P_sel(19)] = 0.0000389510

---- alpha_dfe = 0.908835

