---- Running command
---- ./polyDFE -d output/tetraploid/polydfe/pubescens/spectra/sfs.txt -m B -i resources/polydfe/init_model_B.txt 2 -v 100 
---- Performing inference using model B

---- Performing inference on output/tetraploid/polydfe/pubescens/spectra/sfs.txt
----      with -i resources/polydfe/init_model_B.txt 2
---- Data output/tetraploid/polydfe/pubescens/spectra/sfs.txt does not contain divergence counts. Using option -w.
---- No mutation variability. Using Poisson likelihood.


---- Using provided initial values

-- Starting local optimization
-- Optimizing all parameters
  it     theta_bar           S_d             b           r 2           r 3           r 4           r 5           r 6           r 7           r 8           r 9          r 10          r 11          r 12          r 13          r 14          r 15          r 16          r 17          r 18          r 19           ln lk          grad status 
   0         0.001          -400           0.4             1             1             1             1             1             1             1             1             1             1             1             1             1             1             1             1             1             1 -49498.14894452 278.583173114   -2 
 100 0.02229769462 -64258.465145 0.13384970905 0.69647027874 0.59900188030 0.53310526440 0.48178042871 0.43373281602 0.38877386722 0.36930927992 0.35817907693 0.36765207037 0.38040425617 0.39661647749 0.41300917839 0.42689676131 0.43018905974 0.40975851830 0.34729970109 0.25672684651 0.15541136027 -160.7021861554 0.32992804056   -2 
 200 0.02241227008 -88273.906207 0.12982796433 0.69481227396 0.59746326938 0.53525435562 0.47727134290 0.42880867982 0.38771924541 0.36566667091 0.35812517954 0.36492387197 0.37631862298 0.39511396374 0.41422910416 0.42781910251 0.42605911244 0.40304560678 0.34410161949 0.25417892142 0.15047651319 -158.4673364698 0.15538403811   -2 
 300 0.02240571137 -94631.159882 0.12879000884 0.69527257049 0.59747777029 0.53386793325 0.47726347057 0.42697730722 0.38887689023 0.36559811527 0.35787500738 0.36377595998 0.37700385106 0.39552577406 0.41280759075 0.42747112996 0.42788848572 0.40211214459 0.34559924490 0.25620159119 0.14872310008 -158.0295169029 0.09073440422   -2 
 400 0.02240936879 -97126.608275 0.12837687228 0.69404478945 0.59739567588 0.53320643940 0.47720161546 0.42757892843 0.38822645330 0.36604300962 0.35797682979 0.36274814270 0.37702330805 0.39507346429 0.41315040429 0.42627909683 0.42882148338 0.40165688477 0.34428263664 0.25749720484 0.14849978600 -157.8821876570 0.05522482330   -2 
 500 0.02242644162 -99122.444876 0.12816895972 0.69360538502 0.59693012252 0.53350002543 0.47713935033 0.42703960512 0.38852699735 0.36567602096 0.35811908002 0.36307152158 0.37646803499 0.39469668541 0.41263753198 0.42640219988 0.42718753545 0.40147090250 0.34489289459 0.25464942695 0.14782402703 -157.7528159821 0.01028380221   -2 
 600 0.02242615087 -99846.066085 0.12807304639 0.69412374746 0.59715119132 0.53313911203 0.47728416812 0.42702653349 0.38892336575 0.36543080802 0.35803537101 0.36307421906 0.37629009920 0.39450320632 0.41231256733 0.42600823444 0.42722617204 0.40160388680 0.34482692237 0.25395173381 0.14896978017 -157.7153751086 0.03209925919   -2 
 698 0.02242746110 -99948.603561 0.12806060952 0.69364378577 0.59695010065 0.53344571084 0.47702502478 0.42698922938 0.38859900207 0.36565263878 0.35809318153 0.36300459435 0.37642760224 0.39468632935 0.41254249399 0.42645072200 0.42717993549 0.40143970387 0.34484695272 0.25479917192 0.14809177929 -157.7054420805 0.00009186225    0 
-- Found new optimum with likelihood -157.705442080575665 and gradient 0.00009

---- Best joint likelihood found -157.705442080575665 with gradient 0.00009

---- Results for output/tetraploid/polydfe/pubescens/spectra/sfs.txt 
--  Model: B
--        eps_an     theta_bar             a 
--             0 0.02242746110            -1 
--           S_d             b           p_b           S_b 
-- -99948.603561 0.12806060952             0             0 
--           r 2           r 3           r 4           r 5           r 6           r 7           r 8           r 9          r 10          r 11          r 12          r 13          r 14          r 15          r 16          r 17          r 18          r 19 
-- 0.69364378577 0.59695010065 0.53344571084 0.47702502478 0.42698922938 0.38859900207 0.36565263878 0.35809318153 0.36300459435 0.37642760224 0.39468632935 0.41254249399 0.42645072200 0.42717993549 0.40143970387 0.34484695272 0.25479917192 0.14809177929 

---- Expected P_neut(i), 0 < i < n (neutral SFS per site) 
E[P_neut(1)] = 0.0224274611
E[P_neut(2)] = 0.0077783345
E[P_neut(3)] = 0.0044626917
E[P_neut(4)] = 0.0029909582
E[P_neut(5)] = 0.0021396920
E[P_neut(6)] = 0.0015960474
E[P_neut(7)] = 0.0012450413
E[P_neut(8)] = 0.0010250825
E[P_neut(9)] = 0.0008923468
E[P_neut(10)] = 0.0008141271
E[P_neut(11)] = 0.0007674832
E[P_neut(12)] = 0.0007376510
E[P_neut(13)] = 0.0007117139
E[P_neut(14)] = 0.0006831576
E[P_neut(15)] = 0.0006387041
E[P_neut(16)] = 0.0005627046
E[P_neut(17)] = 0.0004549436
E[P_neut(18)] = 0.0003174721
E[P_neut(19)] = 0.0001748065

---- Expected P_sel(i), 0 < i < n (selected SFS per site) 
E[P_sel(1)] = 0.0064117055
E[P_sel(2)] = 0.0019567526
E[P_sel(3)] = 0.0010579356
E[P_sel(4)] = 0.0006825736
E[P_sel(5)] = 0.0004749146
E[P_sel(6)] = 0.0003465987
E[P_sel(7)] = 0.0002655641
E[P_sel(8)] = 0.0002153431
E[P_sel(9)] = 0.0001849968
E[P_sel(10)] = 0.0001668187
E[P_sel(11)] = 0.0001556237
E[P_sel(12)] = 0.0001481631
E[P_sel(13)] = 0.0001417195
E[P_sel(14)] = 0.0001349511
E[P_sel(15)] = 0.0001252387
E[P_sel(16)] = 0.0001095771
E[P_sel(17)] = 0.0000880210
E[P_sel(18)] = 0.0000610505
E[P_sel(19)] = 0.0000334228

---- alpha_dfe = 0.000000

