---- Running command
---- ./polyDFE -d output/tetraploid/polydfe/pubescens/spectra/sfs.txt -m B -i resources/polydfe/init_model_B.txt 1 -v 100 
---- Performing inference using model B

---- Performing inference on output/tetraploid/polydfe/pubescens/spectra/sfs.txt
----      with -i resources/polydfe/init_model_B.txt 1
---- Data output/tetraploid/polydfe/pubescens/spectra/sfs.txt does not contain divergence counts. Using option -w.
---- No mutation variability. Using Poisson likelihood.


---- Using provided initial values

-- Starting local optimization
-- Optimizing all parameters
  it     theta_bar           S_d             b           p_b           S_b           r 2           r 3           r 4           r 5           r 6           r 7           r 8           r 9          r 10          r 11          r 12          r 13          r 14          r 15          r 16          r 17          r 18          r 19           ln lk          grad status 
   0         0.001          -400           0.4          0.02             4             1             1             1             1             1             1             1             1             1             1             1             1             1             1             1             1             1             1 -48126.66346870 268.176068699   -2 
 100 0.02285187672 -36521.041305 0.18995011181 0.08447589847 1.32870012987 0.69454205044 0.58732268109 0.52557844766 0.46877894824 0.41956732557 0.37162540648 0.34749756347 0.33789276824 0.34388726043 0.35291366288 0.36528113613 0.37754364149 0.38697997244 0.38617434875 0.36428471142 0.30637726553 0.22105292205 0.12623963525 -145.1056286685 0.31112746821   -2 
 200 0.02305428230 -51457.901309 0.23134773407 0.14785325566 0.43580147705 0.68334267434 0.58014867986 0.51463897184 0.45737348842 0.40567980317 0.36781623076 0.34373684661 0.33428585928 0.33656385965 0.34731170982 0.36262115994 0.37702562370 0.38809452914 0.38769964320 0.35994320465 0.31077275668 0.22692458819 0.13534912555 -143.5466431890 0.06860589251   -2 
 300 0.02309436845 -51490.835582 0.24475766629 0.16047197331 0.30433549893 0.68109291884 0.57903727458 0.51258782648 0.45487969776 0.40443646871 0.36577301308 0.34230151142 0.33349533881 0.33640959641 0.34721272825 0.36240183113 0.37713621927 0.38819070977 0.38721836285 0.36241529020 0.31023998135 0.22828396610 0.13218906492 -143.4705941764 0.00416200636   -2 
 400 0.02309328686 -50234.080820 0.24506542674 0.16001054793 0.31269446678 0.68120034709 0.57909386123  0.5126941866 0.45492456553 0.40445927280 0.36588162882 0.34236963981 0.33352709034 0.33642032783 0.34720514046 0.36237967350 0.37709304169 0.38812022108 0.38714157365 0.36230474966 0.30995309701 0.22810076465 0.13204699652 -143.4658631088 0.00207376513   -2 
 407 0.02309328512 -50233.290196 0.24506410922 0.16001207953 0.31269863665 0.68119766279 0.57909737040 0.51269270851 0.45492777895 0.40446496486 0.36588241871 0.34236683462 0.33352646439 0.33641993290 0.34720459593 0.36237904520 0.37709235816 0.38811952114 0.38714096331 0.36230411930 0.30995315603 0.22810067118 0.13204684842 -143.4658583209 0.00108702753   -3 
-- Local optimization: stuck in the same solution
-- Found new optimum with likelihood -143.465858320918869 and gradient 0.00109

---- Best joint likelihood found -143.465858320918869 with gradient 0.00109

---- Results for output/tetraploid/polydfe/pubescens/spectra/sfs.txt 
--  Model: B
--        eps_an     theta_bar             a 
--             0 0.02309328512            -1 
--           S_d             b           p_b           S_b 
-- -50233.290196 0.24506410922 0.16001207953 0.31269863665 
--           r 2           r 3           r 4           r 5           r 6           r 7           r 8           r 9          r 10          r 11          r 12          r 13          r 14          r 15          r 16          r 17          r 18          r 19 
-- 0.68119766279 0.57909737040 0.51269270851 0.45492777895 0.40446496486 0.36588241871 0.34236683462 0.33352646439 0.33641993290 0.34720459593 0.36237904520 0.37709235816 0.38811952114 0.38714096331 0.36230411930 0.30995315603 0.22810067118 0.13204684842 

---- Expected P_neut(i), 0 < i < n (neutral SFS per site) 
E[P_neut(1)] = 0.0230932851
E[P_neut(2)] = 0.0078655459
E[P_neut(3)] = 0.0044577536
E[P_neut(4)] = 0.0029599397
E[P_neut(5)] = 0.0021011554
E[P_neut(6)] = 0.0015567375
E[P_neut(7)] = 0.0012070610
E[P_neut(8)] = 0.0009882969
E[P_neut(9)] = 0.0008558024
E[P_neut(10)] = 0.0007769041
E[P_neut(11)] = 0.0007289177
E[P_neut(12)] = 0.0006973769
E[P_neut(13)] = 0.0006698693
E[P_neut(14)] = 0.0006402111
E[P_neut(15)] = 0.0005960238
E[P_neut(16)] = 0.0005229245
E[P_neut(17)] = 0.0004210492
E[P_neut(18)] = 0.0002926441
E[P_neut(19)] = 0.0001604945

---- Expected P_sel(i), 0 < i < n (selected SFS per site) 
E[P_sel(1)] = 0.0062297776
E[P_sel(2)] = 0.0019329312
E[P_sel(3)] = 0.0010592809
E[P_sel(4)] = 0.0006910563
E[P_sel(5)] = 0.0004854268
E[P_sel(6)] = 0.0003573089
E[P_sel(7)] = 0.0002759380
E[P_sel(8)] = 0.0002254088
E[P_sel(9)] = 0.0001949848
E[P_sel(10)] = 0.0001769900
E[P_sel(11)] = 0.0001661638
E[P_sel(12)] = 0.0001591701
E[P_sel(13)] = 0.0001531558
E[P_sel(14)] = 0.0001466881
E[P_sel(15)] = 0.0001369039
E[P_sel(16)] = 0.0001204492
E[P_sel(17)] = 0.0000972803
E[P_sel(18)] = 0.0000678361
E[P_sel(19)] = 0.0000373337

---- alpha_dfe = 0.795007

