---- Running command
---- ./polyDFE -d output/tetraploid/polydfe/pubescens/spectra/sfs.txt -m B -i resources/polydfe/init_model_B.txt 3 -v 100 
---- Performing inference using model B

---- Performing inference on output/tetraploid/polydfe/pubescens/spectra/sfs.txt
----      with -i resources/polydfe/init_model_B.txt 3
---- Data output/tetraploid/polydfe/pubescens/spectra/sfs.txt does not contain divergence counts. Using option -w.
---- No mutation variability. Using Poisson likelihood.


---- Using provided initial values

-- Starting local optimization
-- Optimizing all parameters
  it        eps_an     theta_bar           S_d             b           p_b           S_b           r 2           r 3           r 4           r 5           r 6           r 7           r 8           r 9          r 10          r 11          r 12          r 13          r 14          r 15          r 16          r 17          r 18          r 19           ln lk          grad status 
   0          0.05         0.001          -400           0.4          0.02             4             1             1             1             1             1             1             1             1             1             1             1             1             1             1             1             1             1             1 -48847.55456781 268.324200693   -2 
 100 0.00166166665 0.02282695401 -25436.484105 0.19034300169 0.06915117482 1.87223691767 0.69803117919 0.59580771025 0.52754105901 0.46706605200 0.41855769684 0.37928063458 0.34957561680 0.34514720259 0.34691331660 0.35465481649 0.36739998961 0.38015785633 0.38911947815 0.38559155527 0.35724208366 0.29725848177 0.21768921306 0.09153147369 -146.3190591542 0.53063992245   -2 
 200 0.00168054371 0.02309952055 -46348.011507 0.22903335034 0.14187357795 0.55190059535 0.68406269978 0.58042486667 0.51533673371 0.45557712387 0.40557687397 0.36695216363 0.34190717413 0.33317109657 0.33591747130 0.34621526842 0.36035806719 0.37439752895 0.38466739818 0.38261442865 0.35536200879 0.30051218115 0.21506212536 0.10095729473 -143.6570476956 0.07363885128   -2 
 300 0.00162719700 0.02312992331 -49618.368789 0.24583203097 0.16035753667 0.30743332409 0.68124955866 0.57904905801 0.51260388358 0.45477290878 0.40425857201 0.36561556201 0.34200644420 0.33313686779 0.33595441459 0.34664010983 0.36166149429 0.37609046425 0.38671714863 0.38511497608 0.35910430735 0.30469178706 0.21794641394 0.09884284579 -143.4671450201 0.00392339040   -2 
 400 0.00141202368 0.02311138461 -33245.014759 0.26655788631 0.16543387551 0.31648875492 0.68240729453 0.57998816644 0.51335110927 0.45548320952 0.40486183742 0.36605914629 0.34253535515 0.33339879506 0.33618446911 0.34674997778 0.36172863980 0.37611949020 0.38669589431 0.38498025719 0.35899176088 0.30477376069 0.21879025679 0.10308274980 -143.4120940496 0.00930513397   -2 
 500 0.00133710396 0.02311070383 -24616.196548 0.29637400474 0.17733597723 0.23470530154 0.68210998111 0.57983113533 0.51264656046 0.45514099869 0.40452212264 0.36604302923 0.34224144177 0.33319059013 0.33626832199 0.34700545121 0.36211567063 0.37673950717 0.38755238148 0.38607010673 0.36033425907 0.30689199541 0.21980324247 0.10541563722 -143.3565441157 0.01414967609   -2 
 600 0.00119705140 0.02314387730 -7257.5489480 0.45723977694 0.20781923907 0.11783269430 0.68301848364 0.57904186111 0.51128902627 0.45324859621 0.40374940830 0.36337768926 0.33980269108 0.33148125228 0.33466982289 0.34552685885 0.36043818556 0.37510989155 0.38675670751 0.38465640861 0.35861480288 0.30460438207 0.22123492717 0.10843501720 -143.1249187771 0.06566229609   -2 
 700 0.00112820478 0.02305927819 -2482.2429076 0.70315900957 0.22222926977 0.04897331135 0.68800869581 0.58145569535 0.51469134139 0.45508840781 0.40288346645 0.36570712604 0.34160572968 0.33261551475 0.33507109735 0.34615051309 0.36150507496 0.37648199935 0.38846280366 0.38679740768 0.35995067257 0.30762634470 0.21759799163 0.10875402077 -142.8177813569 0.08792671990   -2 
 800 0.00110905301 0.02306018216 -1381.5238667 0.98013393073 0.22744453479 0.03981080917 0.69093616689 0.58401841919 0.51489870524 0.45491929315 0.40333036688 0.36421815720 0.34072681845 0.33169657403 0.33438584384 0.34496872774 0.36010612826 0.37489616434 0.38619306727 0.38490112777 0.35961617940 0.30622315782 0.22148661922 0.10940341280 -142.6574285160 0.01978846303   -2 
 879 0.00110670882 0.02304909946 -1350.4779045 0.98932627032 0.22743017236 0.03862905961 0.69148033516 0.58438328772 0.51483627624 0.45527836286 0.40388646973 0.36470318409 0.34088605200 0.33189522860 0.33477252636 0.34543982127 0.36052352831 0.37523274881 0.38628540241 0.38513544789 0.35990907218 0.30651641793 0.22155416062 0.10981852809 -142.6509786084 0.00270679190   -8 
-- Local optimization: reached maximum number of likelihood evaluations allowed.
-- Found new optimum with likelihood -142.650978608424680 and gradient 0.00271

---- Best joint likelihood found -142.650978608424680 with gradient 0.00271

---- Results for output/tetraploid/polydfe/pubescens/spectra/sfs.txt 
--  Model: B
--        eps_an     theta_bar             a 
-- 0.00110670882 0.02304909946            -1 
--           S_d             b           p_b           S_b 
-- -1350.4779045 0.98932627032 0.22743017236 0.03862905961 
--           r 2           r 3           r 4           r 5           r 6           r 7           r 8           r 9          r 10          r 11          r 12          r 13          r 14          r 15          r 16          r 17          r 18          r 19 
-- 0.69148033516 0.58438328772 0.51483627624 0.45527836286 0.40388646973 0.36470318409 0.34088605200 0.33189522860 0.33477252636 0.34543982127 0.36052352831 0.37523274881 0.38628540241 0.38513544789 0.35990907218 0.30651641793 0.22155416062 0.10981852809 

---- Expected P_neut(i), 0 < i < n (neutral SFS per site) 
E[P_neut(1)] = 0.0230237383
E[P_neut(2)] = 0.0079604941
E[P_neut(3)] = 0.0044853272
E[P_neut(4)] = 0.0029639187
E[P_neut(5)] = 0.0020970835
E[P_neut(6)] = 0.0015505233
E[P_neut(7)] = 0.0012002758
E[P_neut(8)] = 0.0009818190
E[P_neut(9)] = 0.0008498477
E[P_neut(10)] = 0.0007716205
E[P_neut(11)] = 0.0007239648
E[P_neut(12)] = 0.0006927991
E[P_neut(13)] = 0.0006658833
E[P_neut(14)] = 0.0006369797
E[P_neut(15)] = 0.0005934694
E[P_neut(16)] = 0.0005211831
E[P_neut(17)] = 0.0004200930
E[P_neut(18)] = 0.0002922067
E[P_neut(19)] = 0.0001585832

---- Expected P_sel(i), 0 < i < n (selected SFS per site) 
E[P_sel(1)] = 0.0062490388
E[P_sel(2)] = 0.0019070755
E[P_sel(3)] = 0.0010516734
E[P_sel(4)] = 0.0006898694
E[P_sel(5)] = 0.0004864832
E[P_sel(6)] = 0.0003590868
E[P_sel(7)] = 0.0002777383
E[P_sel(8)] = 0.0002271069
E[P_sel(9)] = 0.0001965698
E[P_sel(10)] = 0.0001785030
E[P_sel(11)] = 0.0001675282
E[P_sel(12)] = 0.0001603810
E[P_sel(13)] = 0.0001542246
E[P_sel(14)] = 0.0001476109
E[P_sel(15)] = 0.0001376104
E[P_sel(16)] = 0.0001209280
E[P_sel(17)] = 0.0000975470
E[P_sel(18)] = 0.0000679544
E[P_sel(19)] = 0.0000378639

---- alpha_dfe = 0.995706

