---- Running command
---- ./polyDFE -d output/tetraploid/polydfe/pubescens/spectra/sfs.txt -m C -i resources/polydfe/init_model_C.txt 4 -v 100 
---- Performing inference using model C

---- Performing inference on output/tetraploid/polydfe/pubescens/spectra/sfs.txt
----      with -i resources/polydfe/init_model_C.txt 4
---- Data output/tetraploid/polydfe/pubescens/spectra/sfs.txt does not contain divergence counts. Using option -w.
---- No mutation variability. Using Poisson likelihood.


---- Using provided initial values

-- Starting local optimization
-- Optimizing all parameters
  it        eps_an     theta_bar           S_d             b           r 2           r 3           r 4           r 5           r 6           r 7           r 8           r 9          r 10          r 11          r 12          r 13          r 14          r 15          r 16          r 17          r 18          r 19           ln lk          grad status 
   0          0.05         0.001          -400           0.4             1             1             1             1             1             1             1             1             1             1             1             1             1             1             1             1             1             1 -50171.19040052 278.300866661   -2 
 100 0.00187139166 0.02240806129 -52112.981912 0.13785796670 0.69699811981 0.59988110094 0.53853438756 0.48165332425 0.43337563145 0.39329900137 0.36585800632 0.36375901199 0.36773636485 0.37895691030 0.39634213537 0.41446859284 0.42908332400 0.43039661618 0.40364048470 0.34056915611 0.24799818673 0.09757044149 -161.7085421317 0.49495072982   -2 
 200 0.00251941269 0.02246099399 -89400.064019 0.12956934465 0.69499847182 0.59630366816 0.53294913335 0.47774127805 0.42750172784 0.38751028757 0.36675296058 0.35829856824 0.36370490423 0.37572902406 0.39443016055 0.41230446280 0.42503454933 0.42382295641 0.39696134765 0.33608443094 0.23693838387 0.09390228353 -157.7512631319 0.09349989943   -2 
 300 0.00421925232 0.02252554256 -97365.636534 0.12848592764 0.69331449984 0.59605339980 0.53409745900 0.47637329108 0.42579867253 0.38779716144 0.36467566718 0.35752029279 0.36115040421 0.37524446442 0.39241716261 0.41021188199 0.42166209831 0.42167036654 0.39080984935 0.32856835251 0.22752115421 0.05324343188 -157.0996644867 0.06188666113   -2 
 400 0.00468637097 0.02254340940 -98614.428072 0.12837508278 0.69366878897 0.59683811978 0.53309905152 0.47673258518 0.42610188019 0.38778065929 0.36448754316 0.35681376039 0.36148327167 0.37447088641 0.39216040243 0.40922158734 0.42160197581 0.42013108582 0.39068601775 0.32743023477 0.22100443833 0.04230996737 -157.0069864686 0.01055009607   -2 
 500 0.00362271471 0.02252029801 -99833.229714 0.12819357061 0.69363412531 0.59694495772 0.53314274665 0.47653770408 0.42635570281 0.38777884585 0.36480971862 0.35697447944 0.36159362957 0.37489526006 0.39270513187 0.40979416399 0.42269124610 0.42169422028 0.39328278721 0.33071873976 0.22862168063 0.06614249383 -156.9674563807 0.00772347730   -2 
 600 0.00472676704 0.02254800299 -99946.114149 0.12821329572 0.69364217799 0.59678046160 0.53307679789 0.47648050970 0.42624229575 0.38765077305 0.36448884795 0.35669765869 0.36132204578 0.37439736399 0.39209993524 0.40905909019 0.42153688687 0.42004532078 0.39060102134 0.32727611631 0.22091418789 0.04009663851 -156.9322410529 0.00179025515   -2 
 700 0.00453928312 0.02254359412 -99946.939807 0.12820790171 0.69365829803 0.59679375179 0.53307994787 0.47647078818 0.42623942654 0.38767235474 0.36452500349 0.35674843379 0.36139745376 0.37445934412 0.39217847120 0.40920672849 0.42177046586 0.42031034763 0.39098767895 0.32784868779 0.22223147963 0.04465303389 -156.9301293537 0.00248342888   -2 
 800 0.00452470876 0.02254306307 -99947.169708 0.12820750577 0.69364503042 0.59679440933 0.53310457004 0.47647858230 0.42624393159 0.38766512815 0.36452953822 0.35676049959 0.36139994964 0.37446460927 0.39218918092 0.40920964446 0.42177173596 0.42033730576 0.39102215238 0.32790872076 0.22239848013 0.04492873365 -156.9300708373 0.00033316898   -2 
 844 0.00452274237 0.02254306164 -99947.207937 0.12820786204 0.69364362562 0.59679140933 0.53310270917 0.47647936979 0.42625262589 0.38767613689 0.36452822392 0.35675641547 0.36140162680 0.37446598407 0.39219058892 0.40921403545 0.42177695116 0.42034243213 0.39103211882 0.32791560074 0.22241733936 0.04496073242 -156.9300653063 0.00009453201    0 
-- Found new optimum with likelihood -156.930065306355971 and gradient 0.00009

---- Best joint likelihood found -156.930065306355971 with gradient 0.00009

---- Results for output/tetraploid/polydfe/pubescens/spectra/sfs.txt 
--  Model: C
--        eps_an     theta_bar             a 
-- 0.00452274237 0.02254306164            -1 
--           S_d             b           p_b           S_b 
-- -99947.207937 0.12820786204             0             0 
--           r 2           r 3           r 4           r 5           r 6           r 7           r 8           r 9          r 10          r 11          r 12          r 13          r 14          r 15          r 16          r 17          r 18          r 19 
-- 0.69364362562 0.59679140933 0.53310270917 0.47647936979 0.42625262589 0.38767613689 0.36452822392 0.35675641547 0.36140162680 0.37446598407 0.39219058892 0.40921403545 0.42177695116 0.42034243213 0.39103211882 0.32791560074 0.22241733936 0.04496073242 

---- Expected P_neut(i), 0 < i < n (neutral SFS per site) 
E[P_neut(1)] = 0.0224413464
E[P_neut(2)] = 0.0077843246
E[P_neut(3)] = 0.0044661863
E[P_neut(4)] = 0.0029933453
E[P_neut(5)] = 0.0021414018
E[P_neut(6)] = 0.0015973350
E[P_neut(7)] = 0.0012460495
E[P_neut(8)] = 0.0010258842
E[P_neut(9)] = 0.0008930273
E[P_neut(10)] = 0.0008147099
E[P_neut(11)] = 0.0007679897
E[P_neut(12)] = 0.0007380783
E[P_neut(13)] = 0.0007120478
E[P_neut(14)] = 0.0006833247
E[P_neut(15)] = 0.0006385793
E[P_neut(16)] = 0.0005620379
E[P_neut(17)] = 0.0004531522
E[P_neut(18)] = 0.0003126547
E[P_neut(19)] = 0.0001550601

---- Expected P_sel(i), 0 < i < n (selected SFS per site) 
E[P_sel(1)] = 0.0064074643
E[P_sel(2)] = 0.0019553753
E[P_sel(3)] = 0.0010570843
E[P_sel(4)] = 0.0006819759
E[P_sel(5)] = 0.0004744681
E[P_sel(6)] = 0.0003462604
E[P_sel(7)] = 0.0002653008
E[P_sel(8)] = 0.0002151260
E[P_sel(9)] = 0.0001848145
E[P_sel(10)] = 0.0001666584
E[P_sel(11)] = 0.0001554821
E[P_sel(12)] = 0.0001480400
E[P_sel(13)] = 0.0001416239
E[P_sel(14)] = 0.0001348944
E[P_sel(15)] = 0.0001252495
E[P_sel(16)] = 0.0001097123
E[P_sel(17)] = 0.0000884054
E[P_sel(18)] = 0.0000621137
E[P_sel(19)] = 0.0000392463

---- alpha_dfe = 0.000000

