---- Running command
---- ./polyDFE -d output/tetraploid/polydfe/pubescens/spectra/sfs.txt -m C -i resources/polydfe/init_model_C.txt 3 -v 100 
---- Performing inference using model C

---- Performing inference on output/tetraploid/polydfe/pubescens/spectra/sfs.txt
----      with -i resources/polydfe/init_model_C.txt 3
---- Data output/tetraploid/polydfe/pubescens/spectra/sfs.txt does not contain divergence counts. Using option -w.
---- No mutation variability. Using Poisson likelihood.


---- Using provided initial values

-- Starting local optimization
-- Optimizing all parameters
  it        eps_an     theta_bar           S_d             b           p_b           S_b           r 2           r 3           r 4           r 5           r 6           r 7           r 8           r 9          r 10          r 11          r 12          r 13          r 14          r 15          r 16          r 17          r 18          r 19           ln lk          grad status 
   0          0.05         0.001          -400           0.4          0.02             4             1             1             1             1             1             1             1             1             1             1             1             1             1             1             1             1             1             1 -48922.03917611 268.786127389   -2 
 100 0.00181857335 0.02298472268 -33510.664334 0.19579388321 0.08891798508 1.55651546632 0.69085994952 0.59169321711 0.52180892423 0.46443059247 0.41170371037 0.37494029877 0.34893840746 0.33648754099 0.33991942139 0.34991657983 0.36278397487 0.37455988999 0.38237712774 0.37810619178 0.34970654747 0.29288477062 0.20652058027 0.09045856064 -145.5444966759 0.12097069996   -2 
 200 0.00175083914 0.02315467094 -51048.663137 0.25491248253 0.16863459611 0.23087022645 0.68019933380 0.57772530474 0.51140418788 0.45376903207 0.40331527695 0.36490806770 0.34137471550 0.33254063419 0.33539010352 0.34625141632 0.36127739740 0.37586898842 0.38657126022 0.38484004611 0.35908193660 0.30428349243 0.21785373327 0.09608908745 -143.4954751016 0.01139281233   -2 
 300 0.00174717107 0.02314336042 -50322.912097 0.25345352590 0.16726413251 0.23599145613 0.68039295653 0.57818198654 0.51179781557 0.45416118389 0.40373259210 0.36522541452 0.34176327082 0.33297103352 0.33588894089 0.34667517732 0.36180342675 0.37637764668 0.38709760179 0.38551763520 0.35954252457 0.30497044895 0.21773832210 0.09670605836 -143.4879607509 0.00233569006   -2 
 400 0.00163183079 0.02312802858 -41173.513234 0.25710304145 0.16437847017 0.29760239998 0.68164270267 0.57928618627 0.51284803823 0.45495088867 0.40438173649 0.36554819766 0.34211175131 0.33318061553 0.33589976097 0.34669837608 0.36175133791 0.37608904499 0.38661592450 0.38481226317  0.3585853489 0.30426099446 0.21783050989 0.09841840586 -143.4518947681 0.01402129164   -2 
 500 0.00127049265 0.02310967609 -14445.091836 0.35179793878 0.19151059806 0.17786428466 0.68247347429 0.57946141106 0.51363534704 0.45501496961 0.40403390342 0.36465302993 0.34211703030 0.33222367552 0.33551389821 0.34633127196 0.36142129359 0.37575233785 0.38612112853 0.38549898533 0.36113119696 0.30755470123 0.22018522918 0.10894645272 -143.2832388950 0.13145926601   -2 
 600 0.00079664415 0.02302636291 -1491.1996954 0.89587673333 0.22458385221 0.06966024479 0.69214769498 0.58540547759 0.51621337648 0.45622916890 0.40484874629 0.36519490658 0.34152402516 0.33269633558 0.33519293807 0.34598513951 0.36105990550 0.37574976947 0.38680867007 0.38564444841 0.36046365827 0.30722398638 0.22308286016 0.11547070065 -142.7331142755 0.02353272179   -2 
 700 0.00078364203 0.02303861457 -1086.6671844 1.17317804678 0.22945810719 0.02941070433 0.69261234767 0.58491467633 0.51493562623 0.45498140515 0.40369919233 0.36459367119 0.34048108952 0.33152009836 0.33451042878 0.34520545230 0.36030790921 0.37507744538 0.38613872050 0.38510644948 0.36021369440 0.30709244026 0.22340125467 0.11549131442 -142.6174208498 0.01020511472   -2 
 800 0.00073343851 0.02303003965 -857.51187563 1.48142279046 0.23152676368 0.00886846096 0.69406428656 0.58523147037 0.51494567461 0.45492608663 0.40336471277 0.36430075360 0.34036408375 0.33153563916 0.33424470429 0.34506055239 0.36042767868 0.37519808730 0.38639722042 0.38526668482 0.36051803139 0.30754800065 0.22402467081 0.11757448564 -142.5550489322 0.00923971661   -2 
 900 0.00066830132 0.02302729050 -683.76998481 1.98946350657 0.23272271772 0.00338785984 0.69525490343 0.58545228273 0.51468670219 0.45460935583 0.40305283396 0.36390960897 0.34008098737 0.33112966592 0.33397560340 0.34466243167 0.35993182668 0.37472060679 0.38588061676 0.38507156566 0.36023904081 0.30754427467 0.22423331253 0.11867263745 -142.5389863053 0.00224343680   -2 
1000 0.00060750284 0.02302622112 -774.97472166 1.67608387294 0.23226535125 0.00223883875 0.69452768446 0.58531700774 0.51481933297 0.45481030789 0.40320024214 0.36414509602 0.34037550326 0.33140919746  0.3342717126 0.34508561881 0.36027795439 0.37512609511 0.38633063251 0.38543388759 0.36081387322 0.30801395890 0.22475995225 0.12009881459 -142.5340451874 0.00602609908   -2 
1075 0.00060724682 0.02302736864 -775.67125014 1.67817074507 0.23229909856 0.00223505115 0.69445900720 0.58524942504 0.51472887104 0.45477906998 0.40321566365 0.36409003952 0.34031650558 0.33137053585 0.33420517002 0.34498767338 0.36021492087 0.37504661212 0.38623909143 0.38544652141 0.36069258086 0.30806308848 0.22470086291 0.12007501827 -142.5339326829 0.00019963736   -8 
-- Local optimization: reached maximum number of likelihood evaluations allowed.
-- Found new optimum with likelihood -142.533932682993964 and gradient 0.00020

---- Best joint likelihood found -142.533932682993964 with gradient 0.00020

---- Results for output/tetraploid/polydfe/pubescens/spectra/sfs.txt 
--  Model: C
--        eps_an     theta_bar             a 
-- 0.00060724682 0.02302736864            -1 
--           S_d             b           p_b           S_b 
-- -775.67125014 1.67817074507 0.23229909856 0.00223505115 
--           r 2           r 3           r 4           r 5           r 6           r 7           r 8           r 9          r 10          r 11          r 12          r 13          r 14          r 15          r 16          r 17          r 18          r 19 
-- 0.69445900720 0.58524942504 0.51472887104 0.45477906998 0.40321566365 0.36409003952 0.34031650558 0.33137053585 0.33420517002 0.34498767338 0.36021492087 0.37504661212 0.38623909143 0.38544652141 0.36069258086 0.30806308848 0.22470086291 0.12007501827 

---- Expected P_neut(i), 0 < i < n (neutral SFS per site) 
E[P_neut(1)] = 0.0230134737
E[P_neut(2)] = 0.0079911009
E[P_neut(3)] = 0.0044897769
E[P_neut(4)] = 0.0029617287
E[P_neut(5)] = 0.0020935605
E[P_neut(6)] = 0.0015469454
E[P_neut(7)] = 0.0011973955
E[P_neut(8)] = 0.0009793991
E[P_neut(9)] = 0.0008477672
E[P_neut(10)] = 0.0007695866
E[P_neut(11)] = 0.0007222725
E[P_neut(12)] = 0.0006914086
E[P_neut(13)] = 0.0006646575
E[P_neut(14)] = 0.0006358446
E[P_neut(15)] = 0.0005926338
E[P_neut(16)] = 0.0005205967
E[P_neut(17)] = 0.0004197617
E[P_neut(18)] = 0.0002921403
E[P_neut(19)] = 0.0001594219

---- Expected P_sel(i), 0 < i < n (selected SFS per site) 
E[P_sel(1)] = 0.0062515785
E[P_sel(2)] = 0.0018986239
E[P_sel(3)] = 0.0010505292
E[P_sel(4)] = 0.0006905723
E[P_sel(5)] = 0.0004875248
E[P_sel(6)] = 0.0003600211
E[P_sel(7)] = 0.0002785817
E[P_sel(8)] = 0.0002278219
E[P_sel(9)] = 0.0001971813
E[P_sel(10)] = 0.0001789861
E[P_sel(11)] = 0.0001679765
E[P_sel(12)] = 0.0001607963
E[P_sel(13)] = 0.0001545750
E[P_sel(14)] = 0.0001478758
E[P_sel(15)] = 0.0001378290
E[P_sel(16)] = 0.0001210789
E[P_sel(17)] = 0.0000976327
E[P_sel(18)] = 0.0000679729
E[P_sel(19)] = 0.0000376271

---- alpha_dfe = 0.999762

