---- Running command
---- ./polyDFE -d output/tetraploid/polydfe/pubescens/spectra/sfs.txt -m C -i resources/polydfe/init_model_C.txt 1 -v 100 
---- Performing inference using model C

---- Performing inference on output/tetraploid/polydfe/pubescens/spectra/sfs.txt
----      with -i resources/polydfe/init_model_C.txt 1
---- Data output/tetraploid/polydfe/pubescens/spectra/sfs.txt does not contain divergence counts. Using option -w.
---- No mutation variability. Using Poisson likelihood.


---- Using provided initial values

-- Starting local optimization
-- Optimizing all parameters
  it     theta_bar           S_d             b           p_b           S_b           r 2           r 3           r 4           r 5           r 6           r 7           r 8           r 9          r 10          r 11          r 12          r 13          r 14          r 15          r 16          r 17          r 18          r 19           ln lk          grad status 
   0         0.001          -400           0.4          0.02             4             1             1             1             1             1             1             1             1             1             1             1             1             1             1             1             1             1             1 -48204.28927182 268.650789918   -2 
 100 0.02296761128 -43257.572887 0.21653429818 0.12602433782 0.72312996178 0.69115907777 0.58621391298 0.52059198363 0.46110964962 0.40888255584 0.37505062280 0.34760760580 0.33385762514 0.33895363951 0.35120968738 0.36394738321 0.37489900106 0.38278818407 0.38197272476 0.36315469682 0.29939808882 0.23267550816 0.12314523774 -144.3500244393 0.27129890212   -2 
 200 0.02307868842 -45458.990534 0.24612992457 0.15832561583 0.32992441493 0.68180256600 0.57992529248 0.51328078820 0.45542664356 0.40517173691 0.36674650840 0.34296719581 0.33357723307 0.33720722052 0.34781404764 0.36268270486 0.37748982551 0.38849157626 0.38730530872 0.36212042158 0.30995393795 0.22776767310 0.13071329455 -143.4712743185 0.02088438564   -2 
 300 0.02308342075 -41109.264064 0.25784444651 0.16507308269 0.28722971733 0.68155158196 0.57918461614 0.51284866112 0.45514411455 0.40476581072 0.36624587970 0.34263343429 0.33381206252 0.33657425414 0.34737260752 0.36255440615 0.37724349072 0.38825465003 0.38723572919 0.36246227488 0.31010317041 0.22817177739 0.13222272188 -143.4459156338 0.02983165944   -2 
 400 0.02305390241 -12097.238632 0.35733919415 0.18861976655 0.22917703005 0.68441983071 0.58368919741 0.51455780211 0.45623208213 0.40450886373 0.36503411760 0.34272906932 0.33413862542 0.33673138619 0.34717084289 0.36199755249 0.37631342105 0.38689335062 0.38514632884 0.36214639151 0.30901797982 0.22923855073 0.13015805821 -143.2738672217 0.09030955758   -2 
 500 0.02303687477 -2023.2452026 0.75434004394 0.22140732075 0.09154789428 0.68979807860 0.58384193017 0.51484610709 0.45574642467 0.40441086806 0.36547887762 0.34134444472 0.33240305105 0.33515527317 0.34582415238 0.36098243337 0.37572453412 0.38679486721 0.38589223556 0.36142820648 0.30941407878 0.22767959918 0.13167566168 -142.7960375280 0.02426492109   -2 
 600 0.02301931467 -1081.8970293 1.18487729460 0.22983387986 0.02093483498 0.69265015652 0.58476722787 0.51491254978 0.45523522784 0.40374445199 0.36464283030 0.34090740815 0.33193289645 0.33481835692 0.34562264632 0.36089831620 0.37578977260 0.38712299165 0.38654441130 0.36210962694 0.31021907193 0.22857911688 0.13252725747 -142.5939959275 0.00580279869   -2 
 700 0.02299632963 -852.12215735 1.46228637724 0.23111979440 0.01323208013 0.69462177431 0.58615526190 0.51568880554 0.45607230663 0.40413153404 0.36482691193 0.34103677585 0.33175823403 0.33498434237 0.34565531391 0.36114333367 0.37611522773 0.38726920874 0.38655951304 0.36168560624 0.31087231152 0.22820258412 0.13311819447 -142.5743212136 0.02051581663   -2 
 800 0.02301079285 -639.78735858 2.20385737748 0.23283313043 0.00592032376 0.69570527382 0.58563165114 0.51471941549 0.45469951001 0.40304673156 0.36391536447 0.34014917381 0.33120371680 0.33402928112 0.34483593677 0.36007704235 0.37498662893 0.38627935515 0.38566872266 0.36142593881 0.30960337746 0.22814999469 0.13231135273 -142.5485674600 0.00280673725   -2 
 900 0.02301222389 -773.86211978 1.68072232736 0.23229138857 0.00240849747 0.69450832482 0.58528878765 0.51481274527 0.45492224020 0.40329794874 0.36423689203 0.34046659205 0.33160379414 0.33447870497 0.34528135584 0.36056822036 0.37555748396 0.38686553654 0.38645203757 0.36194096311 0.31019914272 0.22858420830 0.13246783832 -142.5350124725 0.00322925847   -2 
1000 0.02301356399 -773.60075175 1.68502489732 0.23233250666 0.00239209348 0.69446443554 0.58526081112 0.51475362313 0.45482504294 0.40328473404 0.36418935204 0.34043495327 0.33151050491 0.33437901442 0.34520362592 0.36049393407 0.37542456912 0.38677541647 0.38623492804 0.36191270059 0.31005316304 0.22851387127 0.13246812589 -142.5348292650 0.00017832405   -2 
1100 0.02301348219 -759.26744866 1.72527305036 0.23241222898 0.00225786752 0.69456935162 0.58528986661 0.51474447471 0.45478892102 0.40325776018 0.36415652319 0.34040515473 0.33148023546 0.33434460696 0.34517300968 0.36044950631 0.37540240835 0.38673110431 0.38619446038 0.36186350520 0.31000959948 0.22848745386 0.13247990252 -142.5343017924 0.00051277006   -2 
1200 0.02301410518 -757.52723643 1.73109768828 0.23243003061 0.00223179577 0.69454813957 0.58527619220 0.51470218625 0.45479781566 0.40324176457 0.36411587185 0.34039761833 0.33146948411 0.33436308823 0.34513906685 0.36042015536 0.37537686854 0.38670080647 0.38615471568 0.36190285434 0.31005938679 0.22843784783 0.13247537625 -142.5342303333 0.00309837486   -2 
1300 0.02301304537 -745.69014799 1.76593664438 0.23248784509 0.00207148154 0.69468599394 0.58532155276 0.51474128669 0.45478338917 0.40323272230 0.36413081300 0.34037704695 0.33145321980 0.33432311078 0.34514124544 0.36042590833 0.37535281849 0.38670307006 0.38616273874 0.36184451984 0.30999480886 0.22847521043 0.13246783805 -142.5336674791 0.00014180324   -2 
1400 0.02301121610 -694.19863478 1.94087480456 0.23273137709 0.00088192451 0.69532723504 0.58521199404 0.51476530550 0.45455085368 0.40325507170 0.36405207212 0.34047342013 0.33154832696 0.33439491522 0.34507924874 0.36033884294 0.37529542105 0.38668440355 0.38614935971 0.36187553526 0.30980384914 0.22829268695 0.13246736165 -142.5310127900 0.02564253507   -2 
1479 0.02301201564 -677.33262975 2.02624305397 0.23287269475 0.00060778749 0.69523076421 0.58543655420 0.51468295838 0.45466347293 0.40309258864 0.36399164350 0.34023951580 0.33131330304 0.33417722708 0.34499198988 0.36027236511 0.37519525235 0.38654362827 0.38600759747 0.36170429220 0.30987783863 0.22838695474 0.13242420254 -142.5292285922 0.00009395507    0 
-- Found new optimum with likelihood -142.529228592263507 and gradient 0.00009

---- Best joint likelihood found -142.529228592263507 with gradient 0.00009

---- Results for output/tetraploid/polydfe/pubescens/spectra/sfs.txt 
--  Model: C
--        eps_an     theta_bar             a 
--             0 0.02301201564            -1 
--           S_d             b           p_b           S_b 
-- -677.33262975 2.02624305397 0.23287269475 0.00060778749 
--           r 2           r 3           r 4           r 5           r 6           r 7           r 8           r 9          r 10          r 11          r 12          r 13          r 14          r 15          r 16          r 17          r 18          r 19 
-- 0.69523076421 0.58543655420 0.51468295838 0.45466347293 0.40309258864 0.36399164350 0.34023951580 0.33131330304 0.33417722708 0.34499198988 0.36027236511 0.37519525235 0.38654362827 0.38600759747 0.36170429220 0.30987783863 0.22838695474 0.13242420254 

---- Expected P_neut(i), 0 < i < n (neutral SFS per site) 
E[P_neut(1)] = 0.0230120156
E[P_neut(2)] = 0.0079993306
E[P_neut(3)] = 0.0044906917
E[P_neut(4)] = 0.0029609731
E[P_neut(5)] = 0.0020925446
E[P_neut(6)] = 0.0015459955
E[P_neut(7)] = 0.0011965973
E[P_neut(8)] = 0.0009786996
E[P_neut(9)] = 0.0008471319
E[P_neut(10)] = 0.0007690092
E[P_neut(11)] = 0.0007217237
E[P_neut(12)] = 0.0006908828
E[P_neut(13)] = 0.0006641538
E[P_neut(14)] = 0.0006353677
E[P_neut(15)] = 0.0005921875
E[P_neut(16)] = 0.0005202216
E[P_neut(17)] = 0.0004194655
E[P_neut(18)] = 0.0002919802
E[P_neut(19)] = 0.0001603867

---- Expected P_sel(i), 0 < i < n (selected SFS per site) 
E[P_sel(1)] = 0.0062519985
E[P_sel(2)] = 0.0018963781
E[P_sel(3)] = 0.0010502886
E[P_sel(4)] = 0.0006907723
E[P_sel(5)] = 0.0004877937
E[P_sel(6)] = 0.0003602694
E[P_sel(7)] = 0.0002788020
E[P_sel(8)] = 0.0002280120
E[P_sel(9)] = 0.0001973496
E[P_sel(10)] = 0.0001791442
E[P_sel(11)] = 0.0001681257
E[P_sel(12)] = 0.0001609396
E[P_sel(13)] = 0.0001547124
E[P_sel(14)] = 0.0001480067
E[P_sel(15)] = 0.0001379483
E[P_sel(16)] = 0.0001211846
E[P_sel(17)] = 0.0000977143
E[P_sel(18)] = 0.0000680171
E[P_sel(19)] = 0.0000373626

---- alpha_dfe = 0.999939

