---- Running command
---- ./polyDFE -d output/tetraploid/polydfe/pendula_north/spectra/sfs.txt -m C -i resources/polydfe/init_model_C.txt 4 -v 100 
---- Performing inference using model C

---- Performing inference on output/tetraploid/polydfe/pendula_north/spectra/sfs.txt
----      with -i resources/polydfe/init_model_C.txt 4
---- Data output/tetraploid/polydfe/pendula_north/spectra/sfs.txt does not contain divergence counts. Using option -w.
---- No mutation variability. Using Poisson likelihood.


---- Using provided initial values

-- Starting local optimization
-- Optimizing all parameters
  it        eps_an     theta_bar           S_d             b           r 2           r 3           r 4           r 5           r 6           r 7           r 8           r 9          r 10          r 11          r 12          r 13          r 14          r 15          r 16          r 17          r 18          r 19           ln lk          grad status 
   0          0.05         0.001          -400           0.4             1             1             1             1             1             1             1             1             1             1             1             1             1             1             1             1             1             1 -9543.627552079 91.1325958700   -2 
 100 0.02410100114 0.00731061038 -42542.943975 0.15101190222 0.86558653758 0.74886434370 0.67988547918 0.62570951598 0.57618520914 0.53300306847 0.50373784844 0.48845820515 0.48382920374 0.49066747297 0.51151902944 0.53474969838 0.56142617797 0.58142560332 0.60214932090 0.63703434372 0.71083376788 0.75804659062 -131.3903289291 0.04370780110   -2 
 200 0.02158929593 0.00733855932 -92923.471693 0.13883124362 0.85792098681 0.74568532814 0.67606421101 0.62117767346 0.57054803877 0.52625315479 0.49889463986 0.48359369193 0.47712840514 0.48483723624 0.50833579683 0.53296160567 0.55398051525 0.57595960907 0.60320683924 0.63645956758 0.71054902821 0.81340350879 -130.5971278318 0.04419950934   -2 
 300 0.02185056622 0.00734541597 -94877.822926 0.13854901064 0.85896708139 0.74304723753 0.67502777856 0.62036339021 0.56813179263 0.52616478969 0.49715721315 0.48260778633 0.47781725607 0.48440170526 0.50511936798 0.52848677825 0.55544134115 0.57653027422 0.59906111683 0.63726224329 0.71931602727 0.79789554118 -130.5463816702 0.00205859480   -2 
 400 0.02089284853 0.00733876587 -96898.747715 0.13821880622 0.85870099845 0.74284129865 0.67488665477 0.62024101371 0.56816465398 0.52596470617 0.49738764927 0.48286489502 0.47795337663 0.48470787160 0.50563562321 0.52940043956 0.55647517293 0.57816893973 0.60280279858 0.64177550800 0.72687435063 0.81986211891 -130.5325582744 0.00574257953   -2 
 500 0.02149711308 0.00734401478 -97184.658785 0.13820259981 0.85884631585 0.74287518427 0.67484934625 0.62028370949 0.56798094678 0.52606051835 0.49709046240 0.48255460840 0.47778541534 0.48439479559 0.50517008884 0.52862871551 0.55569910965 0.57699731273 0.59986933374 0.63868894227 0.72223978255 0.80590439784 -130.5293017989 0.00122116794   -2 
 600 0.02184196040 0.00734730538 -97945.442842 0.13810355044 0.85878237720 0.74281453548 0.67478978900 0.62013215178 0.56782737726 0.52590724329 0.49692213334 0.48235375415 0.47754830994 0.48411625458 0.50483020909 0.52819380835 0.55515054020 0.57622380316 0.59869566292 0.63694045057 0.71896734312 0.79753690836 -130.5239925808 0.00042428945   -2 
 700 0.02222432800 0.00735150175 -99256.876349 0.13793167875 0.85872222241 0.74270507490 0.67461210645 0.62005927614 0.56786135045 0.52574394347 0.49666466115 0.48207933078 0.47726043662 0.48364990977 0.50442460206 0.52768527909 0.55437694331 0.57522546940 0.59746878238 0.63499201854 0.71537953674 0.78829588530 -130.5155583123 0.00398157399   -2 
 750 0.02160470508 0.00734622672 -99263.459718 0.13791049473 0.85870180077 0.74271311581 0.67467932860 0.62007268918 0.56778796124 0.52585509460 0.49688767703 0.48234083890 0.47756198956 0.48416091811 0.50490543335 0.52830401976 0.55533549446 0.57655385580 0.59928875347 0.63790221975 0.72096054444 0.80301172544 -130.5146401287 0.00009700611    0 
-- Found new optimum with likelihood -130.514640128743707 and gradient 0.00010

---- Best joint likelihood found -130.514640128743707 with gradient 0.00010

---- Results for output/tetraploid/polydfe/pendula_north/spectra/sfs.txt 
--  Model: C
--        eps_an     theta_bar             a 
-- 0.02160470508 0.00734622672            -1 
--           S_d             b           p_b           S_b 
-- -99263.459718 0.13791049473             0             0 
--           r 2           r 3           r 4           r 5           r 6           r 7           r 8           r 9          r 10          r 11          r 12          r 13          r 14          r 15          r 16          r 17          r 18          r 19 
-- 0.85870180077 0.74271311581 0.67467932860 0.62007268918 0.56778796124 0.52585509460 0.49688767703 0.48234083890 0.47756198956 0.48416091811 0.50490543335 0.52830401976 0.55533549446 0.57655385580 0.59928875347 0.63790221975 0.72096054444 0.80301172544 

---- Expected P_neut(i), 0 < i < n (neutral SFS per site) 
E[P_neut(1)] = 0.0071942215
E[P_neut(2)] = 0.0030923225
E[P_neut(3)] = 0.0017853757
E[P_neut(4)] = 0.0012182614
E[P_neut(5)] = 0.0008974566
E[P_neut(6)] = 0.0006864596
E[P_neut(7)] = 0.0005463914
E[P_neut(8)] = 0.0004531013
E[P_neut(9)] = 0.0003921892
E[P_neut(10)] = 0.0003508279
E[P_neut(11)] = 0.0003248617
E[P_neut(12)] = 0.0003122757
E[P_neut(13)] = 0.0003040146
E[P_neut(14)] = 0.0003001250
E[P_neut(15)] = 0.0002959486
E[P_neut(16)] = 0.0002959824
E[P_neut(17)] = 0.0003089946
E[P_neut(18)] = 0.0003560277
E[P_neut(19)] = 0.0004624845

---- Expected P_sel(i), 0 < i < n (selected SFS per site) 
E[P_sel(1)] = 0.0018901001
E[P_sel(2)] = 0.0007071851
E[P_sel(3)] = 0.0003828801
E[P_sel(4)] = 0.0002507245
E[P_sel(5)] = 0.0001792309
E[P_sel(6)] = 0.0001338984
E[P_sel(7)] = 0.0001045405
E[P_sel(8)] = 0.0000852935
E[P_sel(9)] = 0.0000728034
E[P_sel(10)] = 0.0000643377
E[P_sel(11)] = 0.0000589455
E[P_sel(12)] = 0.0000561385
E[P_sel(13)] = 0.0000542243
E[P_sel(14)] = 0.0000531971
E[P_sel(15)] = 0.0000522540
E[P_sel(16)] = 0.0000522511
E[P_sel(17)] = 0.0000549295
E[P_sel(18)] = 0.0000648999
E[P_sel(19)] = 0.0000934198

---- alpha_dfe = 0.000000

