---- Running command
---- ./polyDFE -d output/tetraploid/polydfe/pendula_north/spectra/sfs.txt -m C -i resources/polydfe/init_model_C.txt 2 -v 100 
---- Performing inference using model C

---- Performing inference on output/tetraploid/polydfe/pendula_north/spectra/sfs.txt
----      with -i resources/polydfe/init_model_C.txt 2
---- Data output/tetraploid/polydfe/pendula_north/spectra/sfs.txt does not contain divergence counts. Using option -w.
---- No mutation variability. Using Poisson likelihood.


---- Using provided initial values

-- Starting local optimization
-- Optimizing all parameters
  it     theta_bar           S_d             b           r 2           r 3           r 4           r 5           r 6           r 7           r 8           r 9          r 10          r 11          r 12          r 13          r 14          r 15          r 16          r 17          r 18          r 19           ln lk          grad status 
   0         0.001          -400           0.4             1             1             1             1             1             1             1             1             1             1             1             1             1             1             1             1             1             1 -9579.323643215 91.6840816666   -2 
 100 0.00711585360 -50591.519010 0.14728647082 0.86415432874 0.75280605744 0.68068201675 0.63198042635 0.57817268876 0.53846001626 0.50685122900 0.49359508756 0.49513976330 0.50758897596 0.53110560918 0.55792523091 0.59186981247 0.62578788365 0.67034936486 0.74818327636 0.92366081562 1.34066077584 -132.2511500078 0.11479919536   -2 
 200 0.00717008290 -93378.720439 0.13810863122 0.85964967796 0.74451061267 0.67748391948 0.62390746041 0.57273794653 0.53190769100 0.50412275151 0.49104023024 0.48819852405 0.49742682312 0.52170972779 0.55059865517 0.58607201100 0.62031867362 0.66355980582 0.73998415325 0.91426750057 1.30873819414 -131.3698689388 0.00335568687   -2 
 300 0.00717316484 -97477.749814 0.13751932297 0.85933427998 0.74417117633 0.67741562295 0.62361645130 0.57210234060 0.53161928272 0.50401104541 0.49061945666 0.48789641069 0.49682552335 0.52124661805 0.55027662864 0.58547303787 0.61953374692 0.66277755450 0.73924240317 0.91332819038 1.30744644908 -131.3245747505 0.00386906549   -2 
 400 0.00717245626 -98506.361049 0.13734457794 0.85941577201 0.74432216869 0.67702341134 0.62377567303 0.57229816895 0.53159119317 0.50346774630 0.49070371849 0.48765779367 0.49683013051 0.52122402783 0.55011704913 0.58547472309 0.61950739113 0.66274430397 0.73923052949 0.91362381785 1.30698989436 -131.3137469826 0.00784987463   -2 
 460 0.00717432227 -99666.383347 0.13720921736 0.85934746116 0.74416454203 0.67700059169 0.62335965481 0.57213934627 0.53131899973 0.50358691588 0.49044096159 0.48755264737 0.49675134344 0.52112300335 0.54996976959 0.58527509421 0.61936106242 0.66256577494 0.73896657568 0.91320391801 1.30689275737 -131.3015547009 0.00007499100    0 
-- Found new optimum with likelihood -131.301554700927284 and gradient 0.00007

---- Best joint likelihood found -131.301554700927284 with gradient 0.00007

---- Results for output/tetraploid/polydfe/pendula_north/spectra/sfs.txt 
--  Model: C
--        eps_an     theta_bar             a 
--             0 0.00717432227            -1 
--           S_d             b           p_b           S_b 
-- -99666.383347 0.13720921736             0             0 
--           r 2           r 3           r 4           r 5           r 6           r 7           r 8           r 9          r 10          r 11          r 12          r 13          r 14          r 15          r 16          r 17          r 18          r 19 
-- 0.85934746116 0.74416454203 0.67700059169 0.62335965481 0.57213934627 0.53131899973 0.50358691588 0.49044096159 0.48755264737 0.49675134344 0.52112300335 0.54996976959 0.58527509421 0.61936106242 0.66256577494 0.73896657568 0.91320391801 1.30689275737 

---- Expected P_neut(i), 0 < i < n (neutral SFS per site) 
E[P_neut(1)] = 0.0071743223
E[P_neut(2)] = 0.0030826178
E[P_neut(3)] = 0.0017796254
E[P_neut(4)] = 0.0012142551
E[P_neut(5)] = 0.0008944366
E[P_neut(6)] = 0.0006841187
E[P_neut(7)] = 0.0005445505
E[P_neut(8)] = 0.0004516119
E[P_neut(9)] = 0.0003909535
E[P_neut(10)] = 0.0003497860
E[P_neut(11)] = 0.0003239867
E[P_neut(12)] = 0.0003115587
E[P_neut(13)] = 0.0003035123
E[P_neut(14)] = 0.0002999252
E[P_neut(15)] = 0.0002962331
E[P_neut(16)] = 0.0002970913
E[P_neut(17)] = 0.0003118579
E[P_neut(18)] = 0.0003639788
E[P_neut(19)] = 0.0004934774

---- Expected P_sel(i), 0 < i < n (selected SFS per site) 
E[P_sel(1)] = 0.0018958333
E[P_sel(2)] = 0.0007097397
E[P_sel(3)] = 0.0003844155
E[P_sel(4)] = 0.0002517947
E[P_sel(5)] = 0.0001800251
E[P_sel(6)] = 0.0001345073
E[P_sel(7)] = 0.0001050257
E[P_sel(8)] = 0.0000856909
E[P_sel(9)] = 0.0000731379
E[P_sel(10)] = 0.0000646219
E[P_sel(11)] = 0.0000591883
E[P_sel(12)] = 0.0000563427
E[P_sel(13)] = 0.0000543804
E[P_sel(14)] = 0.0000532801
E[P_sel(15)] = 0.0000522085
E[P_sel(16)] = 0.0000519740
E[P_sel(17)] = 0.0000541806
E[P_sel(18)] = 0.0000628250
E[P_sel(19)] = 0.0000846543

---- alpha_dfe = 0.000000

