---- Running command
---- ./polyDFE -d output/tetraploid/polydfe/pendula_north/spectra/sfs.txt -m C -i resources/polydfe/init_model_C.txt 3 -v 100 
---- Performing inference using model C

---- Performing inference on output/tetraploid/polydfe/pendula_north/spectra/sfs.txt
----      with -i resources/polydfe/init_model_C.txt 3
---- Data output/tetraploid/polydfe/pendula_north/spectra/sfs.txt does not contain divergence counts. Using option -w.
---- No mutation variability. Using Poisson likelihood.


---- Using provided initial values

-- Starting local optimization
-- Optimizing all parameters
  it        eps_an     theta_bar           S_d             b           p_b           S_b           r 2           r 3           r 4           r 5           r 6           r 7           r 8           r 9          r 10          r 11          r 12          r 13          r 14          r 15          r 16          r 17          r 18          r 19           ln lk          grad status 
   0          0.05         0.001          -400           0.4          0.02             4             1             1             1             1             1             1             1             1             1             1             1             1             1             1             1             1             1             1 -9112.579016888 87.1049016691   -2 
 100 0.00931786214 0.00730009872 -15459.385345 0.21956795094 0.07254880657 0.82811914900 0.86464328131 0.74821795476 0.67801177202 0.62138756554 0.56825208133 0.52437281918 0.49394406915 0.48116961095 0.47430211229 0.48058145413 0.50047443431 0.52369661147 0.55178115233 0.57657665997 0.60677640680 0.66093668180 0.78620765824 1.02557588380 -128.9191553291 0.04967556690   -2 
 200 0.00491790894 0.00726268199 -12169.271316 0.23619757262 0.08238443044 0.79929931865 0.86660554719 0.74899152347 0.67939631368 0.62307449300 0.56951461351 0.52616804589 0.49657231286 0.48108293343 0.47566039473 0.48202013605 0.50274539981 0.52706139808 0.55650656571 0.58335300412 0.61683761400 0.67762312288 0.81752214547 1.11464017276 -128.8245119657 0.00721305207   -2 
 300 0.00242962886 0.00723981986 -7979.2489241 0.26975603648 0.09922697661 0.64841190207 0.86881553161 0.75128123160 0.68105754818 0.62455116696 0.57013507976 0.52654573613 0.49755943661 0.48202940069 0.47676405354 0.48325330527 0.50412827884 0.52906860913 0.55940961725 0.58756621830 0.62326378602 0.68855722589 0.83904227059 1.16928883277 -128.7725925124 0.00756816665   -2 
 400 0.00220762064 0.00723929200 -7395.1014678 0.27719230989 0.10247049240 0.64123671709 0.86894322809 0.75133816718 0.68093685264 0.62431059662 0.57009063494 0.52707709311 0.49741984831 0.48171527625 0.47676418108 0.48323059920 0.50411092881 0.52859455827 0.55906301396 0.58732491328 0.62290697189 0.68852050158 0.83971366083 1.17202541024 -128.7677222994 0.00437035106   -2 
 500 0.00182472901 0.00723314067 -6753.2771247 0.28814744623 0.10814689231 0.57426971917 0.86937820079 0.75159417387 0.68091679608 0.62454805664 0.57066522844 0.52731960154 0.49740206592 0.48209524557 0.47699508291 0.48337294413 0.50458383892 0.52957799527 0.56025606484 0.58906309178 0.62521668836 0.69151652754 0.84448355739 1.18400015239 -128.7615951972 0.00347323671   -2 
 600 0.00169435477 0.00723068863 -6391.2409583 0.29233180150 0.10909957789 0.58326771009 0.86999746513 0.75203957450 0.68155801634 0.62484185846 0.57088576731 0.52757089182 0.49760209837 0.48225105294 0.47700475198 0.48348528703 0.50453172945 0.52946764831 0.56009679815 0.58880984383 0.62540865517 0.69142727104 0.84484323173 1.18560020742 -128.7592014548 0.00115227912   -2 
 700 0.00135800498 0.00723223415 -6143.4500901 0.30036496022 0.11362401964 0.53839562683 0.86969930430 0.75145390333 0.68102966351 0.62421516905 0.57023652001 0.52691389986 0.49707006655 0.48162881871 0.47650177456 0.48301163598 0.50414212329 0.52918150740 0.55997369478 0.58897429388 0.62576897870 0.69256123794 0.84737465756 1.19281986272 -128.7567975056 0.00342134574   -2 
 800 0.00130016430 0.00722736198 -5910.5548897 0.30098424239 0.11250058748 0.56062006967 0.87038425813 0.75237008296 0.68176912997 0.62493612950 0.57093855155 0.52765624941 0.49768850896 0.48224414215 0.47709457323 0.48356182601 0.50465781941 0.52967764707 0.56044056736 0.58939484862 0.62622728397 0.69299988416 0.84795816374 1.19393379029 -128.7551584056 0.00092209230   -2 
 900 0.00107600641 0.00722797805 -5991.2393353 0.30143826297 0.11341314440 0.54681304800 0.87003570921 0.75193012295 0.68135785082 0.62456651248 0.57052566816 0.52735492700 0.49745263688 0.48213494706 0.47685945575 0.48344857181 0.50454645032 0.52966296708 0.56053068311 0.58958825584 0.62680200072 0.69388024139 0.84978908465 1.19899436247 -128.7533555706 0.00099628697   -2 
1000 0.00104720807 0.00722543319 -5880.4696821 0.30144779709 0.11262840679 0.56135720579 0.87042777697 0.75245033754 0.68183327583 0.62504179259 0.57099932932 0.52771598451 0.49776992844 0.48239835764 0.47717846744 0.48372114027 0.50481945780 0.52990869104 0.56075586239 0.58980406038 0.62694921864 0.69404130935 0.84998189694 1.19932570650 -128.7529013233 0.00048982317   -2 
1100 0.00097941317 0.00722501379 -5916.2451848 0.30112735483 0.11267005447 0.55834920687 0.87036815130 0.75237908456 0.68177168180 0.62493432252 0.57094972313 0.52771241975 0.49772535217 0.48238989300 0.47720139455 0.48375556952 0.50488734366 0.52999778116 0.56088823445 0.59003837699 0.62715558753 0.69444962484 0.85070611237 1.20108602722 -128.7522583375 0.00070902909   -2 
1200 0.00088355608 0.00722474079 -5926.2857491 0.30088583542 0.11254297916 0.55984232268 0.87031298465 0.75229335031 0.68174730387 0.62497789574 0.57100415392 0.52771438265 0.49767117732 0.48243894244 0.47722937440 0.48379875124 0.50492138929 0.53008971067 0.56099771867 0.59017494308 0.62735801598 0.69482491810 0.85138504493 1.20310686656 -128.7514292239 0.00103058382   -2 
1300 0.00084774567 0.00722457865 -5958.3221328 0.30083110483 0.11272480522 0.55709910911 0.87028057985 0.75229929634 0.68168585391 0.62491651875 0.57094506382 0.52767125716 0.49779620334 0.48235708462 0.47717833894 0.48376844440 0.50492563245 0.53007427435 0.56102151702 0.59023950003 0.62744867744 0.69497388150 0.85167726045 1.20380839524 -128.7511331425 0.00160656757   -2 
1364 0.00084103163 0.00722464708 -5941.5148672 0.30081615629 0.11259561172 0.55937427837 0.87029353224 0.75228755709 0.68173120213 0.62493192117 0.57091994771 0.52768263645 0.49774288679 0.48239976387 0.47719804250 0.48376636789 0.50490949671 0.53004590768 0.56097581082 0.59018970799 0.62741458349 0.69491990165 0.85166908581 1.20376528650 -128.7510425866 0.00009769018    0 
-- Found new optimum with likelihood -128.751042586678523 and gradient 0.00010

---- Best joint likelihood found -128.751042586678523 with gradient 0.00010

---- Results for output/tetraploid/polydfe/pendula_north/spectra/sfs.txt 
--  Model: C
--        eps_an     theta_bar             a 
-- 0.00084103163 0.00722464708            -1 
--           S_d             b           p_b           S_b 
-- -5941.5148672 0.30081615629 0.11259561172 0.55937427837 
--           r 2           r 3           r 4           r 5           r 6           r 7           r 8           r 9          r 10          r 11          r 12          r 13          r 14          r 15          r 16          r 17          r 18          r 19 
-- 0.87029353224 0.75228755709 0.68173120213 0.62493192117 0.57091994771 0.52768263645 0.49774288679 0.48239976387 0.47719804250 0.48376636789 0.50490949671 0.53004590768 0.56097581082 0.59018970799 0.62741458349 0.69491990165 0.85166908581 1.20376528650 

---- Expected P_neut(i), 0 < i < n (neutral SFS per site) 
E[P_neut(1)] = 0.0072189559
E[P_neut(2)] = 0.0031414253
E[P_neut(3)] = 0.0018103954
E[P_neut(4)] = 0.0012305195
E[P_neut(5)] = 0.0009024622
E[P_neut(6)] = 0.0006871145
E[P_neut(7)] = 0.0005444070
E[P_neut(8)] = 0.0004493797
E[P_neut(9)] = 0.0003871824
E[P_neut(10)] = 0.0003447587
E[P_neut(11)] = 0.0003177895
E[P_neut(12)] = 0.0003041051
E[P_neut(13)] = 0.0002947791
E[P_neut(14)] = 0.0002898241
E[P_neut(15)] = 0.0002847812
E[P_neut(16)] = 0.0002841004
E[P_neut(17)] = 0.0002966018
E[P_neut(18)] = 0.0003441903
E[P_neut(19)] = 0.0004634164

---- Expected P_sel(i), 0 < i < n (selected SFS per site) 
E[P_sel(1)] = 0.0018836281
E[P_sel(2)] = 0.0006936743
E[P_sel(3)] = 0.0003760079
E[P_sel(4)] = 0.0002473489
E[P_sel(5)] = 0.0001778321
E[P_sel(6)] = 0.0001336878
E[P_sel(7)] = 0.0001050663
E[P_sel(8)] = 0.0000863017
E[P_sel(9)] = 0.0000741683
E[P_sel(10)] = 0.0000659958
E[P_sel(11)] = 0.0000608819
E[P_sel(12)] = 0.0000583798
E[P_sel(13)] = 0.0000567665
E[P_sel(14)] = 0.0000560401
E[P_sel(15)] = 0.0000553374
E[P_sel(16)] = 0.0000555234
E[P_sel(17)] = 0.0000583497
E[P_sel(18)] = 0.0000682332
E[P_sel(19)] = 0.0000928724

---- alpha_dfe = 0.736878

