---- Running command
---- ./polyDFE -d output/tetraploid/polydfe/pendula_north/spectra/sfs.txt -m C -i resources/polydfe/init_model_C.txt 1 -v 100 
---- Performing inference using model C

---- Performing inference on output/tetraploid/polydfe/pendula_north/spectra/sfs.txt
----      with -i resources/polydfe/init_model_C.txt 1
---- Data output/tetraploid/polydfe/pendula_north/spectra/sfs.txt does not contain divergence counts. Using option -w.
---- No mutation variability. Using Poisson likelihood.


---- Using provided initial values

-- Starting local optimization
-- Optimizing all parameters
  it     theta_bar           S_d             b           p_b           S_b           r 2           r 3           r 4           r 5           r 6           r 7           r 8           r 9          r 10          r 11          r 12          r 13          r 14          r 15          r 16          r 17          r 18          r 19           ln lk          grad status 
   0         0.001          -400           0.4          0.02             4             1             1             1             1             1             1             1             1             1             1             1             1             1             1             1             1             1             1 -9090.909293149 87.1412619757   -2 
 100 0.00721677097 -15248.401744 0.20968576993 0.05786133315 1.30965865067 0.86751969487 0.75095699364 0.68248852289 0.62664726403 0.57293152798 0.53040136687 0.50069290774 0.48516951345 0.48014104982 0.48704070426 0.50824021510 0.53327350405 0.56402898607 0.59299834303 0.62999288760 0.69747894005 0.85511880472 1.21330466534 -128.8324033711 0.01224698789   -2 
 200 0.00723714509 -14414.091212 0.22601690227 0.07709526046 0.87446309554 0.86548614456 0.74833697984 0.67868404857 0.62260018997 0.56911280226 0.52671078559 0.49711674346 0.48204266794 0.47734938490 0.48356321715 0.50511649838 0.53030812948 0.56111675272 0.59031082204 0.62783797227 0.69624721909 0.85512252226 1.21593446780 -128.7859249668 0.00624800393   -2 
 300 0.00722280230 -11511.752447 0.23510654841 0.07867871711 0.90582969284 0.86782526822 0.75091976951 0.68114045940 0.62520844387 0.57150710109 0.52848631123 0.49871607539 0.48370831623 0.47861638590 0.48529911849 0.50649432429 0.53172561427 0.56273934222 0.59206777690 0.62950610673 0.69755247261 0.85610366151 1.21652176153 -128.7718119614 0.00535891355   -2 
 400 0.00722671619 -10944.666328 0.24165158454 0.08398789920 0.82304424420 0.86745975335 0.75030736515 0.68055480698 0.62449546037 0.57084445998 0.52792398944 0.49818817588 0.48299285953 0.47791439059 0.48458770976 0.50581858745 0.53105130148 0.56209686202 0.59149700877 0.62906043292 0.69731788218 0.85623189253 1.21717477453 -128.7642932676 0.00161843654   -2 
 500 0.00722158695 -6567.1724868 0.29114086662 0.10928557997 0.57779053353 0.86956565961 0.75172526342 0.68130163204 0.62463821190 0.57079018271 0.52766725375 0.49779309891 0.48250101465 0.47740309535 0.48408240909 0.50536207478 0.53069923419 0.56192416846 0.59159483401 0.62954213329 0.69837054149 0.85828871164 1.22122213710 -128.7450859151 0.00171091582   -2 
 600 0.00721924429 -6347.7516411 0.29258552028 0.10896179116 0.59387609186 0.87009044484 0.75223823563 0.68182693514 0.62510175570 0.57117635235 0.52796763814 0.49810104581 0.48279643671 0.47764065679 0.48428292064 0.50552767770 0.53082065241 0.56199050464 0.59159404667 0.62945727877 0.69816794609 0.85789800763 1.22059962483 -128.7442316576 0.00022595923   -2 
 619 0.00721941327 -6346.6524598 0.29265280012 0.10900188432 0.59375463778 0.87007585052 0.75222899025 0.68180014600 0.62508033985 0.57114570244 0.52796416789 0.49807162277 0.48277267603 0.47761981091 0.48426042077 0.50550211534 0.53079218470 0.56195900848 0.59155934244 0.62941941690 0.69812687068 0.85784962661 1.22053633245 -128.7442278470 0.00009429016    0 
-- Found new optimum with likelihood -128.744227847079941 and gradient 0.00009

---- Best joint likelihood found -128.744227847079941 with gradient 0.00009

---- Results for output/tetraploid/polydfe/pendula_north/spectra/sfs.txt 
--  Model: C
--        eps_an     theta_bar             a 
--             0 0.00721941327            -1 
--           S_d             b           p_b           S_b 
-- -6346.6524598 0.29265280012 0.10900188432 0.59375463778 
--           r 2           r 3           r 4           r 5           r 6           r 7           r 8           r 9          r 10          r 11          r 12          r 13          r 14          r 15          r 16          r 17          r 18          r 19 
-- 0.87007585052 0.75222899025 0.68180014600 0.62508033985 0.57114570244 0.52796416789 0.49807162277 0.48277267603 0.47761981091 0.48426042077 0.50550211534 0.53079218470 0.56195900848 0.59155934244 0.62941941690 0.69812687068 0.85784962661 1.22053633245 

---- Expected P_neut(i), 0 < i < n (neutral SFS per site) 
E[P_neut(1)] = 0.0072194133
E[P_neut(2)] = 0.0031407186
E[P_neut(3)] = 0.0018102173
E[P_neut(4)] = 0.0012305493
E[P_neut(5)] = 0.0009025427
E[P_neut(6)] = 0.0006872228
E[P_neut(7)] = 0.0005445131
E[P_neut(8)] = 0.0004494731
E[P_neut(9)] = 0.0003872595
E[P_neut(10)] = 0.0003448135
E[P_neut(11)] = 0.0003178251
E[P_neut(12)] = 0.0003041191
E[P_neut(13)] = 0.0002947699
E[P_neut(14)] = 0.0002897867
E[P_neut(15)] = 0.0002847141
E[P_neut(16)] = 0.0002840024
E[P_neut(17)] = 0.0002964745
E[P_neut(18)] = 0.0003440651
E[P_neut(19)] = 0.0004637661

---- Expected P_sel(i), 0 < i < n (selected SFS per site) 
E[P_sel(1)] = 0.0018835107
E[P_sel(2)] = 0.0006938674
E[P_sel(3)] = 0.0003760587
E[P_sel(4)] = 0.0002473449
E[P_sel(5)] = 0.0001778039
E[P_sel(6)] = 0.0001336572
E[P_sel(7)] = 0.0001050380
E[P_sel(8)] = 0.0000862776
E[P_sel(9)] = 0.0000741489
E[P_sel(10)] = 0.0000659807
E[P_sel(11)] = 0.0000608722
E[P_sel(12)] = 0.0000583758
E[P_sel(13)] = 0.0000567694
E[P_sel(14)] = 0.0000560505
E[P_sel(15)] = 0.0000553560
E[P_sel(16)] = 0.0000555504
E[P_sel(17)] = 0.0000583839
E[P_sel(18)] = 0.0000682653
E[P_sel(19)] = 0.0000927713

---- alpha_dfe = 0.723417

