****                   ADMIXTURE Version 1.3.0                  ****
****                    Copyright 2008-2015                     ****
****           David Alexander, Suyash Shringarpure,            ****
****                John  Novembre, Ken Lange                   ****
****                                                            ****
****                 Please cite our paper!                     ****
****   Information at www.genetics.ucla.edu/software/admixture  ****

Cross-validation will be performed.  Folds=5.
Random seed: 43
Point estimation method: Block relaxation algorithm
Convergence acceleration algorithm: QuasiNewton, 3 secant conditions
Point estimation will terminate when objective function delta < 0.0001
Estimation of standard errors disabled; will compute point estimates only.
Size of G: 155x25211
Performing five EM steps to prime main algorithm
1 (EM) 	Elapsed: 0.213	Loglikelihood: -1.01481e+06	(delta): 5.55135e+06
2 (EM) 	Elapsed: 0.21	Loglikelihood: -973001	(delta): 41813.2
3 (EM) 	Elapsed: 0.209	Loglikelihood: -965279	(delta): 7722.43
4 (EM) 	Elapsed: 0.219	Loglikelihood: -961793	(delta): 3485.49
5 (EM) 	Elapsed: 0.207	Loglikelihood: -960177	(delta): 1616.53
Initial loglikelihood: -960177
Starting main algorithm
1 (QN/Block) 	Elapsed: 0.67	Loglikelihood: -956610	(delta): 3566.52
2 (QN/Block) 	Elapsed: 0.64	Loglikelihood: -955536	(delta): 1073.77
3 (QN/Block) 	Elapsed: 0.705	Loglikelihood: -955079	(delta): 456.983
4 (QN/Block) 	Elapsed: 0.73	Loglikelihood: -954855	(delta): 224.692
5 (QN/Block) 	Elapsed: 0.814	Loglikelihood: -954784	(delta): 70.7217
6 (QN/Block) 	Elapsed: 0.784	Loglikelihood: -954773	(delta): 11.0882
7 (QN/Block) 	Elapsed: 0.777	Loglikelihood: -954767	(delta): 5.79459
8 (QN/Block) 	Elapsed: 0.816	Loglikelihood: -954765	(delta): 2.38515
9 (QN/Block) 	Elapsed: 0.857	Loglikelihood: -954757	(delta): 7.88484
10 (QN/Block) 	Elapsed: 0.798	Loglikelihood: -954753	(delta): 3.7677
11 (QN/Block) 	Elapsed: 0.706	Loglikelihood: -954753	(delta): 0.139563
12 (QN/Block) 	Elapsed: 0.788	Loglikelihood: -954753	(delta): 0.0809669
13 (QN/Block) 	Elapsed: 0.786	Loglikelihood: -954753	(delta): 0.0615016
14 (QN/Block) 	Elapsed: 0.787	Loglikelihood: -954753	(delta): 0.0731423
15 (QN/Block) 	Elapsed: 0.85	Loglikelihood: -954753	(delta): 0.0446547
16 (QN/Block) 	Elapsed: 0.795	Loglikelihood: -954752	(delta): 0.0541442
17 (QN/Block) 	Elapsed: 0.792	Loglikelihood: -954752	(delta): 0.0997831
18 (QN/Block) 	Elapsed: 0.772	Loglikelihood: -954752	(delta): 0.20622
19 (QN/Block) 	Elapsed: 0.778	Loglikelihood: -954751	(delta): 0.984836
20 (QN/Block) 	Elapsed: 0.857	Loglikelihood: -954747	(delta): 4.29647
21 (QN/Block) 	Elapsed: 0.789	Loglikelihood: -954746	(delta): 1.22247
22 (QN/Block) 	Elapsed: 0.786	Loglikelihood: -954746	(delta): 0.00737009
23 (QN/Block) 	Elapsed: 0.782	Loglikelihood: -954746	(delta): 0.0124648
24 (QN/Block) 	Elapsed: 0.777	Loglikelihood: -954746	(delta): 0.0201821
25 (QN/Block) 	Elapsed: 0.775	Loglikelihood: -954746	(delta): 0.0311983
26 (QN/Block) 	Elapsed: 0.807	Loglikelihood: -954746	(delta): 0.0478763
27 (QN/Block) 	Elapsed: 0.886	Loglikelihood: -954745	(delta): 0.0945942
28 (QN/Block) 	Elapsed: 0.788	Loglikelihood: -954745	(delta): 0.165693
29 (QN/Block) 	Elapsed: 0.773	Loglikelihood: -954745	(delta): 0.39424
30 (QN/Block) 	Elapsed: 0.776	Loglikelihood: -954744	(delta): 1.27083
31 (QN/Block) 	Elapsed: 0.81	Loglikelihood: -954740	(delta): 3.20016
32 (QN/Block) 	Elapsed: 0.795	Loglikelihood: -954740	(delta): 0.15099
33 (QN/Block) 	Elapsed: 0.679	Loglikelihood: -954740	(delta): 0.000119311
34 (QN/Block) 	Elapsed: 0.705	Loglikelihood: -954740	(delta): 3.48315e-07
Summary: 
Converged in 34 iterations (28.945 sec)
Loglikelihood: -954740.293341
Fst divergences between estimated populations: 
	Pop0	
Pop0	
Pop1	0.009	
CV error (K=2): 0.20466
Writing output files.
