****                   ADMIXTURE Version 1.3.0                  ****
****                    Copyright 2008-2015                     ****
****           David Alexander, Suyash Shringarpure,            ****
****                John  Novembre, Ken Lange                   ****
****                                                            ****
****                 Please cite our paper!                     ****
****   Information at www.genetics.ucla.edu/software/admixture  ****

Cross-validation will be performed.  Folds=5.
Random seed: 43
Point estimation method: Block relaxation algorithm
Convergence acceleration algorithm: QuasiNewton, 3 secant conditions
Point estimation will terminate when objective function delta < 0.0001
Estimation of standard errors disabled; will compute point estimates only.
Size of G: 155x25211
Performing five EM steps to prime main algorithm
1 (EM) 	Elapsed: 0.459	Loglikelihood: -1.05483e+06	(delta): 4.87239e+06
2 (EM) 	Elapsed: 0.47	Loglikelihood: -976101	(delta): 78733.7
3 (EM) 	Elapsed: 0.459	Loglikelihood: -963521	(delta): 12580.4
4 (EM) 	Elapsed: 0.509	Loglikelihood: -956813	(delta): 6707.51
5 (EM) 	Elapsed: 0.476	Loglikelihood: -952487	(delta): 4326.5
Initial loglikelihood: -952487
Starting main algorithm
1 (QN/Block) 	Elapsed: 1.17	Loglikelihood: -936551	(delta): 15935.8
2 (QN/Block) 	Elapsed: 1.216	Loglikelihood: -932089	(delta): 4461.64
3 (QN/Block) 	Elapsed: 1.246	Loglikelihood: -929612	(delta): 2476.8
4 (QN/Block) 	Elapsed: 1.249	Loglikelihood: -928816	(delta): 796.525
5 (QN/Block) 	Elapsed: 1.324	Loglikelihood: -928371	(delta): 444.728
6 (QN/Block) 	Elapsed: 1.269	Loglikelihood: -928201	(delta): 170.034
7 (QN/Block) 	Elapsed: 1.314	Loglikelihood: -928140	(delta): 61.0119
8 (QN/Block) 	Elapsed: 1.421	Loglikelihood: -928117	(delta): 23.1602
9 (QN/Block) 	Elapsed: 1.404	Loglikelihood: -928114	(delta): 3.01079
10 (QN/Block) 	Elapsed: 1.327	Loglikelihood: -928104	(delta): 9.40244
11 (QN/Block) 	Elapsed: 1.407	Loglikelihood: -928102	(delta): 2.67276
12 (QN/Block) 	Elapsed: 1.375	Loglikelihood: -928102	(delta): 0.0651262
13 (QN/Block) 	Elapsed: 1.242	Loglikelihood: -928102	(delta): 0.00856376
14 (QN/Block) 	Elapsed: 1.319	Loglikelihood: -928102	(delta): 0.000522487
15 (QN/Block) 	Elapsed: 1.287	Loglikelihood: -928102	(delta): 3.87719e-05
Summary: 
Converged in 15 iterations (22.978 sec)
Loglikelihood: -928101.674833
Fst divergences between estimated populations: 
	Pop0	Pop1	Pop2	
Pop0	
Pop1	0.016	
Pop2	0.015	0.015	
Pop3	0.018	0.017	0.017	
CV error (K=4): 0.22847
Writing output files.
