****                   ADMIXTURE Version 1.3.0                  ****
****                    Copyright 2008-2015                     ****
****           David Alexander, Suyash Shringarpure,            ****
****                John  Novembre, Ken Lange                   ****
****                                                            ****
****                 Please cite our paper!                     ****
****   Information at www.genetics.ucla.edu/software/admixture  ****

Cross-validation will be performed.  Folds=5.
Random seed: 43
Point estimation method: Block relaxation algorithm
Convergence acceleration algorithm: QuasiNewton, 3 secant conditions
Point estimation will terminate when objective function delta < 0.0001
Estimation of standard errors disabled; will compute point estimates only.
Size of G: 155x25211
Performing five EM steps to prime main algorithm
1 (EM) 	Elapsed: 0.326	Loglikelihood: -1.03985e+06	(delta): 5.11237e+06
2 (EM) 	Elapsed: 0.321	Loglikelihood: -975118	(delta): 64730.8
3 (EM) 	Elapsed: 0.323	Loglikelihood: -964088	(delta): 11029.5
4 (EM) 	Elapsed: 0.321	Loglikelihood: -958370	(delta): 5717.99
5 (EM) 	Elapsed: 0.325	Loglikelihood: -955034	(delta): 3336.17
Initial loglikelihood: -955034
Starting main algorithm
1 (QN/Block) 	Elapsed: 0.916	Loglikelihood: -945744	(delta): 9289.73
2 (QN/Block) 	Elapsed: 0.859	Loglikelihood: -943070	(delta): 2674.46
3 (QN/Block) 	Elapsed: 0.955	Loglikelihood: -941675	(delta): 1395.07
4 (QN/Block) 	Elapsed: 0.996	Loglikelihood: -941098	(delta): 576.96
5 (QN/Block) 	Elapsed: 0.991	Loglikelihood: -940804	(delta): 293.839
6 (QN/Block) 	Elapsed: 1	Loglikelihood: -940706	(delta): 98.5892
7 (QN/Block) 	Elapsed: 0.967	Loglikelihood: -940670	(delta): 35.2955
8 (QN/Block) 	Elapsed: 1.007	Loglikelihood: -940652	(delta): 18.1113
9 (QN/Block) 	Elapsed: 0.966	Loglikelihood: -940648	(delta): 4.10222
10 (QN/Block) 	Elapsed: 1.1	Loglikelihood: -940640	(delta): 7.7373
11 (QN/Block) 	Elapsed: 1.065	Loglikelihood: -940633	(delta): 6.96377
12 (QN/Block) 	Elapsed: 1.125	Loglikelihood: -940628	(delta): 5.27354
13 (QN/Block) 	Elapsed: 0.992	Loglikelihood: -940628	(delta): 0.105893
14 (QN/Block) 	Elapsed: 1.007	Loglikelihood: -940628	(delta): 0.0147807
15 (QN/Block) 	Elapsed: 1.017	Loglikelihood: -940628	(delta): 0.00188863
16 (QN/Block) 	Elapsed: 0.974	Loglikelihood: -940628	(delta): 0.000129301
17 (QN/Block) 	Elapsed: 0.95	Loglikelihood: -940628	(delta): 1.51797e-05
Summary: 
Converged in 17 iterations (19.492 sec)
Loglikelihood: -940627.919936
Fst divergences between estimated populations: 
	Pop0	Pop1	
Pop0	
Pop1	0.012	
Pop2	0.013	0.012	
CV error (K=3): 0.21655
Writing output files.
