****                   ADMIXTURE Version 1.3.0                  ****
****                    Copyright 2008-2015                     ****
****           David Alexander, Suyash Shringarpure,            ****
****                John  Novembre, Ken Lange                   ****
****                                                            ****
****                 Please cite our paper!                     ****
****   Information at www.genetics.ucla.edu/software/admixture  ****

Cross-validation will be performed.  Folds=5.
Random seed: 43
Point estimation method: Block relaxation algorithm
Convergence acceleration algorithm: QuasiNewton, 3 secant conditions
Point estimation will terminate when objective function delta < 0.0001
Estimation of standard errors disabled; will compute point estimates only.
Size of G: 155x25211
Performing five EM steps to prime main algorithm
1 (EM) 	Elapsed: 0.114	Loglikelihood: -971685	(delta): 6.703e+06
2 (EM) 	Elapsed: 0.11	Loglikelihood: -971685	(delta): 0
3 (EM) 	Elapsed: 0.111	Loglikelihood: -971685	(delta): 0
4 (EM) 	Elapsed: 0.115	Loglikelihood: -971685	(delta): 0
5 (EM) 	Elapsed: 0.112	Loglikelihood: -971685	(delta): 0
Initial loglikelihood: -971685
Starting main algorithm
1 (QN/Block) 	Elapsed: 0.386	Loglikelihood: -971685	(delta): 0
Summary: 
Converged in 1 iterations (1.215 sec)
Loglikelihood: -971685.381912
CV error (K=1): 0.19122
Writing output files.
