---- Running command
---- ./polyDFE -d output/tetraploid/polydfe/pubescens_north/spectra/sfs.txt -m B -i resources/polydfe/init_model_B.txt 4 -v 100 
---- Performing inference using model B

---- Performing inference on output/tetraploid/polydfe/pubescens_north/spectra/sfs.txt
----      with -i resources/polydfe/init_model_B.txt 4
---- Data output/tetraploid/polydfe/pubescens_north/spectra/sfs.txt does not contain divergence counts. Using option -w.
---- No mutation variability. Using Poisson likelihood.


---- Using provided initial values

-- Starting local optimization
-- Optimizing all parameters
  it        eps_an     theta_bar           S_d             b           r 2           r 3           r 4           r 5           r 6           r 7           r 8           r 9          r 10          r 11          r 12          r 13          r 14          r 15          r 16          r 17          r 18          r 19           ln lk          grad status 
   0          0.05         0.001          -400           0.4             1             1             1             1             1             1             1             1             1             1             1             1             1             1             1             1             1             1 -49825.36214178 277.882755562   -2 
 100 0.00173983777 0.02182227533 -60543.376734 0.13505811680 0.71267633903 0.62626823140 0.57395247558 0.51208664759 0.46304336092 0.41813329228 0.39110229374 0.37836393960 0.38540023401 0.39638384392 0.41252779309 0.42817945810 0.43843771950 0.43190478593 0.39787942180 0.32684966981 0.23622353185 0.10747198585 -162.4680250142 0.22740351051   -2 
 200 0.00202559374 0.02185686558 -89379.083867 0.12927914451 0.71082245402 0.62253383248 0.56809932202 0.51288979073 0.46050964640 0.41611124882 0.38831614957 0.37654774723 0.38259532977 0.39306486189 0.41039765725 0.42672275525 0.43593781782 0.42737320523 0.39358793109 0.32787995358 0.22950492259 0.10173823487 -159.7392604952 0.14333608269   -2 
 300 0.00300400768 0.02193400417 -97040.619722 0.12848217320 0.71128287155 0.62287331300 0.56691984430 0.51233345682 0.45807066979 0.41515674793 0.38827666844 0.37549302876 0.38130198648 0.39236086336 0.40884106082 0.42463101734 0.43420150292 0.42506662211 0.38943986290 0.32105858158 0.22366352921 0.08120946764 -159.1644101997 0.07995626908   -2 
 400 0.00399545697 0.02195372027 -99159.547555 0.12816499558 0.71038031661 0.62253437888 0.56716459995 0.51225301916 0.45903750345 0.41445038623 0.38750143561 0.37558408387 0.38083097660 0.39157488660 0.40778832459 0.42362996637 0.43236135944 0.42334772136 0.38660960207 0.31852500650 0.21650021846 0.05640217251 -159.0266097839 0.02165201197   -2 
 495 0.00398830255 0.02195279900 -99228.962278 0.12816234922 0.71034884866 0.62233415841 0.56676930526 0.51226550915 0.45866597543 0.41474515449 0.38738134056 0.37578332183 0.38074040613 0.39188145790 0.40838735883 0.42382270142 0.43286563462 0.42398160115 0.38724469864 0.31907961454 0.21734593800 0.05689378494 -159.0184262206 0.00254798112   -8 
-- Local optimization: reached maximum number of likelihood evaluations allowed.
-- Found new optimum with likelihood -159.018426220654874 and gradient 0.00255

---- Best joint likelihood found -159.018426220654874 with gradient 0.00255

---- Results for output/tetraploid/polydfe/pubescens_north/spectra/sfs.txt 
--  Model: B
--        eps_an     theta_bar             a 
-- 0.00398830255 0.02195279900            -1 
--           S_d             b           p_b           S_b 
-- -99228.962278 0.12816234922             0             0 
--           r 2           r 3           r 4           r 5           r 6           r 7           r 8           r 9          r 10          r 11          r 12          r 13          r 14          r 15          r 16          r 17          r 18          r 19 
-- 0.71034884866 0.62233415841 0.56676930526 0.51226550915 0.45866597543 0.41474515449 0.38738134056 0.37578332183 0.38074040613 0.39188145790 0.40838735883 0.42382270142 0.43286563462 0.42398160115 0.38724469864 0.31907961454 0.21734593800 0.05689378494 

---- Expected P_neut(i), 0 < i < n (neutral SFS per site) 
E[P_neut(1)] = 0.0218655068
E[P_neut(2)] = 0.0077670329
E[P_neut(3)] = 0.0045374729
E[P_neut(4)] = 0.0031002564
E[P_neut(5)] = 0.0022426369
E[P_neut(6)] = 0.0016741810
E[P_neut(7)] = 0.0012983550
E[P_neut(8)] = 0.0010617531
E[P_neut(9)] = 0.0009160741
E[P_neut(10)] = 0.0008358318
E[P_neut(11)] = 0.0007826179
E[P_neut(12)] = 0.0007483637
E[P_neut(13)] = 0.0007180327
E[P_neut(14)] = 0.0006827440
E[P_neut(15)] = 0.0006270010
E[P_neut(16)] = 0.0005416058
E[P_neut(17)] = 0.0004285600
E[P_neut(18)] = 0.0002951150
E[P_neut(19)] = 0.0001530279

---- Expected P_sel(i), 0 < i < n (selected SFS per site) 
E[P_sel(1)] = 0.0062512898
E[P_sel(2)] = 0.0019537153
E[P_sel(3)] = 0.0010754671
E[P_sel(4)] = 0.0007073416
E[P_sel(5)] = 0.0004976153
E[P_sel(6)] = 0.0003634452
E[P_sel(7)] = 0.0002768395
E[P_sel(8)] = 0.0002229715
E[P_sel(9)] = 0.0001898591
E[P_sel(10)] = 0.0001712260
E[P_sel(11)] = 0.0001586709
E[P_sel(12)] = 0.0001503165
E[P_sel(13)] = 0.0001430147
E[P_sel(14)] = 0.0001349654
E[P_sel(15)] = 0.0001231432
E[P_sel(16)] = 0.0001058552
E[P_sel(17)] = 0.0000836854
E[P_sel(18)] = 0.0000585792
E[P_sel(19)] = 0.0000375465

---- alpha_dfe = 0.000000

