---- Running command
---- ./polyDFE -d output/tetraploid/polydfe/pubescens_north/spectra/sfs.txt -m B -i resources/polydfe/init_model_B.txt 3 -v 100 
---- Performing inference using model B

---- Performing inference on output/tetraploid/polydfe/pubescens_north/spectra/sfs.txt
----      with -i resources/polydfe/init_model_B.txt 3
---- Data output/tetraploid/polydfe/pubescens_north/spectra/sfs.txt does not contain divergence counts. Using option -w.
---- No mutation variability. Using Poisson likelihood.


---- Using provided initial values

-- Starting local optimization
-- Optimizing all parameters
  it        eps_an     theta_bar           S_d             b           p_b           S_b           r 2           r 3           r 4           r 5           r 6           r 7           r 8           r 9          r 10          r 11          r 12          r 13          r 14          r 15          r 16          r 17          r 18          r 19           ln lk          grad status 
   0          0.05         0.001          -400           0.4          0.02             4             1             1             1             1             1             1             1             1             1             1             1             1             1             1             1             1             1             1 -48491.58303474 267.760290173   -2 
 100 0.00161315096 0.02234804690 -41967.470814 0.19657053977 0.09900510755 1.18626638070 0.70661386387 0.61518049545 0.55681998138 0.49457950456 0.44461387293 0.39574832012 0.36573219002 0.35419257213 0.35812464684 0.36485384878 0.37633141303 0.38736132071 0.39340302316 0.38433509768 0.35112288446 0.28624702602 0.20740769994 0.09961264639 -145.4118695808 0.30797750507   -2 
 200 0.00150999047 0.02261156760 -52041.933691 0.24276541627 0.15714315161 0.44260021896 0.69671999855 0.60309189522 0.54417679167 0.48792949091 0.43220567190 0.38900651169 0.36120756515 0.34818110436 0.35035430649 0.35912692871 0.37216944818 0.38478027918 0.39223942667 0.38239234863 0.34972781357 0.29168002707 0.20563892154 0.09504527811 -144.0367677401 0.08519251427   -2 
 300 0.00142294175 0.02259513667 -51361.192867 0.25729219379 0.16966901619 0.27014478817 0.69599895508 0.60178142530 0.54282713504 0.48660195798 0.43295688846 0.38913802158 0.36146637716 0.34902425901 0.35196199227 0.36073542053 0.37450954318 0.38736117006 0.39468336358 0.38625342865 0.35362969053 0.29442900606 0.21071302685 0.10249046708 -143.8209698754 0.00748609508   -2 
 400 0.00135703984 0.02259159317 -50155.834671 0.26069715129 0.17171057438 0.24987314309 0.69589202208 0.60157550675 0.54262985464 0.48643186705 0.43293372387 0.38917768225 0.36154829998 0.34910718688 0.35211507508 0.36096490033 0.37480201889 0.38772939022 0.39511486523 0.38674258975 0.35416994347 0.29512174446 0.21177105330 0.10454209223 -143.8109814673 0.02014152371   -2 
 435 0.00134362312 0.02259610027 -50084.282156 0.26146033881 0.17219511635 0.24714179684 0.69575976531 0.60150432956 0.54254655918 0.48646739548 0.43280397970 0.38907381042 0.36145072544 0.34901715834 0.35202638293 0.36087376084 0.37471234772 0.38764325914 0.39503371653 0.38666345894 0.35412186717 0.29510798645 0.21151344753 0.10428749041 -143.8086482610 0.00378162458   -3 
-- Local optimization: stuck in the same solution
-- Found new optimum with likelihood -143.808648261089047 and gradient 0.00378

---- Best joint likelihood found -143.808648261089047 with gradient 0.00378

---- Results for output/tetraploid/polydfe/pubescens_north/spectra/sfs.txt 
--  Model: B
--        eps_an     theta_bar             a 
-- 0.00134362312 0.02259610027            -1 
--           S_d             b           p_b           S_b 
-- -50084.282156 0.26146033881 0.17219511635 0.24714179684 
--           r 2           r 3           r 4           r 5           r 6           r 7           r 8           r 9          r 10          r 11          r 12          r 13          r 14          r 15          r 16          r 17          r 18          r 19 
-- 0.69575976531 0.60150432956 0.54254655918 0.48646739548 0.43280397970 0.38907381042 0.36145072544 0.34901715834 0.35202638293 0.36087376084 0.37471234772 0.38764325914 0.39503371653 0.38666345894 0.35412186717 0.29510798645 0.21151344753 0.10428749041 

---- Expected P_neut(i), 0 < i < n (neutral SFS per site) 
E[P_neut(1)] = 0.0225659063
E[P_neut(2)] = 0.0078505236
E[P_neut(3)] = 0.0045249904
E[P_neut(4)] = 0.0030614131
E[P_neut(5)] = 0.0021962819
E[P_neut(6)] = 0.0016286137
E[P_neut(7)] = 0.0012551536
E[P_neut(8)] = 0.0010204984
E[P_neut(9)] = 0.0008760883
E[P_neut(10)] = 0.0007954423
E[P_neut(11)] = 0.0007414850
E[P_neut(12)] = 0.0007060102
E[P_neut(13)] = 0.0006745688
E[P_neut(14)] = 0.0006389206
E[P_neut(15)] = 0.0005846437
E[P_neut(16)] = 0.0005035569
E[P_neut(17)] = 0.0003978126
E[P_neut(18)] = 0.0002757262
E[P_neut(19)] = 0.0001542198

---- Expected P_sel(i), 0 < i < n (selected SFS per site) 
E[P_sel(1)] = 0.0060600097
E[P_sel(2)] = 0.0019306893
E[P_sel(3)] = 0.0010787453
E[P_sel(4)] = 0.0007180395
E[P_sel(5)] = 0.0005101333
E[P_sel(6)] = 0.0003759708
E[P_sel(7)] = 0.0002886413
E[P_sel(8)] = 0.0002341370
E[P_sel(9)] = 0.0002007639
E[P_sel(10)] = 0.0001822177
E[P_sel(11)] = 0.0001699076
E[P_sel(12)] = 0.0001619116
E[P_sel(13)] = 0.0001548949
E[P_sel(14)] = 0.0001469467
E[P_sel(15)] = 0.0001347243
E[P_sel(16)] = 0.0001163013
E[P_sel(17)] = 0.0000921295
E[P_sel(18)] = 0.0000641385
E[P_sel(19)] = 0.0000369791

---- alpha_dfe = 0.830082

