---- Running command
---- ./polyDFE -d output/tetraploid/polydfe/pubescens_north/spectra/sfs.txt -m B -i resources/polydfe/init_model_B.txt 1 -v 100 
---- Performing inference using model B

---- Performing inference on output/tetraploid/polydfe/pubescens_north/spectra/sfs.txt
----      with -i resources/polydfe/init_model_B.txt 1
---- Data output/tetraploid/polydfe/pubescens_north/spectra/sfs.txt does not contain divergence counts. Using option -w.
---- No mutation variability. Using Poisson likelihood.


---- Using provided initial values

-- Starting local optimization
-- Optimizing all parameters
  it     theta_bar           S_d             b           p_b           S_b           r 2           r 3           r 4           r 5           r 6           r 7           r 8           r 9          r 10          r 11          r 12          r 13          r 14          r 15          r 16          r 17          r 18          r 19           ln lk          grad status 
   0         0.001          -400           0.4          0.02             4             1             1             1             1             1             1             1             1             1             1             1             1             1             1             1             1             1             1 -47768.35236584 267.614807002   -2 
 100 0.02229381969 -29551.978032 0.20557052207 0.09959335504 1.10526920865 0.70999760923 0.61239398589 0.55659961567 0.49909126344 0.44459591402 0.39875423151 0.36942519674 0.35621094431 0.36131826331 0.36850749535 0.38121513189 0.39403919312 0.40175393500 0.39194275086 0.35010773858 0.29627106984 0.22192263381 0.13302869718 -145.7427549042 0.20560332962   -2 
 200 0.02255111045 -42594.254303 0.26254352894 0.16864056432 0.30665999504 0.69662428929 0.60267272260 0.54381018296 0.48684100764 0.43391413293 0.39001544634 0.36312143038 0.34963281599 0.35277686714 0.36188401536 0.37556098825 0.38902024561 0.39692388507 0.38729639392 0.35855251485 0.29936166377 0.21998502082 0.13009311862 -143.7896133740 0.09144238413   -2 
 300 0.02255722988 -38603.135799 0.27960156897 0.17805497239 0.22276289692 0.69604384030 0.60188667399 0.54308219084 0.48682123901 0.43325439693 0.38940974110 0.36186134092 0.34947259698 0.35260785202 0.36153015973 0.37557446104 0.38889306375 0.39660117570 0.38880298004 0.35746627332 0.30004545873 0.22068014657 0.13210494011 -143.7289767074 0.01203691349   -2 
 400 0.02256506807 -30320.161084 0.29951765710 0.18376861182 0.20378312268 0.69622121145 0.60172320258 0.54253363745 0.48645592400 0.43283800032 0.38920080059 0.36152221960 0.34918369683 0.35227664363 0.36129087089 0.37530044566 0.38851023005 0.39633307653 0.38862333593 0.35714715107 0.29983058413 0.22010924631 0.13172521444 -143.6824854291 0.00433712498   -2 
 500 0.02256719724 -9649.9651646 0.42868314035 0.20664436196 0.14433778625 0.69808480145 0.60315115381 0.54151308495 0.48429985941 0.43201713508 0.38880513479 0.35938582860 0.34791021187 0.35020267845 0.35953522563 0.37406608232 0.38536683607 0.39722121370 0.38557061362 0.35689186799 0.29718952727 0.22373393919 0.12955010346 -143.5190106037 0.10802777229   -2 
 600 0.02252043911 -1520.4225482 0.97052633216 0.22846001406 0.05046899310 0.70495621352 0.60649417165 0.54464912969 0.48692156853 0.43218603779 0.38765796770 0.35989366329 0.34745772179 0.35052886455 0.35929838824 0.37305768720 0.38639575907 0.39337488560 0.38670473229 0.35553112480 0.29850443104 0.21925328687 0.13083308796 -142.8682146034 0.02367245237   -2 
 700 0.02249347063 -1131.6260367 1.19718373925 0.23054042354 0.03498658395 0.70743919473 0.60771768069 0.54538621298 0.48735804408 0.43250145173 0.38825904812 0.36034728373 0.34779958966 0.35074497659 0.35960426569 0.37357143620 0.38678047134 0.39469853080 0.38719508175 0.35597004072 0.29904106140 0.21985449606 0.13162057391 -142.7756209427 0.01042335144   -2 
 800 0.02248542270 -761.79781808 1.82831138129 0.23308220191 0.01601181467 0.70930577487 0.60827382993 0.54519931530 0.48648048399 0.43253680884 0.38791569416 0.36010208904 0.34728102960 0.35050739658 0.35914072359 0.37304556632 0.38618843007 0.39411099146 0.38730798746 0.35578108548 0.29860432929 0.21989208396 0.13128520612 -142.6741001402 0.02451958129   -2 
 900 0.02248098206 -697.72428521 2.07771461577 0.23338227006 0.01268967392 0.71008478398 0.60843563324 0.54528787007 0.48693553520 0.43210145280 0.38775159667 0.35990321059 0.34738834585 0.35029219875 0.35925654409 0.37323088657 0.38647031515 0.39450717695 0.38701101869 0.35590046152 0.29910437991 0.21997443314 0.13166412094 -142.6520188245 0.00771418242   -2 
1000 0.02248144807 -603.82238636 2.74285762118 0.23391227080 0.00763064805 0.71078270958 0.60850103877 0.54509219084 0.48666408966 0.43180761683 0.38751089867 0.35967253219 0.34718017637 0.35014568628 0.35906046782 0.37308109474 0.38637641603 0.39437371226 0.38698390426 0.35589016194 0.29906585209 0.21986611332 0.13157474860 -142.6195434053 0.00233520136   -2 
1100 0.02248117611 -484.95461612 5.74896376665 0.23439260192 0.00160056824 0.71146596558 0.60846106798 0.54490877026 0.48638245087 0.43167548485 0.38727366567 0.35956996580 0.34704745178 0.34998970712 0.35898286589 0.37301896751 0.38626514022 0.39423088727 0.38692176673 0.35569816213 0.29921173653 0.21993858435 0.13180708303 -142.5796362188 0.00524082339   -2 
1200 0.02247951020 -483.12549123 5.82740346295 0.23439792220 0.00153110379 0.71151038534 0.60842521807 0.54485091390 0.48641132133 0.43163278331 0.38742190206 0.35959450388 0.34708304620 0.35008154734 0.35899671004 0.37305454687 0.38634957406 0.39436452809 0.38701873698 0.35590783929 0.29907566126 0.21982645246 0.13161214080 -142.5789620119 0.00154728925   -2 
1300 0.02247911472 -482.59040047 5.84691359715 0.23439143555 0.00151289751 0.71152381104 0.60848248029 0.54487519948 0.48643352302 0.43162529947 0.38740721759 0.35959534166 0.34710376692 0.35010103578 0.35903894912 0.37304084823 0.38635770266 0.39437359068 0.38697778964 0.35589485894 0.29909873384 0.21987013885 0.13160946263 -142.5788449470 0.00052313047   -2 
1400 0.02247975760 -482.11712905 5.89892048266 0.23440114730 0.00146537195 0.71149981505 0.60844299548 0.54485520455 0.48643371558 0.43161402995 0.38739364848 0.35956351240 0.34707356673 0.35007913355 0.35901714760 0.37303388314 0.38634144162 0.39435711829 0.38696746600 0.35587927213 0.29908255976 0.21986818849 0.13165077352 -142.5785632662 0.00058830680   -2 
1500 0.02247972743 -481.59485449 5.92750454443 0.23439983430 0.00143939375 0.71150023272 0.60846294054 0.54485501321 0.48640452994 0.43161354698 0.38738398348 0.35957195647 0.34708371262 0.35008227717 0.35901311333 0.37304588021 0.38634922280 0.39436493963 0.38697034724 0.35588683811 0.29909472930 0.21986669428 0.13160006368 -142.5784077948 0.00057901728   -2 
1600 0.02247951914 -481.31573700 5.94284420016 0.23439879270 0.00142577319 0.71151385212 0.60846102738 0.54486575330 0.48642282064 0.43162478028 0.38739336330 0.35958019972 0.34708616209 0.35009036512 0.35901543373 0.37305128374 0.38635688328 0.39437108307 0.38699226837 0.35588720335 0.29910513102 0.21989175595 0.13160841512 -142.5783261940 0.00048018182   -2 
1700 0.02247898391 -475.68932875 6.34110539731 0.23441502603 0.00110754968 0.71155408293 0.60847175160 0.54486644446 0.48642719850 0.43162171290 0.38741188103 0.35957391111 0.34710220501 0.35008317508 0.35904365576 0.37306587147 0.38637128827 0.39438373405 0.38701429730 0.35590970756 0.29909883650 0.21986568154 0.13163660164 -142.5764321580 0.00088310817   -2 
1741 0.02247942954 -475.92525566 6.34250438024 0.23442112424 0.00110662090 0.71153198411 0.60844889587 0.54485049130 0.48641024029 0.43161060798 0.38738792499 0.35957525315 0.34708168281 0.35008651548 0.35901599440 0.37305128150 0.38635674375 0.39437424455 0.38698598402 0.35589457095 0.29909893190 0.21987686162 0.13163164147 -142.5764201587 0.00017180263   -3 
-- Local optimization: stuck in the same solution
-- Found new optimum with likelihood -142.576420158755411 and gradient 0.00017

---- Best joint likelihood found -142.576420158755411 with gradient 0.00017

---- Results for output/tetraploid/polydfe/pubescens_north/spectra/sfs.txt 
--  Model: B
--        eps_an     theta_bar             a 
--             0 0.02247942954            -1 
--           S_d             b           p_b           S_b 
-- -475.92525566 6.34250438024 0.23442112424 0.00110662090 
--           r 2           r 3           r 4           r 5           r 6           r 7           r 8           r 9          r 10          r 11          r 12          r 13          r 14          r 15          r 16          r 17          r 18          r 19 
-- 0.71153198411 0.60844889587 0.54485049130 0.48641024029 0.43161060798 0.38738792499 0.35957525315 0.34708168281 0.35008651548 0.35901599440 0.37305128150 0.38635674375 0.39437424455 0.38698598402 0.35589457095 0.29909893190 0.21987686162 0.13163164147 

---- Expected P_neut(i), 0 < i < n (neutral SFS per site) 
E[P_neut(1)] = 0.0224794295
E[P_neut(2)] = 0.0079974166
E[P_neut(3)] = 0.0045591947
E[P_neut(4)] = 0.0030619821
E[P_neut(5)] = 0.0021868449
E[P_neut(6)] = 0.0016170600
E[P_neut(7)] = 0.0012440371
E[P_neut(8)] = 0.0010103808
E[P_neut(9)] = 0.0008669109
E[P_neut(10)] = 0.0007869745
E[P_neut(11)] = 0.0007336795
E[P_neut(12)] = 0.0006988317
E[P_neut(13)] = 0.0006680830
E[P_neut(14)] = 0.0006332363
E[P_neut(15)] = 0.0005799483
E[P_neut(16)] = 0.0005000192
E[P_neut(17)] = 0.0003955043
E[P_neut(18)] = 0.0002745948
E[P_neut(19)] = 0.0001557371

---- Expected P_sel(i), 0 < i < n (selected SFS per site) 
E[P_sel(1)] = 0.0060839032
E[P_sel(2)] = 0.0018905390
E[P_sel(3)] = 0.0010694271
E[P_sel(4)] = 0.0007178990
E[P_sel(5)] = 0.0005127124
E[P_sel(6)] = 0.0003791332
E[P_sel(7)] = 0.0002916824
E[P_sel(8)] = 0.0002369045
E[P_sel(9)] = 0.0002032704
E[P_sel(10)] = 0.0001845321
E[P_sel(11)] = 0.0001720398
E[P_sel(12)] = 0.0001638727
E[P_sel(13)] = 0.0001566664
E[P_sel(14)] = 0.0001484987
E[P_sel(15)] = 0.0001360059
E[P_sel(16)] = 0.0001172645
E[P_sel(17)] = 0.0000927561
E[P_sel(18)] = 0.0000644014
E[P_sel(19)] = 0.0000365263

---- alpha_dfe = 1.000000

