---- Running command
---- ./polyDFE -d output/tetraploid/polydfe/pubescens_north/spectra/sfs.txt -m C -i resources/polydfe/init_model_C.txt 2 -v 100 
---- Performing inference using model C

---- Performing inference on output/tetraploid/polydfe/pubescens_north/spectra/sfs.txt
----      with -i resources/polydfe/init_model_C.txt 2
---- Data output/tetraploid/polydfe/pubescens_north/spectra/sfs.txt does not contain divergence counts. Using option -w.
---- No mutation variability. Using Poisson likelihood.


---- Using provided initial values

-- Starting local optimization
-- Optimizing all parameters
  it     theta_bar           S_d             b           r 2           r 3           r 4           r 5           r 6           r 7           r 8           r 9          r 10          r 11          r 12          r 13          r 14          r 15          r 16          r 17          r 18          r 19           ln lk          grad status 
   0         0.001          -400           0.4             1             1             1             1             1             1             1             1             1             1             1             1             1             1             1             1             1             1 -49146.72543954 278.142168025   -2 
 100 0.02183224190 -87977.437598 0.12964454601 0.71089872800 0.62347010181 0.56787676597 0.51335752102 0.46076219709 0.41594685632 0.38893271734 0.37733920265 0.38292730640 0.39438318943 0.41124308499 0.42744626006 0.43803899120 0.43154970984 0.39707202807 0.33400032193 0.24699694491 0.14926828734 -160.2006895685 0.07831970694   -2 
 200 0.02185500775 -98499.878320 0.12813334890 0.71038718535 0.62247635444 0.56710052405 0.51260081245 0.45908711604 0.41575581865 0.38829903421 0.37704725440 0.38205372334 0.39380513403 0.41051003098 0.42680834628 0.43752216467 0.43041115598 0.39700871665 0.33404740932 0.24662522216 0.14867587889 -159.4991456034 0.01479664136   -2 
 300 0.02185283351 -98591.805964 0.12812086695 0.71038061225 0.62242915827 0.56721997721 0.51274247115 0.45948997746 0.41565195170 0.38839043690 0.37692835542 0.38223704345 0.39357691943 0.41091372021 0.42699522632 0.43756491686 0.43068091753 0.39704628265 0.33461894405 0.24669168528 0.14797500767 -159.4921189341 0.00480502806   -2 
 400 0.02185462943 -99756.467894 0.12796630904 0.71031441129 0.62243972283 0.56708453634 0.51265359153 0.45935662211 0.41556678863 0.38830791634 0.37697908596 0.38215589047 0.39366655879 0.41071209056 0.42692662957 0.43726178417 0.43040527121 0.39697652676 0.33453951031 0.24654324422 0.14797946497 -159.4214311728 0.00126251254   -2 
 500 0.02185386861 -99961.048251 0.12793628602 0.71039005202 0.62244256120 0.56705872224 0.51264871022 0.45932868004 0.41560036890 0.38839071014 0.37691796062 0.38211495627 0.39360943047 0.41067351086 0.42686383412 0.43723424499 0.43034452062 0.39685368173 0.33462021418 0.24655375043 0.14814512034 -159.4093086798 0.00478575069   -2 
 526 0.02185505867 -99961.124606 0.12794059853 0.71030995346 0.62241745616 0.56706956724 0.51264283722 0.45933963783 0.41555350248 0.38829557814 0.37695755011 0.38214208639 0.39365113833 0.41069569548 0.42691015295 0.43724080577 0.43038589359 0.39695197725 0.33451084483 0.24653111185 0.14794135070 -159.4091569053 0.00008393343    0 
-- Found new optimum with likelihood -159.409156905326029 and gradient 0.00008

---- Best joint likelihood found -159.409156905326029 with gradient 0.00008

---- Results for output/tetraploid/polydfe/pubescens_north/spectra/sfs.txt 
--  Model: C
--        eps_an     theta_bar             a 
--             0 0.02185505867            -1 
--           S_d             b           p_b           S_b 
-- -99961.124606 0.12794059853             0             0 
--           r 2           r 3           r 4           r 5           r 6           r 7           r 8           r 9          r 10          r 11          r 12          r 13          r 14          r 15          r 16          r 17          r 18          r 19 
-- 0.71030995346 0.62241745616 0.56706956724 0.51264283722 0.45933963783 0.41555350248 0.38829557814 0.37695755011 0.38214208639 0.39365113833 0.41069569548 0.42691015295 0.43724080577 0.43038589359 0.39695197725 0.33451084483 0.24653111185 0.14794135070 

---- Expected P_neut(i), 0 < i < n (neutral SFS per site) 
E[P_neut(1)] = 0.0218550587
E[P_neut(2)] = 0.0077619329
E[P_neut(3)] = 0.0045343233
E[P_neut(4)] = 0.0030983347
E[P_neut(5)] = 0.0022407679
E[P_neut(6)] = 0.0016731491
E[P_neut(7)] = 0.0012974209
E[P_neut(8)] = 0.0010607778
E[P_neut(9)] = 0.0009153810
E[P_neut(10)] = 0.0008351738
E[P_neut(11)] = 0.0007821153
E[P_neut(12)] = 0.0007479815
E[P_neut(13)] = 0.0007177036
E[P_neut(14)] = 0.0006825660
E[P_neut(15)] = 0.0006270739
E[P_neut(16)] = 0.0005422130
E[P_neut(17)] = 0.0004300444
E[P_neut(18)] = 0.0002993307
E[P_neut(19)] = 0.0001701719

---- Expected P_sel(i), 0 < i < n (selected SFS per site) 
E[P_sel(1)] = 0.0062544797
E[P_sel(2)] = 0.0019548839
E[P_sel(3)] = 0.0010762217
E[P_sel(4)] = 0.0007079625
E[P_sel(5)] = 0.0004979842
E[P_sel(6)] = 0.0003638137
E[P_sel(7)] = 0.0002771004
E[P_sel(8)] = 0.0002231379
E[P_sel(9)] = 0.0001900267
E[P_sel(10)] = 0.0001713627
E[P_sel(11)] = 0.0001588068
E[P_sel(12)] = 0.0001504440
E[P_sel(13)] = 0.0001431093
E[P_sel(14)] = 0.0001350212
E[P_sel(15)] = 0.0001231295
E[P_sel(16)] = 0.0001057345
E[P_sel(17)] = 0.0000833205
E[P_sel(18)] = 0.0000576431
E[P_sel(19)] = 0.0000325828

---- alpha_dfe = 0.000000

