---- Running command
---- ./polyDFE -d output/tetraploid/polydfe/pubescens_north/spectra/sfs.txt -m C -i resources/polydfe/init_model_C.txt 1 -v 100 
---- Performing inference using model C

---- Performing inference on output/tetraploid/polydfe/pubescens_north/spectra/sfs.txt
----      with -i resources/polydfe/init_model_C.txt 1
---- Data output/tetraploid/polydfe/pubescens_north/spectra/sfs.txt does not contain divergence counts. Using option -w.
---- No mutation variability. Using Poisson likelihood.


---- Using provided initial values

-- Starting local optimization
-- Optimizing all parameters
  it     theta_bar           S_d             b           p_b           S_b           r 2           r 3           r 4           r 5           r 6           r 7           r 8           r 9          r 10          r 11          r 12          r 13          r 14          r 15          r 16          r 17          r 18          r 19           ln lk          grad status 
   0         0.001          -400           0.4          0.02             4             1             1             1             1             1             1             1             1             1             1             1             1             1             1             1             1             1             1 -47846.95614844 268.097758990   -2 
 100 0.02222763725 -30437.097525 0.18932459430 0.07767223944 1.68450576658 0.70824285737 0.61782545990 0.55961471533 0.50420498970 0.45100109888 0.40428339521 0.37476901699 0.36316723764 0.36328104739 0.36869765815 0.38160065459 0.39468760177 0.40217534430 0.39235763986 0.35569335406 0.30072424820 0.21372372549 0.12786745487 -147.3849770398 0.15056636648   -2 
 200 0.02258694357 -58372.018897 0.26636109675 0.17973832043 0.16172895017 0.69429175989 0.59992813295 0.54112520619 0.48526212551 0.43194676532 0.38857593386 0.36111285840 0.34904643132 0.35231631195 0.36128977837 0.37548914960 0.38881334868 0.39687893772 0.38947064913 0.35812069404 0.30063789569 0.22049433498 0.13181876479 -143.8196364708 0.00818538789   -2 
 300 0.02257773753 -52111.926378 0.26698820957 0.17723693600 0.19926051494 0.69496660224 0.60067251748 0.54185370400 0.48597663951 0.43242712417 0.38887645811 0.36145242776 0.34897549862 0.35231355927 0.36133613456 0.37541838681 0.38877645966 0.39644868459 0.38890061087 0.35736384961 0.30008993981 0.22043628320 0.13172690656 -143.7879351327 0.00455576519   -2 
 400 0.02257191765 -50297.790709 0.26752958958 0.17681797227 0.20167451686 0.69523505154 0.60098479091 0.54210807572 0.48616753957 0.43265395135 0.38915234162 0.36160141334 0.34934977954 0.35248413801 0.36151090212 0.37559022525 0.38886750997 0.39672063781 0.38901536333 0.35772407130 0.30032942075 0.22061319257 0.13181258637 -143.7814591170 0.00692067940   -2 
 452 0.02257313719 -50206.568828 0.26779644529 0.17693527735 0.20181147759 0.69518644765 0.60091249058 0.54205609041 0.48612587780 0.43263141461 0.38905921903 0.36157775384 0.34927913235 0.35243751724 0.36145995200 0.37553535773 0.38879604515 0.39666265209 0.38897781082 0.35745037235 0.30013977965 0.22042618578 0.13182371184 -143.7809504777 0.00074484598   -3 
-- Local optimization: stuck in the same solution
-- Found new optimum with likelihood -143.780950477785893 and gradient 0.00074

---- Best joint likelihood found -143.780950477785893 with gradient 0.00074

---- Results for output/tetraploid/polydfe/pubescens_north/spectra/sfs.txt 
--  Model: C
--        eps_an     theta_bar             a 
--             0 0.02257313719            -1 
--           S_d             b           p_b           S_b 
-- -50206.568828 0.26779644529 0.17693527735 0.20181147759 
--           r 2           r 3           r 4           r 5           r 6           r 7           r 8           r 9          r 10          r 11          r 12          r 13          r 14          r 15          r 16          r 17          r 18          r 19 
-- 0.69518644765 0.60091249058 0.54205609041 0.48612587780 0.43263141461 0.38905921903 0.36157775384 0.34927913235 0.35243751724 0.36145995200 0.37553535773 0.38879604515 0.39666265209 0.38897781082 0.35745037235 0.30013977965 0.22042618578 0.13182371184 

---- Expected P_neut(i), 0 < i < n (neutral SFS per site) 
E[P_neut(1)] = 0.0225731372
E[P_neut(2)] = 0.0078462695
E[P_neut(3)] = 0.0045214934
E[P_neut(4)] = 0.0030589766
E[P_neut(5)] = 0.0021946772
E[P_neut(6)] = 0.0016276414
E[P_neut(7)] = 0.0012546124
E[P_neut(8)] = 0.0010202430
E[P_neut(9)] = 0.0008760362
E[P_neut(10)] = 0.0007955620
E[P_neut(11)] = 0.0007417532
E[P_neut(12)] = 0.0007064176
E[P_neut(13)] = 0.0006751036
E[P_neut(14)] = 0.0006395657
E[P_neut(15)] = 0.0005853633
E[P_neut(16)] = 0.0005042985
E[P_neut(17)] = 0.0003985351
E[P_neut(18)] = 0.0002764284
E[P_neut(19)] = 0.0001566145

---- Expected P_sel(i), 0 < i < n (selected SFS per site) 
E[P_sel(1)] = 0.0060582751
E[P_sel(2)] = 0.0019318526
E[P_sel(3)] = 0.0010797164
E[P_sel(4)] = 0.0007187225
E[P_sel(5)] = 0.0005105760
E[P_sel(6)] = 0.0003762438
E[P_sel(7)] = 0.0002887969
E[P_sel(8)] = 0.0002342115
E[P_sel(9)] = 0.0002007790
E[P_sel(10)] = 0.0001821871
E[P_sel(11)] = 0.0001698361
E[P_sel(12)] = 0.0001618023
E[P_sel(13)] = 0.0001547506
E[P_sel(14)] = 0.0001467720
E[P_sel(15)] = 0.0001345286
E[P_sel(16)] = 0.0001160981
E[P_sel(17)] = 0.0000919298
E[P_sel(18)] = 0.0000639023
E[P_sel(19)] = 0.0000362906

---- alpha_dfe = 0.841343

