---- Running command
---- ./polyDFE -d output/tetraploid/polydfe/pubescens_north/spectra/sfs.txt -m C -i resources/polydfe/init_model_C.txt 3 -v 100 
---- Performing inference using model C

---- Performing inference on output/tetraploid/polydfe/pubescens_north/spectra/sfs.txt
----      with -i resources/polydfe/init_model_C.txt 3
---- Data output/tetraploid/polydfe/pubescens_north/spectra/sfs.txt does not contain divergence counts. Using option -w.
---- No mutation variability. Using Poisson likelihood.


---- Using provided initial values

-- Starting local optimization
-- Optimizing all parameters
  it        eps_an     theta_bar           S_d             b           p_b           S_b           r 2           r 3           r 4           r 5           r 6           r 7           r 8           r 9          r 10          r 11          r 12          r 13          r 14          r 15          r 16          r 17          r 18          r 19           ln lk          grad status 
   0          0.05         0.001          -400           0.4          0.02             4             1             1             1             1             1             1             1             1             1             1             1             1             1             1             1             1             1             1 -48567.27076388 268.231185942   -2 
 100 0.00166315354 0.02244271758 -36692.808584 0.20987514341 0.11206110774 1.00187242002 0.70711024169 0.61203115458 0.55221954332 0.49798462727 0.44610923502 0.39257652561 0.36360664835 0.35660076029 0.36037591524 0.36373341846 0.37595119980 0.38868856987 0.39495462420 0.38294632955 0.35077596109 0.29651508248 0.20067287834 0.08359738124 -145.9011194525 0.24905428458   -2 
 200 0.00158793331 0.02262685406 -48424.137267 0.27195007466 0.17854860500 0.20666472241 0.69470883796 0.59975170812 0.54159917002 0.48524716904 0.43227982847 0.38805297047 0.36155897861 0.34819198429 0.35112900225 0.36051519676 0.37428229947 0.38742904985 0.39458758967 0.38615675903 0.35310700997 0.29294036135 0.21098140475 0.09716851812 -143.8399154752 0.05083694624   -2 
 300 0.00148207895 0.02259985543 -45661.938550 0.27641761118 0.18048118181 0.17243786141 0.69540317517 0.60077555446 0.54201762819 0.48615146220 0.43262074930 0.38930448825 0.36121068859 0.34887342860 0.35186791894 0.36118948626 0.37491439050 0.38787480699 0.39552363343 0.38767193601 0.35463221570 0.29604627326 0.21205812025 0.10204490277 -143.8081529085 0.01893936753   -2 
 400 0.00068251398 0.02254612347 -10805.773270 0.39599230375 0.20015026108 0.13619829450 0.69887898364 0.60392761596 0.54463118644 0.48812186011 0.43385610317 0.39041543817 0.36301816782 0.35015973221 0.35119003704 0.36154071265 0.37547688060 0.38816277785 0.39617689314 0.38926771012 0.35630363913 0.30168120386 0.21502565577 0.11937105776 -143.5177114582 0.04490671613   -2 
 500 0.00063259830 0.02252806107 -5014.8063456 0.52098620037 0.21281484651 0.10330432787 0.70108920084 0.60453945192 0.54507375791 0.48767460870 0.43394693787 0.38953483404 0.36207078689 0.34944654723 0.35253061309 0.36130639749 0.37532593717 0.38861317121 0.39657771056 0.38876657089 0.35658030000 0.29815235161 0.21733714389 0.11953180827 -143.2588695354 0.02161594427   -2 
 600 0.00055800136 0.02248547966 -1253.1067295 1.07720007240 0.22894789338 0.04463213787 0.70726480597 0.60834404723 0.54680008363 0.48836444912 0.43267492225 0.38939881499 0.36154507025 0.34856098990 0.35196205068 0.36130253653 0.37499859436 0.38780407553 0.39540098221 0.38672915911 0.35498193108 0.29991660256 0.21739561218 0.12063983689 -142.8556346629 0.04884833685   -2 
 700 0.00050313518 0.02247555910 -832.70814349 1.60421316737 0.23238165963 0.01935402086 0.71024373614 0.60873787297 0.54606997366 0.48739649158 0.43267971979 0.38815702403 0.36031696745 0.34776153422 0.35034331068 0.35922352807 0.37401157953 0.38683733109 0.39428866864 0.38689935464 0.35513483596 0.29685069781 0.21670071558 0.12284756579 -142.7163003760 0.04045907704   -2 
 800 0.00040649789 0.02249137090 -596.57971556 2.83090590668 0.23398815782 0.00672963307 0.71077746702 0.60848006543 0.54506564795 0.48684229577 0.43164267650 0.38752601764 0.35962079435 0.34718637473 0.34992059682 0.35889399056 0.37261297816 0.38612608843 0.39380769809 0.38647597793 0.35476656060 0.29770666929 0.21771277220 0.12199161728 -142.6303916196 0.01401069776   -2 
 900 0.00037185548 0.02248382676 -547.25072070 3.48130811107 0.23408007632 0.00449718378 0.71139715366 0.60870256763 0.54513844137 0.48652905152 0.43179640541 0.38748927892 0.35973198904 0.34720329680 0.35015211080 0.35901659102 0.37303445879 0.38633931822 0.39418940391 0.38645363229 0.35531198504 0.29793702944 0.21786377639 0.12411630183 -142.6100561204 0.00619201645   -2 
1000 0.00035443995 0.02249086495 -541.01319158 3.68309935674 0.23424194645 0.00404397895 0.71097078835 0.60838570089 0.54494269217 0.48651052982 0.43150650994 0.38729064039 0.35941707072 0.34692673635 0.34991545186 0.35878751359 0.37276834569 0.38596359229 0.39383210277 0.38608354520 0.35509196860 0.29770678052 0.21748059798 0.12400892115 -142.6063100904 0.01205190448   -2 
1100 0.00024718250 0.02248702427 -501.10841064 4.90447058499 0.23435907241 0.00221517643 0.71124826576 0.60846234160 0.54478859175 0.48634440090 0.43159493164 0.38731824338 0.35946028224 0.34712023854 0.35002593224 0.35888073295 0.37291222358 0.38617874620 0.39418138799 0.38655779222 0.35508276496 0.29806871051 0.21819094200 0.12686361047 -142.5904994657 0.00665762231   -2 
1200 0.00011787984 0.02248209269 -471.11513786 6.75534473585 0.23443704764 0.00078652534 0.71155045282 0.60843784196 0.54483252237 0.48639135414 0.43158572109 0.38736231777 0.35954504319 0.34704650546 0.35004552140 0.35896834773 0.37299148198 0.38627714426 0.39426203247 0.38682147215 0.35564628988 0.29869848259 0.21912317334 0.12924565660 -142.5775478232 0.00016009838   -2 
1230 0.00011782614 0.02248205546 -471.08919283 6.75619959939 0.23443615604 0.00078613824 0.71155461052 0.60843923439 0.54483291646 0.48638999384 0.43158728258 0.38736031461 0.35954675507 0.34704885270 0.35004644490 0.35896986671 0.37299289090 0.38627880656 0.39426409827 0.38682366851 0.35564981182 0.29870287043 0.21912693967 0.12924382787 -142.5775438214 0.00008463734    0 
-- Found new optimum with likelihood -142.577543821446966 and gradient 0.00008

---- Best joint likelihood found -142.577543821446966 with gradient 0.00008

---- Results for output/tetraploid/polydfe/pubescens_north/spectra/sfs.txt 
--  Model: C
--        eps_an     theta_bar             a 
-- 0.00011782614 0.02248205546            -1 
--           S_d             b           p_b           S_b 
-- -471.08919283 6.75619959939 0.23443615604 0.00078613824 
--           r 2           r 3           r 4           r 5           r 6           r 7           r 8           r 9          r 10          r 11          r 12          r 13          r 14          r 15          r 16          r 17          r 18          r 19 
-- 0.71155461052 0.60843923439 0.54483291646 0.48638999384 0.43158728258 0.38736031461 0.35954675507 0.34704885270 0.35004644490 0.35896986671 0.37299289090 0.38627880656 0.39426409827 0.38682366851 0.35564981182 0.29870287043 0.21912693967 0.12924382787 

---- Expected P_neut(i), 0 < i < n (neutral SFS per site) 
E[P_neut(1)] = 0.0224794245
E[P_neut(2)] = 0.0079976949
E[P_neut(3)] = 0.0045591642
E[P_neut(4)] = 0.0030619390
E[P_neut(5)] = 0.0021868200
E[P_neut(6)] = 0.0016170456
E[P_neut(7)] = 0.0012440258
E[P_neut(8)] = 0.0010103820
E[P_neut(9)] = 0.0008669145
E[P_neut(10)] = 0.0007869764
E[P_neut(11)] = 0.0007336867
E[P_neut(12)] = 0.0006988406
E[P_neut(13)] = 0.0006680941
E[P_neut(14)] = 0.0006332493
E[P_neut(15)] = 0.0005799621
E[P_neut(16)] = 0.0005000356
E[P_neut(17)] = 0.0003955174
E[P_neut(18)] = 0.0002746004
E[P_neut(19)] = 0.0001555608

---- Expected P_sel(i), 0 < i < n (selected SFS per site) 
E[P_sel(1)] = 0.0060838895
E[P_sel(2)] = 0.0018904757
E[P_sel(3)] = 0.0010694384
E[P_sel(4)] = 0.0007179102
E[P_sel(5)] = 0.0005127195
E[P_sel(6)] = 0.0003791367
E[P_sel(7)] = 0.0002916829
E[P_sel(8)] = 0.0002369056
E[P_sel(9)] = 0.0002032703
E[P_sel(10)] = 0.0001845302
E[P_sel(11)] = 0.0001720381
E[P_sel(12)] = 0.0001638703
E[P_sel(13)] = 0.0001566635
E[P_sel(14)] = 0.0001484954
E[P_sel(15)] = 0.0001360023
E[P_sel(16)] = 0.0001172615
E[P_sel(17)] = 0.0000927531
E[P_sel(18)] = 0.0000643997
E[P_sel(19)] = 0.0000365777

---- alpha_dfe = 1.000000

